mode: set
coin/cmd/app/main.go:17.13,20.16 3 0
coin/cmd/app/main.go:20.16,22.3 1 0
coin/cmd/app/main.go:24.2,27.16 4 0
coin/cmd/app/main.go:27.16,29.3 1 0
coin/cmd/app/main.go:31.2,40.39 7 0
coin/cmd/app/main.go:40.39,42.3 1 0
coin/internal/api/http/middleware/auth.go:10.37,12.23 2 0
coin/internal/api/http/middleware/auth.go:12.23,16.3 3 0
coin/internal/api/http/middleware/auth.go:17.2,19.16 3 0
coin/internal/api/http/middleware/auth.go:19.16,23.3 3 0
coin/internal/api/http/middleware/auth.go:25.2,26.10 2 0
coin/internal/api/http/coin.go:19.63,23.2 1 0
coin/internal/api/http/coin.go:25.44,28.51 3 0
coin/internal/api/http/coin.go:28.51,32.3 3 0
coin/internal/api/http/coin.go:34.2,35.16 2 0
coin/internal/api/http/coin.go:35.16,39.3 3 0
coin/internal/api/http/coin.go:41.2,42.16 2 0
coin/internal/api/http/coin.go:42.16,46.3 3 0
coin/internal/api/http/coin.go:48.2,50.46 2 0
coin/internal/api/http/coin.go:54.47,57.9 3 0
coin/internal/api/http/coin.go:57.9,60.3 2 0
coin/internal/api/http/coin.go:61.2,62.9 2 0
coin/internal/api/http/coin.go:62.9,66.3 3 0
coin/internal/api/http/coin.go:67.2,68.20 2 0
coin/internal/api/http/coin.go:68.20,71.3 2 0
coin/internal/api/http/coin.go:72.2,73.16 2 0
coin/internal/api/http/coin.go:73.16,74.46 1 0
coin/internal/api/http/coin.go:74.46,77.4 2 0
coin/internal/api/http/coin.go:78.3,78.47 1 0
coin/internal/api/http/coin.go:78.47,81.4 2 0
coin/internal/api/http/coin.go:82.3,84.9 3 0
coin/internal/api/http/coin.go:86.2,86.84 1 0
coin/internal/api/http/coin.go:89.48,92.2 2 0
coin/internal/api/http/coin.go:94.44,97.9 3 0
coin/internal/api/http/coin.go:97.9,100.3 2 0
coin/internal/api/http/coin.go:101.2,102.9 2 0
coin/internal/api/http/coin.go:102.9,106.3 3 0
coin/internal/api/http/coin.go:107.2,108.16 2 0
coin/internal/api/http/coin.go:108.16,112.3 3 0
coin/internal/api/http/coin.go:113.2,117.4 1 0
coin/internal/api/http/coin.go:120.48,126.47 3 0
coin/internal/api/http/coin.go:126.47,129.3 2 0
coin/internal/api/http/coin.go:130.2,130.21 1 0
coin/internal/api/http/coin.go:130.21,133.3 2 0
coin/internal/api/http/coin.go:135.2,136.9 2 0
coin/internal/api/http/coin.go:136.9,139.3 2 0
coin/internal/api/http/coin.go:140.2,141.9 2 0
coin/internal/api/http/coin.go:141.9,144.3 2 0
coin/internal/api/http/coin.go:146.2,146.37 1 0
coin/internal/api/http/coin.go:146.37,149.3 2 0
coin/internal/api/http/coin.go:151.2,152.16 2 0
coin/internal/api/http/coin.go:152.16,153.47 1 0
coin/internal/api/http/coin.go:153.47,156.4 2 0
coin/internal/api/http/coin.go:157.3,159.9 3 0
coin/internal/api/http/coin.go:161.2,166.4 2 0
coin/internal/api/http/coin.go:169.50,172.9 3 0
coin/internal/api/http/coin.go:172.9,176.3 3 0
coin/internal/api/http/coin.go:177.2,178.9 2 0
coin/internal/api/http/coin.go:178.9,181.3 2 0
coin/internal/api/http/coin.go:182.2,183.16 2 0
coin/internal/api/http/coin.go:183.16,187.3 3 0
coin/internal/api/http/coin.go:188.2,189.54 2 0
coin/internal/api/http/coin.go:193.57,195.34 2 0
coin/internal/api/http/coin.go:195.34,197.3 1 0
coin/internal/api/http/coin.go:198.2,199.2 2 0
coin/internal/api/http/coin.go:199.2,206.3 6 0
coin/service/coin.go:13.56,17.2 1 0
coin/service/coin.go:21.79,24.16 3 0
coin/service/coin.go:24.16,26.3 1 0
coin/service/coin.go:27.2,27.90 1 0
coin/service/coin.go:27.90,29.17 2 0
coin/service/coin.go:29.17,32.4 2 0
coin/service/coin.go:33.3,34.17 2 0
coin/service/coin.go:34.17,37.4 2 0
coin/service/coin.go:39.2,39.18 1 0
coin/service/coin.go:42.57,45.16 3 0
coin/service/coin.go:45.16,48.3 2 0
coin/service/coin.go:49.2,50.12 2 0
coin/service/coin.go:53.86,56.16 3 0
coin/service/coin.go:56.16,58.3 1 0
coin/service/coin.go:60.2,61.16 2 0
coin/service/coin.go:61.16,64.3 2 0
coin/service/coin.go:65.2,65.26 1 0
coin/service/coin.go:65.26,67.3 1 0
coin/service/coin.go:68.2,70.16 3 0
coin/service/coin.go:70.16,73.3 2 0
coin/service/coin.go:75.2,75.18 1 0
coin/service/coin.go:78.47,80.2 1 0
coin/service/coin.go:82.106,85.16 3 0
coin/service/coin.go:85.16,88.3 2 0
coin/service/coin.go:89.2,91.16 3 0
coin/service/coin.go:91.16,94.3 2 0
coin/service/coin.go:96.2,96.25 1 0
coin/service/coin.go:96.25,98.3 1 0
coin/service/coin.go:100.2,100.29 1 0
coin/service/coin.go:100.29,102.3 1 0
coin/service/coin.go:103.2,104.16 2 0
coin/service/coin.go:104.16,107.3 2 0
coin/service/coin.go:108.2,108.37 1 0
coin/service/coin.go:111.83,114.16 3 0
coin/service/coin.go:114.16,117.3 2 0
coin/service/coin.go:118.2,119.16 2 0
coin/service/coin.go:119.16,122.3 2 0
coin/service/coin.go:123.2,123.24 1 0
coin/internal/database/postgres/mocks/coin.go:17.38,28.2 1 0
coin/internal/database/postgres/mocks/coin.go:30.70,32.9 2 0
coin/internal/database/postgres/mocks/coin.go:32.9,34.3 1 0
coin/internal/database/postgres/mocks/coin.go:36.2,36.18 1 0
coin/internal/database/postgres/mocks/coin.go:39.71,47.2 3 0
coin/internal/database/postgres/mocks/coin.go:49.72,50.38 1 0
coin/internal/database/postgres/mocks/coin.go:50.38,51.24 1 0
coin/internal/database/postgres/mocks/coin.go:51.24,56.4 4 0
coin/internal/database/postgres/mocks/coin.go:58.2,58.37 1 0
coin/internal/database/postgres/mocks/coin.go:61.48,63.2 1 0
coin/internal/database/postgres/mocks/coin.go:65.67,67.2 1 0
coin/internal/database/postgres/mocks/coin.go:69.84,71.2 1 0
coin/internal/database/postgres/mocks/coin.go:73.104,96.2 9 0
coin/internal/database/postgres/coin.go:23.52,30.2 3 0
coin/internal/database/postgres/coin.go:32.60,42.16 5 0
coin/internal/database/postgres/coin.go:42.16,44.3 1 0
coin/internal/database/postgres/coin.go:46.2,50.16 2 0
coin/internal/database/postgres/coin.go:50.16,52.3 1 0
coin/internal/database/postgres/coin.go:54.2,54.16 1 0
coin/internal/database/postgres/coin.go:54.16,56.3 1 0
coin/internal/database/postgres/coin.go:58.2,69.16 3 0
coin/internal/database/postgres/coin.go:69.16,71.3 1 0
coin/internal/database/postgres/coin.go:73.2,82.16 2 0
coin/internal/database/postgres/coin.go:82.16,84.3 1 0
coin/internal/database/postgres/coin.go:86.2,86.14 1 0
coin/internal/database/postgres/coin.go:90.72,96.16 6 0
coin/internal/database/postgres/coin.go:96.16,98.3 1 0
coin/internal/database/postgres/coin.go:99.2,101.18 2 0
coin/internal/database/postgres/coin.go:101.18,102.93 1 0
coin/internal/database/postgres/coin.go:102.93,104.4 1 0
coin/internal/database/postgres/coin.go:105.3,105.43 1 0
coin/internal/database/postgres/coin.go:105.43,107.4 1 0
coin/internal/database/postgres/coin.go:109.2,109.15 1 0
coin/internal/database/postgres/coin.go:112.73,115.2 2 0
coin/internal/database/postgres/coin.go:117.74,120.16 3 0
coin/internal/database/postgres/coin.go:120.16,123.3 2 0
coin/internal/database/postgres/coin.go:124.2,125.16 2 0
coin/internal/database/postgres/coin.go:125.16,128.3 2 0
coin/internal/database/postgres/coin.go:130.2,133.16 2 0
coin/internal/database/postgres/coin.go:133.16,137.3 3 0
coin/internal/database/postgres/coin.go:138.2,144.16 3 0
coin/internal/database/postgres/coin.go:144.16,148.3 3 0
coin/internal/database/postgres/coin.go:149.2,150.16 2 0
coin/internal/database/postgres/coin.go:150.16,153.3 2 0
coin/internal/database/postgres/coin.go:154.2,154.12 1 0
coin/internal/database/postgres/coin.go:158.50,160.16 2 0
coin/internal/database/postgres/coin.go:160.16,162.3 1 0
coin/internal/database/postgres/coin.go:163.2,164.18 2 0
coin/internal/database/postgres/coin.go:164.18,167.50 3 0
coin/internal/database/postgres/coin.go:167.50,169.12 2 0
coin/internal/database/postgres/coin.go:171.3,171.63 1 0
coin/internal/database/postgres/coin.go:173.2,173.14 1 0
coin/internal/database/postgres/coin.go:176.69,180.16 4 0
coin/internal/database/postgres/coin.go:180.16,183.3 2 0
coin/internal/database/postgres/coin.go:184.2,184.19 1 0
coin/internal/database/postgres/coin.go:187.86,191.16 4 0
coin/internal/database/postgres/coin.go:191.16,193.3 1 0
coin/internal/database/postgres/coin.go:194.2,196.18 2 0
coin/internal/database/postgres/coin.go:196.18,199.17 3 0
coin/internal/database/postgres/coin.go:199.17,201.12 2 0
coin/internal/database/postgres/coin.go:203.3,203.37 1 0
coin/internal/database/postgres/coin.go:205.2,205.24 1 0
coin/internal/database/postgres/coin.go:208.106,211.16 3 0
coin/internal/database/postgres/coin.go:211.16,214.3 2 0
coin/internal/database/postgres/coin.go:216.2,219.16 2 0
coin/internal/database/postgres/coin.go:219.16,223.3 3 0
coin/internal/database/postgres/coin.go:225.2,228.16 2 0
coin/internal/database/postgres/coin.go:228.16,232.3 3 0
coin/internal/database/postgres/coin.go:233.2,236.16 3 0
coin/internal/database/postgres/coin.go:236.16,240.3 3 0
coin/internal/database/postgres/coin.go:242.2,243.16 2 0
coin/internal/database/postgres/coin.go:243.16,246.3 2 0
coin/internal/database/postgres/coin.go:247.2,247.12 1 0
coin/internal/database/postgres/init.go:13.54,16.65 3 0
coin/internal/database/postgres/init.go:16.65,18.3 1 0
coin/internal/database/postgres/init.go:19.2,19.12 1 0
coin/internal/database/postgres/init.go:19.12,21.3 1 0
coin/internal/database/postgres/init.go:21.8,24.17 3 0
coin/internal/database/postgres/init.go:24.17,26.4 1 0
coin/internal/database/postgres/init.go:26.9,28.4 1 0
coin/internal/database/postgres/init.go:32.33,40.16 3 0
coin/internal/database/postgres/init.go:40.16,42.3 1 0
coin/internal/database/postgres/init.go:44.2,49.16 2 0
coin/internal/database/postgres/init.go:49.16,51.3 1 0
coin/internal/database/postgres/init.go:53.2,60.16 2 0
coin/internal/database/postgres/init.go:60.16,62.3 1 0
coin/internal/database/postgres/init.go:64.2,70.16 2 0
coin/internal/database/postgres/init.go:70.16,72.3 1 0
coin/internal/database/postgres/init.go:74.2,79.16 2 0
coin/internal/database/postgres/init.go:79.16,81.3 1 0
coin/internal/database/postgres/init.go:83.2,89.16 2 0
coin/internal/database/postgres/init.go:89.16,91.3 1 0
coin/internal/database/postgres/init.go:93.2,97.16 2 0
coin/internal/database/postgres/init.go:97.16,99.3 1 0
coin/internal/database/postgres/init.go:100.2,101.41 2 0
coin/internal/database/postgres/init.go:104.30,107.16 3 0
coin/internal/database/postgres/init.go:107.16,109.3 1 0
coin/internal/database/postgres/init.go:110.2,112.21 3 0
coin/internal/database/postgres/init.go:112.21,117.3 2 0
coin/internal/database/postgres/init.go:118.2,118.40 1 0
coin/cmd/app/main.go:17.13,20.16 3 0
coin/cmd/app/main.go:20.16,22.3 1 0
coin/cmd/app/main.go:24.2,27.16 4 0
coin/cmd/app/main.go:27.16,29.3 1 0
coin/cmd/app/main.go:31.2,40.39 7 0
coin/cmd/app/main.go:40.39,42.3 1 0
coin/internal/api/http/coin.go:19.63,23.2 1 0
coin/internal/api/http/coin.go:25.44,28.51 3 0
coin/internal/api/http/coin.go:28.51,32.3 3 0
coin/internal/api/http/coin.go:34.2,35.16 2 0
coin/internal/api/http/coin.go:35.16,39.3 3 0
coin/internal/api/http/coin.go:41.2,42.16 2 0
coin/internal/api/http/coin.go:42.16,46.3 3 0
coin/internal/api/http/coin.go:48.2,50.46 2 0
coin/internal/api/http/coin.go:54.47,57.9 3 0
coin/internal/api/http/coin.go:57.9,60.3 2 0
coin/internal/api/http/coin.go:61.2,62.9 2 0
coin/internal/api/http/coin.go:62.9,66.3 3 0
coin/internal/api/http/coin.go:67.2,68.20 2 0
coin/internal/api/http/coin.go:68.20,71.3 2 0
coin/internal/api/http/coin.go:72.2,73.16 2 0
coin/internal/api/http/coin.go:73.16,74.46 1 0
coin/internal/api/http/coin.go:74.46,77.4 2 0
coin/internal/api/http/coin.go:78.3,78.47 1 0
coin/internal/api/http/coin.go:78.47,81.4 2 0
coin/internal/api/http/coin.go:82.3,84.9 3 0
coin/internal/api/http/coin.go:86.2,86.84 1 0
coin/internal/api/http/coin.go:89.48,92.2 2 0
coin/internal/api/http/coin.go:94.44,97.9 3 0
coin/internal/api/http/coin.go:97.9,100.3 2 0
coin/internal/api/http/coin.go:101.2,102.9 2 0
coin/internal/api/http/coin.go:102.9,106.3 3 0
coin/internal/api/http/coin.go:107.2,108.16 2 0
coin/internal/api/http/coin.go:108.16,112.3 3 0
coin/internal/api/http/coin.go:113.2,117.4 1 0
coin/internal/api/http/coin.go:120.48,126.47 3 0
coin/internal/api/http/coin.go:126.47,129.3 2 0
coin/internal/api/http/coin.go:130.2,130.21 1 0
coin/internal/api/http/coin.go:130.21,133.3 2 0
coin/internal/api/http/coin.go:135.2,136.9 2 0
coin/internal/api/http/coin.go:136.9,139.3 2 0
coin/internal/api/http/coin.go:140.2,141.9 2 0
coin/internal/api/http/coin.go:141.9,144.3 2 0
coin/internal/api/http/coin.go:146.2,146.37 1 0
coin/internal/api/http/coin.go:146.37,149.3 2 0
coin/internal/api/http/coin.go:151.2,152.16 2 0
coin/internal/api/http/coin.go:152.16,153.47 1 0
coin/internal/api/http/coin.go:153.47,156.4 2 0
coin/internal/api/http/coin.go:157.3,159.9 3 0
coin/internal/api/http/coin.go:161.2,166.4 2 0
coin/internal/api/http/coin.go:169.50,172.9 3 0
coin/internal/api/http/coin.go:172.9,176.3 3 0
coin/internal/api/http/coin.go:177.2,178.9 2 0
coin/internal/api/http/coin.go:178.9,181.3 2 0
coin/internal/api/http/coin.go:182.2,183.16 2 0
coin/internal/api/http/coin.go:183.16,187.3 3 0
coin/internal/api/http/coin.go:188.2,189.54 2 0
coin/internal/api/http/coin.go:193.57,195.34 2 0
coin/internal/api/http/coin.go:195.34,197.3 1 0
coin/internal/api/http/coin.go:198.2,199.2 2 0
coin/internal/api/http/coin.go:199.2,206.3 6 0
coin/internal/api/http/middleware/auth.go:10.37,12.23 2 0
coin/internal/api/http/middleware/auth.go:12.23,16.3 3 0
coin/internal/api/http/middleware/auth.go:17.2,19.16 3 0
coin/internal/api/http/middleware/auth.go:19.16,23.3 3 0
coin/internal/api/http/middleware/auth.go:25.2,26.10 2 0
coin/internal/auth/jwt/jwt.go:17.53,28.2 3 0
coin/internal/auth/jwt/jwt.go:30.59,34.43 1 0
coin/internal/auth/jwt/jwt.go:34.43,36.4 1 0
coin/internal/auth/jwt/jwt.go:39.2,39.16 1 0
coin/internal/auth/jwt/jwt.go:39.16,41.3 1 0
coin/internal/auth/jwt/jwt.go:43.2,44.25 2 0
coin/internal/auth/jwt/jwt.go:44.25,46.3 1 0
coin/internal/auth/jwt/jwt.go:48.2,48.50 1 0
coin/internal/auth/jwt/jwt.go:48.50,50.3 1 0
coin/internal/auth/jwt/jwt.go:52.2,52.20 1 0
coin/internal/database/postgres/coin.go:23.52,30.2 3 0
coin/internal/database/postgres/coin.go:32.60,42.16 5 0
coin/internal/database/postgres/coin.go:42.16,44.3 1 0
coin/internal/database/postgres/coin.go:46.2,50.16 2 0
coin/internal/database/postgres/coin.go:50.16,52.3 1 0
coin/internal/database/postgres/coin.go:54.2,54.16 1 0
coin/internal/database/postgres/coin.go:54.16,56.3 1 0
coin/internal/database/postgres/coin.go:58.2,69.16 3 0
coin/internal/database/postgres/coin.go:69.16,71.3 1 0
coin/internal/database/postgres/coin.go:73.2,82.16 2 0
coin/internal/database/postgres/coin.go:82.16,84.3 1 0
coin/internal/database/postgres/coin.go:86.2,86.14 1 0
coin/internal/database/postgres/coin.go:90.72,96.16 6 0
coin/internal/database/postgres/coin.go:96.16,98.3 1 0
coin/internal/database/postgres/coin.go:99.2,101.18 2 0
coin/internal/database/postgres/coin.go:101.18,102.93 1 0
coin/internal/database/postgres/coin.go:102.93,104.4 1 0
coin/internal/database/postgres/coin.go:105.3,105.43 1 0
coin/internal/database/postgres/coin.go:105.43,107.4 1 0
coin/internal/database/postgres/coin.go:109.2,109.15 1 0
coin/internal/database/postgres/coin.go:112.73,115.2 2 0
coin/internal/database/postgres/coin.go:117.74,120.16 3 0
coin/internal/database/postgres/coin.go:120.16,123.3 2 0
coin/internal/database/postgres/coin.go:124.2,125.16 2 0
coin/internal/database/postgres/coin.go:125.16,128.3 2 0
coin/internal/database/postgres/coin.go:130.2,133.16 2 0
coin/internal/database/postgres/coin.go:133.16,137.3 3 0
coin/internal/database/postgres/coin.go:138.2,144.16 3 0
coin/internal/database/postgres/coin.go:144.16,148.3 3 0
coin/internal/database/postgres/coin.go:149.2,150.16 2 0
coin/internal/database/postgres/coin.go:150.16,153.3 2 0
coin/internal/database/postgres/coin.go:154.2,154.12 1 0
coin/internal/database/postgres/coin.go:158.50,160.16 2 0
coin/internal/database/postgres/coin.go:160.16,162.3 1 0
coin/internal/database/postgres/coin.go:163.2,164.18 2 0
coin/internal/database/postgres/coin.go:164.18,167.50 3 0
coin/internal/database/postgres/coin.go:167.50,169.12 2 0
coin/internal/database/postgres/coin.go:171.3,171.63 1 0
coin/internal/database/postgres/coin.go:173.2,173.14 1 0
coin/internal/database/postgres/coin.go:176.69,180.16 4 0
coin/internal/database/postgres/coin.go:180.16,183.3 2 0
coin/internal/database/postgres/coin.go:184.2,184.19 1 0
coin/internal/database/postgres/coin.go:187.86,191.16 4 0
coin/internal/database/postgres/coin.go:191.16,193.3 1 0
coin/internal/database/postgres/coin.go:194.2,196.18 2 0
coin/internal/database/postgres/coin.go:196.18,199.17 3 0
coin/internal/database/postgres/coin.go:199.17,201.12 2 0
coin/internal/database/postgres/coin.go:203.3,203.37 1 0
coin/internal/database/postgres/coin.go:205.2,205.24 1 0
coin/internal/database/postgres/coin.go:208.106,211.16 3 0
coin/internal/database/postgres/coin.go:211.16,214.3 2 0
coin/internal/database/postgres/coin.go:216.2,219.16 2 0
coin/internal/database/postgres/coin.go:219.16,223.3 3 0
coin/internal/database/postgres/coin.go:225.2,228.16 2 0
coin/internal/database/postgres/coin.go:228.16,232.3 3 0
coin/internal/database/postgres/coin.go:233.2,236.16 3 0
coin/internal/database/postgres/coin.go:236.16,240.3 3 0
coin/internal/database/postgres/coin.go:242.2,243.16 2 0
coin/internal/database/postgres/coin.go:243.16,246.3 2 0
coin/internal/database/postgres/coin.go:247.2,247.12 1 0
coin/internal/database/postgres/init.go:13.54,16.65 3 0
coin/internal/database/postgres/init.go:16.65,18.3 1 0
coin/internal/database/postgres/init.go:19.2,19.12 1 0
coin/internal/database/postgres/init.go:19.12,21.3 1 0
coin/internal/database/postgres/init.go:21.8,24.17 3 0
coin/internal/database/postgres/init.go:24.17,26.4 1 0
coin/internal/database/postgres/init.go:26.9,28.4 1 0
coin/internal/database/postgres/init.go:32.33,40.16 3 0
coin/internal/database/postgres/init.go:40.16,42.3 1 0
coin/internal/database/postgres/init.go:44.2,49.16 2 0
coin/internal/database/postgres/init.go:49.16,51.3 1 0
coin/internal/database/postgres/init.go:53.2,60.16 2 0
coin/internal/database/postgres/init.go:60.16,62.3 1 0
coin/internal/database/postgres/init.go:64.2,70.16 2 0
coin/internal/database/postgres/init.go:70.16,72.3 1 0
coin/internal/database/postgres/init.go:74.2,79.16 2 0
coin/internal/database/postgres/init.go:79.16,81.3 1 0
coin/internal/database/postgres/init.go:83.2,89.16 2 0
coin/internal/database/postgres/init.go:89.16,91.3 1 0
coin/internal/database/postgres/init.go:93.2,97.16 2 0
coin/internal/database/postgres/init.go:97.16,99.3 1 0
coin/internal/database/postgres/init.go:100.2,101.41 2 0
coin/internal/database/postgres/init.go:104.30,107.16 3 0
coin/internal/database/postgres/init.go:107.16,109.3 1 0
coin/internal/database/postgres/init.go:110.2,112.21 3 0
coin/internal/database/postgres/init.go:112.21,117.3 2 0
coin/internal/database/postgres/init.go:118.2,118.40 1 0
coin/internal/database/postgres/mocks/coin.go:17.38,28.2 1 1
coin/internal/database/postgres/mocks/coin.go:30.70,32.9 2 1
coin/internal/database/postgres/mocks/coin.go:32.9,34.3 1 1
coin/internal/database/postgres/mocks/coin.go:36.2,36.18 1 1
coin/internal/database/postgres/mocks/coin.go:39.71,47.2 3 1
coin/internal/database/postgres/mocks/coin.go:49.72,50.38 1 1
coin/internal/database/postgres/mocks/coin.go:50.38,51.24 1 1
coin/internal/database/postgres/mocks/coin.go:51.24,56.4 4 1
coin/internal/database/postgres/mocks/coin.go:58.2,58.37 1 0
coin/internal/database/postgres/mocks/coin.go:61.48,63.2 1 1
coin/internal/database/postgres/mocks/coin.go:65.67,67.2 1 1
coin/internal/database/postgres/mocks/coin.go:69.84,71.2 1 1
coin/internal/database/postgres/mocks/coin.go:73.104,96.2 9 1
coin/service/coin.go:13.56,17.2 1 1
coin/service/coin.go:21.79,24.16 3 1
coin/service/coin.go:24.16,26.3 1 0
coin/service/coin.go:27.2,27.90 1 1
coin/service/coin.go:27.90,29.17 2 1
coin/service/coin.go:29.17,32.4 2 0
coin/service/coin.go:33.3,34.17 2 1
coin/service/coin.go:34.17,37.4 2 0
coin/service/coin.go:39.2,39.18 1 1
coin/service/coin.go:42.57,45.16 3 1
coin/service/coin.go:45.16,48.3 2 0
coin/service/coin.go:49.2,50.12 2 1
coin/service/coin.go:53.86,56.16 3 1
coin/service/coin.go:56.16,58.3 1 0
coin/service/coin.go:60.2,61.16 2 1
coin/service/coin.go:61.16,64.3 2 0
coin/service/coin.go:65.2,65.26 1 1
coin/service/coin.go:65.26,67.3 1 1
coin/service/coin.go:68.2,70.16 3 1
coin/service/coin.go:70.16,73.3 2 0
coin/service/coin.go:75.2,75.18 1 1
coin/service/coin.go:78.47,80.2 1 1
coin/service/coin.go:82.106,85.16 3 1
coin/service/coin.go:85.16,88.3 2 0
coin/service/coin.go:89.2,91.16 3 1
coin/service/coin.go:91.16,94.3 2 0
coin/service/coin.go:96.2,96.25 1 1
coin/service/coin.go:96.25,98.3 1 0
coin/service/coin.go:100.2,100.29 1 1
coin/service/coin.go:100.29,102.3 1 0
coin/service/coin.go:103.2,104.16 2 1
coin/service/coin.go:104.16,107.3 2 0
coin/service/coin.go:108.2,108.37 1 1
coin/service/coin.go:111.83,114.16 3 1
coin/service/coin.go:114.16,117.3 2 0
coin/service/coin.go:118.2,119.16 2 1
coin/service/coin.go:119.16,122.3 2 0
coin/service/coin.go:123.2,123.24 1 1
coin/cmd/app/main.go:17.13,20.16 3 0
coin/cmd/app/main.go:20.16,22.3 1 0
coin/cmd/app/main.go:24.2,27.16 4 0
coin/cmd/app/main.go:27.16,29.3 1 0
coin/cmd/app/main.go:31.2,40.39 7 0
coin/cmd/app/main.go:40.39,42.3 1 0
coin/internal/api/http/coin.go:19.63,23.2 1 0
coin/internal/api/http/coin.go:25.44,28.51 3 0
coin/internal/api/http/coin.go:28.51,32.3 3 0
coin/internal/api/http/coin.go:34.2,35.16 2 0
coin/internal/api/http/coin.go:35.16,39.3 3 0
coin/internal/api/http/coin.go:41.2,42.16 2 0
coin/internal/api/http/coin.go:42.16,46.3 3 0
coin/internal/api/http/coin.go:48.2,50.46 2 0
coin/internal/api/http/coin.go:54.47,57.9 3 0
coin/internal/api/http/coin.go:57.9,60.3 2 0
coin/internal/api/http/coin.go:61.2,62.9 2 0
coin/internal/api/http/coin.go:62.9,66.3 3 0
coin/internal/api/http/coin.go:67.2,68.20 2 0
coin/internal/api/http/coin.go:68.20,71.3 2 0
coin/internal/api/http/coin.go:72.2,73.16 2 0
coin/internal/api/http/coin.go:73.16,74.46 1 0
coin/internal/api/http/coin.go:74.46,77.4 2 0
coin/internal/api/http/coin.go:78.3,78.47 1 0
coin/internal/api/http/coin.go:78.47,81.4 2 0
coin/internal/api/http/coin.go:82.3,84.9 3 0
coin/internal/api/http/coin.go:86.2,86.84 1 0
coin/internal/api/http/coin.go:89.48,92.2 2 0
coin/internal/api/http/coin.go:94.44,97.9 3 0
coin/internal/api/http/coin.go:97.9,100.3 2 0
coin/internal/api/http/coin.go:101.2,102.9 2 0
coin/internal/api/http/coin.go:102.9,106.3 3 0
coin/internal/api/http/coin.go:107.2,108.16 2 0
coin/internal/api/http/coin.go:108.16,112.3 3 0
coin/internal/api/http/coin.go:113.2,117.4 1 0
coin/internal/api/http/coin.go:120.48,126.47 3 0
coin/internal/api/http/coin.go:126.47,129.3 2 0
coin/internal/api/http/coin.go:130.2,130.21 1 0
coin/internal/api/http/coin.go:130.21,133.3 2 0
coin/internal/api/http/coin.go:135.2,136.9 2 0
coin/internal/api/http/coin.go:136.9,139.3 2 0
coin/internal/api/http/coin.go:140.2,141.9 2 0
coin/internal/api/http/coin.go:141.9,144.3 2 0
coin/internal/api/http/coin.go:146.2,146.37 1 0
coin/internal/api/http/coin.go:146.37,149.3 2 0
coin/internal/api/http/coin.go:151.2,152.16 2 0
coin/internal/api/http/coin.go:152.16,153.47 1 0
coin/internal/api/http/coin.go:153.47,156.4 2 0
coin/internal/api/http/coin.go:157.3,159.9 3 0
coin/internal/api/http/coin.go:161.2,166.4 2 0
coin/internal/api/http/coin.go:169.50,172.9 3 0
coin/internal/api/http/coin.go:172.9,176.3 3 0
coin/internal/api/http/coin.go:177.2,178.9 2 0
coin/internal/api/http/coin.go:178.9,181.3 2 0
coin/internal/api/http/coin.go:182.2,183.16 2 0
coin/internal/api/http/coin.go:183.16,187.3 3 0
coin/internal/api/http/coin.go:188.2,189.54 2 0
coin/internal/api/http/coin.go:193.57,195.34 2 0
coin/internal/api/http/coin.go:195.34,197.3 1 0
coin/internal/api/http/coin.go:198.2,199.2 2 0
coin/internal/api/http/coin.go:199.2,206.3 6 0
coin/internal/api/http/middleware/auth.go:10.37,12.23 2 0
coin/internal/api/http/middleware/auth.go:12.23,16.3 3 0
coin/internal/api/http/middleware/auth.go:17.2,19.16 3 0
coin/internal/api/http/middleware/auth.go:19.16,23.3 3 0
coin/internal/api/http/middleware/auth.go:25.2,26.10 2 0
coin/internal/auth/jwt/jwt.go:17.53,28.2 3 1
coin/internal/auth/jwt/jwt.go:30.59,34.43 1 1
coin/internal/auth/jwt/jwt.go:34.43,36.4 1 1
coin/internal/auth/jwt/jwt.go:39.2,39.16 1 1
coin/internal/auth/jwt/jwt.go:39.16,41.3 1 1
coin/internal/auth/jwt/jwt.go:43.2,44.25 2 1
coin/internal/auth/jwt/jwt.go:44.25,46.3 1 0
coin/internal/auth/jwt/jwt.go:48.2,48.50 1 1
coin/internal/auth/jwt/jwt.go:48.50,50.3 1 0
coin/internal/auth/jwt/jwt.go:52.2,52.20 1 1
coin/internal/database/postgres/coin.go:23.52,30.2 3 0
coin/internal/database/postgres/coin.go:32.60,42.16 5 0
coin/internal/database/postgres/coin.go:42.16,44.3 1 0
coin/internal/database/postgres/coin.go:46.2,50.16 2 0
coin/internal/database/postgres/coin.go:50.16,52.3 1 0
coin/internal/database/postgres/coin.go:54.2,54.16 1 0
coin/internal/database/postgres/coin.go:54.16,56.3 1 0
coin/internal/database/postgres/coin.go:58.2,69.16 3 0
coin/internal/database/postgres/coin.go:69.16,71.3 1 0
coin/internal/database/postgres/coin.go:73.2,82.16 2 0
coin/internal/database/postgres/coin.go:82.16,84.3 1 0
coin/internal/database/postgres/coin.go:86.2,86.14 1 0
coin/internal/database/postgres/coin.go:90.72,96.16 6 0
coin/internal/database/postgres/coin.go:96.16,98.3 1 0
coin/internal/database/postgres/coin.go:99.2,101.18 2 0
coin/internal/database/postgres/coin.go:101.18,102.93 1 0
coin/internal/database/postgres/coin.go:102.93,104.4 1 0
coin/internal/database/postgres/coin.go:105.3,105.43 1 0
coin/internal/database/postgres/coin.go:105.43,107.4 1 0
coin/internal/database/postgres/coin.go:109.2,109.15 1 0
coin/internal/database/postgres/coin.go:112.73,115.2 2 0
coin/internal/database/postgres/coin.go:117.74,120.16 3 0
coin/internal/database/postgres/coin.go:120.16,123.3 2 0
coin/internal/database/postgres/coin.go:124.2,125.16 2 0
coin/internal/database/postgres/coin.go:125.16,128.3 2 0
coin/internal/database/postgres/coin.go:130.2,133.16 2 0
coin/internal/database/postgres/coin.go:133.16,137.3 3 0
coin/internal/database/postgres/coin.go:138.2,144.16 3 0
coin/internal/database/postgres/coin.go:144.16,148.3 3 0
coin/internal/database/postgres/coin.go:149.2,150.16 2 0
coin/internal/database/postgres/coin.go:150.16,153.3 2 0
coin/internal/database/postgres/coin.go:154.2,154.12 1 0
coin/internal/database/postgres/coin.go:158.50,160.16 2 0
coin/internal/database/postgres/coin.go:160.16,162.3 1 0
coin/internal/database/postgres/coin.go:163.2,164.18 2 0
coin/internal/database/postgres/coin.go:164.18,167.50 3 0
coin/internal/database/postgres/coin.go:167.50,169.12 2 0
coin/internal/database/postgres/coin.go:171.3,171.63 1 0
coin/internal/database/postgres/coin.go:173.2,173.14 1 0
coin/internal/database/postgres/coin.go:176.69,180.16 4 0
coin/internal/database/postgres/coin.go:180.16,183.3 2 0
coin/internal/database/postgres/coin.go:184.2,184.19 1 0
coin/internal/database/postgres/coin.go:187.86,191.16 4 0
coin/internal/database/postgres/coin.go:191.16,193.3 1 0
coin/internal/database/postgres/coin.go:194.2,196.18 2 0
coin/internal/database/postgres/coin.go:196.18,199.17 3 0
coin/internal/database/postgres/coin.go:199.17,201.12 2 0
coin/internal/database/postgres/coin.go:203.3,203.37 1 0
coin/internal/database/postgres/coin.go:205.2,205.24 1 0
coin/internal/database/postgres/coin.go:208.106,211.16 3 0
coin/internal/database/postgres/coin.go:211.16,214.3 2 0
coin/internal/database/postgres/coin.go:216.2,219.16 2 0
coin/internal/database/postgres/coin.go:219.16,223.3 3 0
coin/internal/database/postgres/coin.go:225.2,228.16 2 0
coin/internal/database/postgres/coin.go:228.16,232.3 3 0
coin/internal/database/postgres/coin.go:233.2,236.16 3 0
coin/internal/database/postgres/coin.go:236.16,240.3 3 0
coin/internal/database/postgres/coin.go:242.2,243.16 2 0
coin/internal/database/postgres/coin.go:243.16,246.3 2 0
coin/internal/database/postgres/coin.go:247.2,247.12 1 0
coin/internal/database/postgres/init.go:13.54,16.65 3 0
coin/internal/database/postgres/init.go:16.65,18.3 1 0
coin/internal/database/postgres/init.go:19.2,19.12 1 0
coin/internal/database/postgres/init.go:19.12,21.3 1 0
coin/internal/database/postgres/init.go:21.8,24.17 3 0
coin/internal/database/postgres/init.go:24.17,26.4 1 0
coin/internal/database/postgres/init.go:26.9,28.4 1 0
coin/internal/database/postgres/init.go:32.33,40.16 3 0
coin/internal/database/postgres/init.go:40.16,42.3 1 0
coin/internal/database/postgres/init.go:44.2,49.16 2 0
coin/internal/database/postgres/init.go:49.16,51.3 1 0
coin/internal/database/postgres/init.go:53.2,60.16 2 0
coin/internal/database/postgres/init.go:60.16,62.3 1 0
coin/internal/database/postgres/init.go:64.2,70.16 2 0
coin/internal/database/postgres/init.go:70.16,72.3 1 0
coin/internal/database/postgres/init.go:74.2,79.16 2 0
coin/internal/database/postgres/init.go:79.16,81.3 1 0
coin/internal/database/postgres/init.go:83.2,89.16 2 0
coin/internal/database/postgres/init.go:89.16,91.3 1 0
coin/internal/database/postgres/init.go:93.2,97.16 2 0
coin/internal/database/postgres/init.go:97.16,99.3 1 0
coin/internal/database/postgres/init.go:100.2,101.41 2 0
coin/internal/database/postgres/init.go:104.30,107.16 3 0
coin/internal/database/postgres/init.go:107.16,109.3 1 0
coin/internal/database/postgres/init.go:110.2,112.21 3 0
coin/internal/database/postgres/init.go:112.21,117.3 2 0
coin/internal/database/postgres/init.go:118.2,118.40 1 0
coin/internal/database/postgres/mocks/coin.go:17.38,28.2 1 0
coin/internal/database/postgres/mocks/coin.go:30.70,32.9 2 0
coin/internal/database/postgres/mocks/coin.go:32.9,34.3 1 0
coin/internal/database/postgres/mocks/coin.go:36.2,36.18 1 0
coin/internal/database/postgres/mocks/coin.go:39.71,47.2 3 0
coin/internal/database/postgres/mocks/coin.go:49.72,50.38 1 0
coin/internal/database/postgres/mocks/coin.go:50.38,51.24 1 0
coin/internal/database/postgres/mocks/coin.go:51.24,56.4 4 0
coin/internal/database/postgres/mocks/coin.go:58.2,58.37 1 0
coin/internal/database/postgres/mocks/coin.go:61.48,63.2 1 0
coin/internal/database/postgres/mocks/coin.go:65.67,67.2 1 0
coin/internal/database/postgres/mocks/coin.go:69.84,71.2 1 0
coin/internal/database/postgres/mocks/coin.go:73.104,96.2 9 0
coin/service/coin.go:13.56,17.2 1 0
coin/service/coin.go:21.79,24.16 3 0
coin/service/coin.go:24.16,26.3 1 0
coin/service/coin.go:27.2,27.90 1 0
coin/service/coin.go:27.90,29.17 2 0
coin/service/coin.go:29.17,32.4 2 0
coin/service/coin.go:33.3,34.17 2 0
coin/service/coin.go:34.17,37.4 2 0
coin/service/coin.go:39.2,39.18 1 0
coin/service/coin.go:42.57,45.16 3 0
coin/service/coin.go:45.16,48.3 2 0
coin/service/coin.go:49.2,50.12 2 0
coin/service/coin.go:53.86,56.16 3 0
coin/service/coin.go:56.16,58.3 1 0
coin/service/coin.go:60.2,61.16 2 0
coin/service/coin.go:61.16,64.3 2 0
coin/service/coin.go:65.2,65.26 1 0
coin/service/coin.go:65.26,67.3 1 0
coin/service/coin.go:68.2,70.16 3 0
coin/service/coin.go:70.16,73.3 2 0
coin/service/coin.go:75.2,75.18 1 0
coin/service/coin.go:78.47,80.2 1 0
coin/service/coin.go:82.106,85.16 3 0
coin/service/coin.go:85.16,88.3 2 0
coin/service/coin.go:89.2,91.16 3 0
coin/service/coin.go:91.16,94.3 2 0
coin/service/coin.go:96.2,96.25 1 0
coin/service/coin.go:96.25,98.3 1 0
coin/service/coin.go:100.2,100.29 1 0
coin/service/coin.go:100.29,102.3 1 0
coin/service/coin.go:103.2,104.16 2 0
coin/service/coin.go:104.16,107.3 2 0
coin/service/coin.go:108.2,108.37 1 0
coin/service/coin.go:111.83,114.16 3 0
coin/service/coin.go:114.16,117.3 2 0
coin/service/coin.go:118.2,119.16 2 0
coin/service/coin.go:119.16,122.3 2 0
coin/service/coin.go:123.2,123.24 1 0
coin/cmd/app/main.go:17.13,20.16 3 0
coin/cmd/app/main.go:20.16,22.3 1 0
coin/cmd/app/main.go:24.2,27.16 4 0
coin/cmd/app/main.go:27.16,29.3 1 0
coin/cmd/app/main.go:31.2,40.39 7 0
coin/cmd/app/main.go:40.39,42.3 1 0
coin/internal/api/http/coin.go:19.63,23.2 1 1
coin/internal/api/http/coin.go:25.44,28.51 3 0
coin/internal/api/http/coin.go:28.51,32.3 3 0
coin/internal/api/http/coin.go:34.2,35.16 2 0
coin/internal/api/http/coin.go:35.16,39.3 3 0
coin/internal/api/http/coin.go:41.2,42.16 2 0
coin/internal/api/http/coin.go:42.16,46.3 3 0
coin/internal/api/http/coin.go:48.2,50.46 2 0
coin/internal/api/http/coin.go:54.47,57.9 3 1
coin/internal/api/http/coin.go:57.9,60.3 2 0
coin/internal/api/http/coin.go:61.2,62.9 2 1
coin/internal/api/http/coin.go:62.9,66.3 3 0
coin/internal/api/http/coin.go:67.2,68.20 2 1
coin/internal/api/http/coin.go:68.20,71.3 2 0
coin/internal/api/http/coin.go:72.2,73.16 2 1
coin/internal/api/http/coin.go:73.16,74.46 1 0
coin/internal/api/http/coin.go:74.46,77.4 2 0
coin/internal/api/http/coin.go:78.3,78.47 1 0
coin/internal/api/http/coin.go:78.47,81.4 2 0
coin/internal/api/http/coin.go:82.3,84.9 3 0
coin/internal/api/http/coin.go:86.2,86.84 1 1
coin/internal/api/http/coin.go:89.48,92.2 2 0
coin/internal/api/http/coin.go:94.44,97.9 3 0
coin/internal/api/http/coin.go:97.9,100.3 2 0
coin/internal/api/http/coin.go:101.2,102.9 2 0
coin/internal/api/http/coin.go:102.9,106.3 3 0
coin/internal/api/http/coin.go:107.2,108.16 2 0
coin/internal/api/http/coin.go:108.16,112.3 3 0
coin/internal/api/http/coin.go:113.2,117.4 1 0
coin/internal/api/http/coin.go:120.48,126.47 3 0
coin/internal/api/http/coin.go:126.47,129.3 2 0
coin/internal/api/http/coin.go:130.2,130.21 1 0
coin/internal/api/http/coin.go:130.21,133.3 2 0
coin/internal/api/http/coin.go:135.2,136.9 2 0
coin/internal/api/http/coin.go:136.9,139.3 2 0
coin/internal/api/http/coin.go:140.2,141.9 2 0
coin/internal/api/http/coin.go:141.9,144.3 2 0
coin/internal/api/http/coin.go:146.2,146.37 1 0
coin/internal/api/http/coin.go:146.37,149.3 2 0
coin/internal/api/http/coin.go:151.2,152.16 2 0
coin/internal/api/http/coin.go:152.16,153.47 1 0
coin/internal/api/http/coin.go:153.47,156.4 2 0
coin/internal/api/http/coin.go:157.3,159.9 3 0
coin/internal/api/http/coin.go:161.2,166.4 2 0
coin/internal/api/http/coin.go:169.50,172.9 3 0
coin/internal/api/http/coin.go:172.9,176.3 3 0
coin/internal/api/http/coin.go:177.2,178.9 2 0
coin/internal/api/http/coin.go:178.9,181.3 2 0
coin/internal/api/http/coin.go:182.2,183.16 2 0
coin/internal/api/http/coin.go:183.16,187.3 3 0
coin/internal/api/http/coin.go:188.2,189.54 2 0
coin/internal/api/http/coin.go:193.57,195.34 2 0
coin/internal/api/http/coin.go:195.34,197.3 1 0
coin/internal/api/http/coin.go:198.2,199.2 2 0
coin/internal/api/http/coin.go:199.2,206.3 6 0
coin/internal/api/http/middleware/auth.go:10.37,12.23 2 1
coin/internal/api/http/middleware/auth.go:12.23,16.3 3 0
coin/internal/api/http/middleware/auth.go:17.2,19.16 3 1
coin/internal/api/http/middleware/auth.go:19.16,23.3 3 0
coin/internal/api/http/middleware/auth.go:25.2,26.10 2 1
coin/internal/auth/jwt/jwt.go:17.53,28.2 3 1
coin/internal/auth/jwt/jwt.go:30.59,34.43 1 1
coin/internal/auth/jwt/jwt.go:34.43,36.4 1 1
coin/internal/auth/jwt/jwt.go:39.2,39.16 1 1
coin/internal/auth/jwt/jwt.go:39.16,41.3 1 0
coin/internal/auth/jwt/jwt.go:43.2,44.25 2 1
coin/internal/auth/jwt/jwt.go:44.25,46.3 1 0
coin/internal/auth/jwt/jwt.go:48.2,48.50 1 1
coin/internal/auth/jwt/jwt.go:48.50,50.3 1 0
coin/internal/auth/jwt/jwt.go:52.2,52.20 1 1
coin/internal/database/postgres/coin.go:23.52,30.2 3 0
coin/internal/database/postgres/coin.go:32.60,42.16 5 0
coin/internal/database/postgres/coin.go:42.16,44.3 1 0
coin/internal/database/postgres/coin.go:46.2,50.16 2 0
coin/internal/database/postgres/coin.go:50.16,52.3 1 0
coin/internal/database/postgres/coin.go:54.2,54.16 1 0
coin/internal/database/postgres/coin.go:54.16,56.3 1 0
coin/internal/database/postgres/coin.go:58.2,69.16 3 0
coin/internal/database/postgres/coin.go:69.16,71.3 1 0
coin/internal/database/postgres/coin.go:73.2,82.16 2 0
coin/internal/database/postgres/coin.go:82.16,84.3 1 0
coin/internal/database/postgres/coin.go:86.2,86.14 1 0
coin/internal/database/postgres/coin.go:90.72,96.16 6 0
coin/internal/database/postgres/coin.go:96.16,98.3 1 0
coin/internal/database/postgres/coin.go:99.2,101.18 2 0
coin/internal/database/postgres/coin.go:101.18,102.93 1 0
coin/internal/database/postgres/coin.go:102.93,104.4 1 0
coin/internal/database/postgres/coin.go:105.3,105.43 1 0
coin/internal/database/postgres/coin.go:105.43,107.4 1 0
coin/internal/database/postgres/coin.go:109.2,109.15 1 0
coin/internal/database/postgres/coin.go:112.73,115.2 2 0
coin/internal/database/postgres/coin.go:117.74,120.16 3 0
coin/internal/database/postgres/coin.go:120.16,123.3 2 0
coin/internal/database/postgres/coin.go:124.2,125.16 2 0
coin/internal/database/postgres/coin.go:125.16,128.3 2 0
coin/internal/database/postgres/coin.go:130.2,133.16 2 0
coin/internal/database/postgres/coin.go:133.16,137.3 3 0
coin/internal/database/postgres/coin.go:138.2,144.16 3 0
coin/internal/database/postgres/coin.go:144.16,148.3 3 0
coin/internal/database/postgres/coin.go:149.2,150.16 2 0
coin/internal/database/postgres/coin.go:150.16,153.3 2 0
coin/internal/database/postgres/coin.go:154.2,154.12 1 0
coin/internal/database/postgres/coin.go:158.50,160.16 2 0
coin/internal/database/postgres/coin.go:160.16,162.3 1 0
coin/internal/database/postgres/coin.go:163.2,164.18 2 0
coin/internal/database/postgres/coin.go:164.18,167.50 3 0
coin/internal/database/postgres/coin.go:167.50,169.12 2 0
coin/internal/database/postgres/coin.go:171.3,171.63 1 0
coin/internal/database/postgres/coin.go:173.2,173.14 1 0
coin/internal/database/postgres/coin.go:176.69,180.16 4 0
coin/internal/database/postgres/coin.go:180.16,183.3 2 0
coin/internal/database/postgres/coin.go:184.2,184.19 1 0
coin/internal/database/postgres/coin.go:187.86,191.16 4 0
coin/internal/database/postgres/coin.go:191.16,193.3 1 0
coin/internal/database/postgres/coin.go:194.2,196.18 2 0
coin/internal/database/postgres/coin.go:196.18,199.17 3 0
coin/internal/database/postgres/coin.go:199.17,201.12 2 0
coin/internal/database/postgres/coin.go:203.3,203.37 1 0
coin/internal/database/postgres/coin.go:205.2,205.24 1 0
coin/internal/database/postgres/coin.go:208.106,211.16 3 0
coin/internal/database/postgres/coin.go:211.16,214.3 2 0
coin/internal/database/postgres/coin.go:216.2,219.16 2 0
coin/internal/database/postgres/coin.go:219.16,223.3 3 0
coin/internal/database/postgres/coin.go:225.2,228.16 2 0
coin/internal/database/postgres/coin.go:228.16,232.3 3 0
coin/internal/database/postgres/coin.go:233.2,236.16 3 0
coin/internal/database/postgres/coin.go:236.16,240.3 3 0
coin/internal/database/postgres/coin.go:242.2,243.16 2 0
coin/internal/database/postgres/coin.go:243.16,246.3 2 0
coin/internal/database/postgres/coin.go:247.2,247.12 1 0
coin/internal/database/postgres/init.go:13.54,16.65 3 0
coin/internal/database/postgres/init.go:16.65,18.3 1 0
coin/internal/database/postgres/init.go:19.2,19.12 1 0
coin/internal/database/postgres/init.go:19.12,21.3 1 0
coin/internal/database/postgres/init.go:21.8,24.17 3 0
coin/internal/database/postgres/init.go:24.17,26.4 1 0
coin/internal/database/postgres/init.go:26.9,28.4 1 0
coin/internal/database/postgres/init.go:32.33,40.16 3 0
coin/internal/database/postgres/init.go:40.16,42.3 1 0
coin/internal/database/postgres/init.go:44.2,49.16 2 0
coin/internal/database/postgres/init.go:49.16,51.3 1 0
coin/internal/database/postgres/init.go:53.2,60.16 2 0
coin/internal/database/postgres/init.go:60.16,62.3 1 0
coin/internal/database/postgres/init.go:64.2,70.16 2 0
coin/internal/database/postgres/init.go:70.16,72.3 1 0
coin/internal/database/postgres/init.go:74.2,79.16 2 0
coin/internal/database/postgres/init.go:79.16,81.3 1 0
coin/internal/database/postgres/init.go:83.2,89.16 2 0
coin/internal/database/postgres/init.go:89.16,91.3 1 0
coin/internal/database/postgres/init.go:93.2,97.16 2 0
coin/internal/database/postgres/init.go:97.16,99.3 1 0
coin/internal/database/postgres/init.go:100.2,101.41 2 0
coin/internal/database/postgres/init.go:104.30,107.16 3 0
coin/internal/database/postgres/init.go:107.16,109.3 1 0
coin/internal/database/postgres/init.go:110.2,112.21 3 0
coin/internal/database/postgres/init.go:112.21,117.3 2 0
coin/internal/database/postgres/init.go:118.2,118.40 1 0
coin/internal/database/postgres/mocks/coin.go:17.38,28.2 1 1
coin/internal/database/postgres/mocks/coin.go:30.70,32.9 2 1
coin/internal/database/postgres/mocks/coin.go:32.9,34.3 1 0
coin/internal/database/postgres/mocks/coin.go:36.2,36.18 1 1
coin/internal/database/postgres/mocks/coin.go:39.71,47.2 3 0
coin/internal/database/postgres/mocks/coin.go:49.72,50.38 1 1
coin/internal/database/postgres/mocks/coin.go:50.38,51.24 1 1
coin/internal/database/postgres/mocks/coin.go:51.24,56.4 4 1
coin/internal/database/postgres/mocks/coin.go:58.2,58.37 1 0
coin/internal/database/postgres/mocks/coin.go:61.48,63.2 1 0
coin/internal/database/postgres/mocks/coin.go:65.67,67.2 1 1
coin/internal/database/postgres/mocks/coin.go:69.84,71.2 1 0
coin/internal/database/postgres/mocks/coin.go:73.104,96.2 9 0
coin/service/coin.go:13.56,17.2 1 1
coin/service/coin.go:21.79,24.16 3 1
coin/service/coin.go:24.16,26.3 1 0
coin/service/coin.go:27.2,27.90 1 1
coin/service/coin.go:27.90,29.17 2 0
coin/service/coin.go:29.17,32.4 2 0
coin/service/coin.go:33.3,34.17 2 0
coin/service/coin.go:34.17,37.4 2 0
coin/service/coin.go:39.2,39.18 1 1
coin/service/coin.go:42.57,45.16 3 0
coin/service/coin.go:45.16,48.3 2 0
coin/service/coin.go:49.2,50.12 2 0
coin/service/coin.go:53.86,56.16 3 1
coin/service/coin.go:56.16,58.3 1 0
coin/service/coin.go:60.2,61.16 2 1
coin/service/coin.go:61.16,64.3 2 0
coin/service/coin.go:65.2,65.26 1 1
coin/service/coin.go:65.26,67.3 1 0
coin/service/coin.go:68.2,70.16 3 1
coin/service/coin.go:70.16,73.3 2 0
coin/service/coin.go:75.2,75.18 1 1
coin/service/coin.go:78.47,80.2 1 0
coin/service/coin.go:82.106,85.16 3 0
coin/service/coin.go:85.16,88.3 2 0
coin/service/coin.go:89.2,91.16 3 0
coin/service/coin.go:91.16,94.3 2 0
coin/service/coin.go:96.2,96.25 1 0
coin/service/coin.go:96.25,98.3 1 0
coin/service/coin.go:100.2,100.29 1 0
coin/service/coin.go:100.29,102.3 1 0
coin/service/coin.go:103.2,104.16 2 0
coin/service/coin.go:104.16,107.3 2 0
coin/service/coin.go:108.2,108.37 1 0
coin/service/coin.go:111.83,114.16 3 0
coin/service/coin.go:114.16,117.3 2 0
coin/service/coin.go:118.2,119.16 2 0
coin/service/coin.go:119.16,122.3 2 0
coin/service/coin.go:123.2,123.24 1 0
coin/cmd/app/main.go:17.13,20.16 3 0
coin/cmd/app/main.go:20.16,22.3 1 0
coin/cmd/app/main.go:24.2,27.16 4 0
coin/cmd/app/main.go:27.16,29.3 1 0
coin/cmd/app/main.go:31.2,40.39 7 0
coin/cmd/app/main.go:40.39,42.3 1 0
coin/internal/api/http/coin.go:19.63,23.2 1 1
coin/internal/api/http/coin.go:25.44,28.51 3 0
coin/internal/api/http/coin.go:28.51,32.3 3 0
coin/internal/api/http/coin.go:34.2,35.16 2 0
coin/internal/api/http/coin.go:35.16,39.3 3 0
coin/internal/api/http/coin.go:41.2,42.16 2 0
coin/internal/api/http/coin.go:42.16,46.3 3 0
coin/internal/api/http/coin.go:48.2,50.46 2 0
coin/internal/api/http/coin.go:54.47,57.9 3 0
coin/internal/api/http/coin.go:57.9,60.3 2 0
coin/internal/api/http/coin.go:61.2,62.9 2 0
coin/internal/api/http/coin.go:62.9,66.3 3 0
coin/internal/api/http/coin.go:67.2,68.20 2 0
coin/internal/api/http/coin.go:68.20,71.3 2 0
coin/internal/api/http/coin.go:72.2,73.16 2 0
coin/internal/api/http/coin.go:73.16,74.46 1 0
coin/internal/api/http/coin.go:74.46,77.4 2 0
coin/internal/api/http/coin.go:78.3,78.47 1 0
coin/internal/api/http/coin.go:78.47,81.4 2 0
coin/internal/api/http/coin.go:82.3,84.9 3 0
coin/internal/api/http/coin.go:86.2,86.84 1 0
coin/internal/api/http/coin.go:89.48,92.2 2 0
coin/internal/api/http/coin.go:94.44,97.9 3 1
coin/internal/api/http/coin.go:97.9,100.3 2 0
coin/internal/api/http/coin.go:101.2,102.9 2 1
coin/internal/api/http/coin.go:102.9,106.3 3 0
coin/internal/api/http/coin.go:107.2,108.16 2 1
coin/internal/api/http/coin.go:108.16,112.3 3 0
coin/internal/api/http/coin.go:113.2,117.4 1 1
coin/internal/api/http/coin.go:120.48,126.47 3 0
coin/internal/api/http/coin.go:126.47,129.3 2 0
coin/internal/api/http/coin.go:130.2,130.21 1 0
coin/internal/api/http/coin.go:130.21,133.3 2 0
coin/internal/api/http/coin.go:135.2,136.9 2 0
coin/internal/api/http/coin.go:136.9,139.3 2 0
coin/internal/api/http/coin.go:140.2,141.9 2 0
coin/internal/api/http/coin.go:141.9,144.3 2 0
coin/internal/api/http/coin.go:146.2,146.37 1 0
coin/internal/api/http/coin.go:146.37,149.3 2 0
coin/internal/api/http/coin.go:151.2,152.16 2 0
coin/internal/api/http/coin.go:152.16,153.47 1 0
coin/internal/api/http/coin.go:153.47,156.4 2 0
coin/internal/api/http/coin.go:157.3,159.9 3 0
coin/internal/api/http/coin.go:161.2,166.4 2 0
coin/internal/api/http/coin.go:169.50,172.9 3 0
coin/internal/api/http/coin.go:172.9,176.3 3 0
coin/internal/api/http/coin.go:177.2,178.9 2 0
coin/internal/api/http/coin.go:178.9,181.3 2 0
coin/internal/api/http/coin.go:182.2,183.16 2 0
coin/internal/api/http/coin.go:183.16,187.3 3 0
coin/internal/api/http/coin.go:188.2,189.54 2 0
coin/internal/api/http/coin.go:193.57,195.34 2 0
coin/internal/api/http/coin.go:195.34,197.3 1 0
coin/internal/api/http/coin.go:198.2,199.2 2 0
coin/internal/api/http/coin.go:199.2,206.3 6 0
coin/internal/api/http/middleware/auth.go:10.37,12.23 2 1
coin/internal/api/http/middleware/auth.go:12.23,16.3 3 0
coin/internal/api/http/middleware/auth.go:17.2,19.16 3 1
coin/internal/api/http/middleware/auth.go:19.16,23.3 3 0
coin/internal/api/http/middleware/auth.go:25.2,26.10 2 1
coin/internal/auth/jwt/jwt.go:17.53,28.2 3 1
coin/internal/auth/jwt/jwt.go:30.59,34.43 1 1
coin/internal/auth/jwt/jwt.go:34.43,36.4 1 1
coin/internal/auth/jwt/jwt.go:39.2,39.16 1 1
coin/internal/auth/jwt/jwt.go:39.16,41.3 1 0
coin/internal/auth/jwt/jwt.go:43.2,44.25 2 1
coin/internal/auth/jwt/jwt.go:44.25,46.3 1 0
coin/internal/auth/jwt/jwt.go:48.2,48.50 1 1
coin/internal/auth/jwt/jwt.go:48.50,50.3 1 0
coin/internal/auth/jwt/jwt.go:52.2,52.20 1 1
coin/internal/database/postgres/coin.go:23.52,30.2 3 0
coin/internal/database/postgres/coin.go:32.60,42.16 5 0
coin/internal/database/postgres/coin.go:42.16,44.3 1 0
coin/internal/database/postgres/coin.go:46.2,50.16 2 0
coin/internal/database/postgres/coin.go:50.16,52.3 1 0
coin/internal/database/postgres/coin.go:54.2,54.16 1 0
coin/internal/database/postgres/coin.go:54.16,56.3 1 0
coin/internal/database/postgres/coin.go:58.2,69.16 3 0
coin/internal/database/postgres/coin.go:69.16,71.3 1 0
coin/internal/database/postgres/coin.go:73.2,82.16 2 0
coin/internal/database/postgres/coin.go:82.16,84.3 1 0
coin/internal/database/postgres/coin.go:86.2,86.14 1 0
coin/internal/database/postgres/coin.go:90.72,96.16 6 0
coin/internal/database/postgres/coin.go:96.16,98.3 1 0
coin/internal/database/postgres/coin.go:99.2,101.18 2 0
coin/internal/database/postgres/coin.go:101.18,102.93 1 0
coin/internal/database/postgres/coin.go:102.93,104.4 1 0
coin/internal/database/postgres/coin.go:105.3,105.43 1 0
coin/internal/database/postgres/coin.go:105.43,107.4 1 0
coin/internal/database/postgres/coin.go:109.2,109.15 1 0
coin/internal/database/postgres/coin.go:112.73,115.2 2 0
coin/internal/database/postgres/coin.go:117.74,120.16 3 0
coin/internal/database/postgres/coin.go:120.16,123.3 2 0
coin/internal/database/postgres/coin.go:124.2,125.16 2 0
coin/internal/database/postgres/coin.go:125.16,128.3 2 0
coin/internal/database/postgres/coin.go:130.2,133.16 2 0
coin/internal/database/postgres/coin.go:133.16,137.3 3 0
coin/internal/database/postgres/coin.go:138.2,144.16 3 0
coin/internal/database/postgres/coin.go:144.16,148.3 3 0
coin/internal/database/postgres/coin.go:149.2,150.16 2 0
coin/internal/database/postgres/coin.go:150.16,153.3 2 0
coin/internal/database/postgres/coin.go:154.2,154.12 1 0
coin/internal/database/postgres/coin.go:158.50,160.16 2 0
coin/internal/database/postgres/coin.go:160.16,162.3 1 0
coin/internal/database/postgres/coin.go:163.2,164.18 2 0
coin/internal/database/postgres/coin.go:164.18,167.50 3 0
coin/internal/database/postgres/coin.go:167.50,169.12 2 0
coin/internal/database/postgres/coin.go:171.3,171.63 1 0
coin/internal/database/postgres/coin.go:173.2,173.14 1 0
coin/internal/database/postgres/coin.go:176.69,180.16 4 0
coin/internal/database/postgres/coin.go:180.16,183.3 2 0
coin/internal/database/postgres/coin.go:184.2,184.19 1 0
coin/internal/database/postgres/coin.go:187.86,191.16 4 0
coin/internal/database/postgres/coin.go:191.16,193.3 1 0
coin/internal/database/postgres/coin.go:194.2,196.18 2 0
coin/internal/database/postgres/coin.go:196.18,199.17 3 0
coin/internal/database/postgres/coin.go:199.17,201.12 2 0
coin/internal/database/postgres/coin.go:203.3,203.37 1 0
coin/internal/database/postgres/coin.go:205.2,205.24 1 0
coin/internal/database/postgres/coin.go:208.106,211.16 3 0
coin/internal/database/postgres/coin.go:211.16,214.3 2 0
coin/internal/database/postgres/coin.go:216.2,219.16 2 0
coin/internal/database/postgres/coin.go:219.16,223.3 3 0
coin/internal/database/postgres/coin.go:225.2,228.16 2 0
coin/internal/database/postgres/coin.go:228.16,232.3 3 0
coin/internal/database/postgres/coin.go:233.2,236.16 3 0
coin/internal/database/postgres/coin.go:236.16,240.3 3 0
coin/internal/database/postgres/coin.go:242.2,243.16 2 0
coin/internal/database/postgres/coin.go:243.16,246.3 2 0
coin/internal/database/postgres/coin.go:247.2,247.12 1 0
coin/internal/database/postgres/init.go:13.54,16.65 3 0
coin/internal/database/postgres/init.go:16.65,18.3 1 0
coin/internal/database/postgres/init.go:19.2,19.12 1 0
coin/internal/database/postgres/init.go:19.12,21.3 1 0
coin/internal/database/postgres/init.go:21.8,24.17 3 0
coin/internal/database/postgres/init.go:24.17,26.4 1 0
coin/internal/database/postgres/init.go:26.9,28.4 1 0
coin/internal/database/postgres/init.go:32.33,40.16 3 0
coin/internal/database/postgres/init.go:40.16,42.3 1 0
coin/internal/database/postgres/init.go:44.2,49.16 2 0
coin/internal/database/postgres/init.go:49.16,51.3 1 0
coin/internal/database/postgres/init.go:53.2,60.16 2 0
coin/internal/database/postgres/init.go:60.16,62.3 1 0
coin/internal/database/postgres/init.go:64.2,70.16 2 0
coin/internal/database/postgres/init.go:70.16,72.3 1 0
coin/internal/database/postgres/init.go:74.2,79.16 2 0
coin/internal/database/postgres/init.go:79.16,81.3 1 0
coin/internal/database/postgres/init.go:83.2,89.16 2 0
coin/internal/database/postgres/init.go:89.16,91.3 1 0
coin/internal/database/postgres/init.go:93.2,97.16 2 0
coin/internal/database/postgres/init.go:97.16,99.3 1 0
coin/internal/database/postgres/init.go:100.2,101.41 2 0
coin/internal/database/postgres/init.go:104.30,107.16 3 0
coin/internal/database/postgres/init.go:107.16,109.3 1 0
coin/internal/database/postgres/init.go:110.2,112.21 3 0
coin/internal/database/postgres/init.go:112.21,117.3 2 0
coin/internal/database/postgres/init.go:118.2,118.40 1 0
coin/internal/database/postgres/mocks/coin.go:17.38,28.2 1 1
coin/internal/database/postgres/mocks/coin.go:30.70,32.9 2 1
coin/internal/database/postgres/mocks/coin.go:32.9,34.3 1 0
coin/internal/database/postgres/mocks/coin.go:36.2,36.18 1 1
coin/internal/database/postgres/mocks/coin.go:39.71,47.2 3 0
coin/internal/database/postgres/mocks/coin.go:49.72,50.38 1 0
coin/internal/database/postgres/mocks/coin.go:50.38,51.24 1 0
coin/internal/database/postgres/mocks/coin.go:51.24,56.4 4 0
coin/internal/database/postgres/mocks/coin.go:58.2,58.37 1 0
coin/internal/database/postgres/mocks/coin.go:61.48,63.2 1 0
coin/internal/database/postgres/mocks/coin.go:65.67,67.2 1 0
coin/internal/database/postgres/mocks/coin.go:69.84,71.2 1 0
coin/internal/database/postgres/mocks/coin.go:73.104,96.2 9 0
coin/service/coin.go:13.56,17.2 1 1
coin/service/coin.go:21.79,24.16 3 1
coin/service/coin.go:24.16,26.3 1 0
coin/service/coin.go:27.2,27.90 1 1
coin/service/coin.go:27.90,29.17 2 0
coin/service/coin.go:29.17,32.4 2 0
coin/service/coin.go:33.3,34.17 2 0
coin/service/coin.go:34.17,37.4 2 0
coin/service/coin.go:39.2,39.18 1 1
coin/service/coin.go:42.57,45.16 3 0
coin/service/coin.go:45.16,48.3 2 0
coin/service/coin.go:49.2,50.12 2 0
coin/service/coin.go:53.86,56.16 3 0
coin/service/coin.go:56.16,58.3 1 0
coin/service/coin.go:60.2,61.16 2 0
coin/service/coin.go:61.16,64.3 2 0
coin/service/coin.go:65.2,65.26 1 0
coin/service/coin.go:65.26,67.3 1 0
coin/service/coin.go:68.2,70.16 3 0
coin/service/coin.go:70.16,73.3 2 0
coin/service/coin.go:75.2,75.18 1 0
coin/service/coin.go:78.47,80.2 1 0
coin/service/coin.go:82.106,85.16 3 0
coin/service/coin.go:85.16,88.3 2 0
coin/service/coin.go:89.2,91.16 3 0
coin/service/coin.go:91.16,94.3 2 0
coin/service/coin.go:96.2,96.25 1 0
coin/service/coin.go:96.25,98.3 1 0
coin/service/coin.go:100.2,100.29 1 0
coin/service/coin.go:100.29,102.3 1 0
coin/service/coin.go:103.2,104.16 2 0
coin/service/coin.go:104.16,107.3 2 0
coin/service/coin.go:108.2,108.37 1 0
coin/service/coin.go:111.83,114.16 3 0
coin/service/coin.go:114.16,117.3 2 0
coin/service/coin.go:118.2,119.16 2 0
coin/service/coin.go:119.16,122.3 2 0
coin/service/coin.go:123.2,123.24 1 0
coin/cmd/app/main.go:17.13,20.16 3 0
coin/cmd/app/main.go:20.16,22.3 1 0
coin/cmd/app/main.go:24.2,27.16 4 0
coin/cmd/app/main.go:27.16,29.3 1 0
coin/cmd/app/main.go:31.2,40.39 7 0
coin/cmd/app/main.go:40.39,42.3 1 0
coin/internal/api/http/coin.go:19.63,23.2 1 1
coin/internal/api/http/coin.go:25.44,28.51 3 0
coin/internal/api/http/coin.go:28.51,32.3 3 0
coin/internal/api/http/coin.go:34.2,35.16 2 0
coin/internal/api/http/coin.go:35.16,39.3 3 0
coin/internal/api/http/coin.go:41.2,42.16 2 0
coin/internal/api/http/coin.go:42.16,46.3 3 0
coin/internal/api/http/coin.go:48.2,50.46 2 0
coin/internal/api/http/coin.go:54.47,57.9 3 0
coin/internal/api/http/coin.go:57.9,60.3 2 0
coin/internal/api/http/coin.go:61.2,62.9 2 0
coin/internal/api/http/coin.go:62.9,66.3 3 0
coin/internal/api/http/coin.go:67.2,68.20 2 0
coin/internal/api/http/coin.go:68.20,71.3 2 0
coin/internal/api/http/coin.go:72.2,73.16 2 0
coin/internal/api/http/coin.go:73.16,74.46 1 0
coin/internal/api/http/coin.go:74.46,77.4 2 0
coin/internal/api/http/coin.go:78.3,78.47 1 0
coin/internal/api/http/coin.go:78.47,81.4 2 0
coin/internal/api/http/coin.go:82.3,84.9 3 0
coin/internal/api/http/coin.go:86.2,86.84 1 0
coin/internal/api/http/coin.go:89.48,92.2 2 0
coin/internal/api/http/coin.go:94.44,97.9 3 0
coin/internal/api/http/coin.go:97.9,100.3 2 0
coin/internal/api/http/coin.go:101.2,102.9 2 0
coin/internal/api/http/coin.go:102.9,106.3 3 0
coin/internal/api/http/coin.go:107.2,108.16 2 0
coin/internal/api/http/coin.go:108.16,112.3 3 0
coin/internal/api/http/coin.go:113.2,117.4 1 0
coin/internal/api/http/coin.go:120.48,126.47 3 0
coin/internal/api/http/coin.go:126.47,129.3 2 0
coin/internal/api/http/coin.go:130.2,130.21 1 0
coin/internal/api/http/coin.go:130.21,133.3 2 0
coin/internal/api/http/coin.go:135.2,136.9 2 0
coin/internal/api/http/coin.go:136.9,139.3 2 0
coin/internal/api/http/coin.go:140.2,141.9 2 0
coin/internal/api/http/coin.go:141.9,144.3 2 0
coin/internal/api/http/coin.go:146.2,146.37 1 0
coin/internal/api/http/coin.go:146.37,149.3 2 0
coin/internal/api/http/coin.go:151.2,152.16 2 0
coin/internal/api/http/coin.go:152.16,153.47 1 0
coin/internal/api/http/coin.go:153.47,156.4 2 0
coin/internal/api/http/coin.go:157.3,159.9 3 0
coin/internal/api/http/coin.go:161.2,166.4 2 0
coin/internal/api/http/coin.go:169.50,172.9 3 1
coin/internal/api/http/coin.go:172.9,176.3 3 0
coin/internal/api/http/coin.go:177.2,178.9 2 1
coin/internal/api/http/coin.go:178.9,181.3 2 0
coin/internal/api/http/coin.go:182.2,183.16 2 1
coin/internal/api/http/coin.go:183.16,187.3 3 0
coin/internal/api/http/coin.go:188.2,189.54 2 1
coin/internal/api/http/coin.go:193.57,195.34 2 0
coin/internal/api/http/coin.go:195.34,197.3 1 0
coin/internal/api/http/coin.go:198.2,199.2 2 0
coin/internal/api/http/coin.go:199.2,206.3 6 0
coin/internal/api/http/middleware/auth.go:10.37,12.23 2 1
coin/internal/api/http/middleware/auth.go:12.23,16.3 3 0
coin/internal/api/http/middleware/auth.go:17.2,19.16 3 1
coin/internal/api/http/middleware/auth.go:19.16,23.3 3 0
coin/internal/api/http/middleware/auth.go:25.2,26.10 2 1
coin/internal/auth/jwt/jwt.go:17.53,28.2 3 1
coin/internal/auth/jwt/jwt.go:30.59,34.43 1 1
coin/internal/auth/jwt/jwt.go:34.43,36.4 1 1
coin/internal/auth/jwt/jwt.go:39.2,39.16 1 1
coin/internal/auth/jwt/jwt.go:39.16,41.3 1 0
coin/internal/auth/jwt/jwt.go:43.2,44.25 2 1
coin/internal/auth/jwt/jwt.go:44.25,46.3 1 0
coin/internal/auth/jwt/jwt.go:48.2,48.50 1 1
coin/internal/auth/jwt/jwt.go:48.50,50.3 1 0
coin/internal/auth/jwt/jwt.go:52.2,52.20 1 1
coin/internal/database/postgres/coin.go:23.52,30.2 3 0
coin/internal/database/postgres/coin.go:32.60,42.16 5 0
coin/internal/database/postgres/coin.go:42.16,44.3 1 0
coin/internal/database/postgres/coin.go:46.2,50.16 2 0
coin/internal/database/postgres/coin.go:50.16,52.3 1 0
coin/internal/database/postgres/coin.go:54.2,54.16 1 0
coin/internal/database/postgres/coin.go:54.16,56.3 1 0
coin/internal/database/postgres/coin.go:58.2,69.16 3 0
coin/internal/database/postgres/coin.go:69.16,71.3 1 0
coin/internal/database/postgres/coin.go:73.2,82.16 2 0
coin/internal/database/postgres/coin.go:82.16,84.3 1 0
coin/internal/database/postgres/coin.go:86.2,86.14 1 0
coin/internal/database/postgres/coin.go:90.72,96.16 6 0
coin/internal/database/postgres/coin.go:96.16,98.3 1 0
coin/internal/database/postgres/coin.go:99.2,101.18 2 0
coin/internal/database/postgres/coin.go:101.18,102.93 1 0
coin/internal/database/postgres/coin.go:102.93,104.4 1 0
coin/internal/database/postgres/coin.go:105.3,105.43 1 0
coin/internal/database/postgres/coin.go:105.43,107.4 1 0
coin/internal/database/postgres/coin.go:109.2,109.15 1 0
coin/internal/database/postgres/coin.go:112.73,115.2 2 0
coin/internal/database/postgres/coin.go:117.74,120.16 3 0
coin/internal/database/postgres/coin.go:120.16,123.3 2 0
coin/internal/database/postgres/coin.go:124.2,125.16 2 0
coin/internal/database/postgres/coin.go:125.16,128.3 2 0
coin/internal/database/postgres/coin.go:130.2,133.16 2 0
coin/internal/database/postgres/coin.go:133.16,137.3 3 0
coin/internal/database/postgres/coin.go:138.2,144.16 3 0
coin/internal/database/postgres/coin.go:144.16,148.3 3 0
coin/internal/database/postgres/coin.go:149.2,150.16 2 0
coin/internal/database/postgres/coin.go:150.16,153.3 2 0
coin/internal/database/postgres/coin.go:154.2,154.12 1 0
coin/internal/database/postgres/coin.go:158.50,160.16 2 0
coin/internal/database/postgres/coin.go:160.16,162.3 1 0
coin/internal/database/postgres/coin.go:163.2,164.18 2 0
coin/internal/database/postgres/coin.go:164.18,167.50 3 0
coin/internal/database/postgres/coin.go:167.50,169.12 2 0
coin/internal/database/postgres/coin.go:171.3,171.63 1 0
coin/internal/database/postgres/coin.go:173.2,173.14 1 0
coin/internal/database/postgres/coin.go:176.69,180.16 4 0
coin/internal/database/postgres/coin.go:180.16,183.3 2 0
coin/internal/database/postgres/coin.go:184.2,184.19 1 0
coin/internal/database/postgres/coin.go:187.86,191.16 4 0
coin/internal/database/postgres/coin.go:191.16,193.3 1 0
coin/internal/database/postgres/coin.go:194.2,196.18 2 0
coin/internal/database/postgres/coin.go:196.18,199.17 3 0
coin/internal/database/postgres/coin.go:199.17,201.12 2 0
coin/internal/database/postgres/coin.go:203.3,203.37 1 0
coin/internal/database/postgres/coin.go:205.2,205.24 1 0
coin/internal/database/postgres/coin.go:208.106,211.16 3 0
coin/internal/database/postgres/coin.go:211.16,214.3 2 0
coin/internal/database/postgres/coin.go:216.2,219.16 2 0
coin/internal/database/postgres/coin.go:219.16,223.3 3 0
coin/internal/database/postgres/coin.go:225.2,228.16 2 0
coin/internal/database/postgres/coin.go:228.16,232.3 3 0
coin/internal/database/postgres/coin.go:233.2,236.16 3 0
coin/internal/database/postgres/coin.go:236.16,240.3 3 0
coin/internal/database/postgres/coin.go:242.2,243.16 2 0
coin/internal/database/postgres/coin.go:243.16,246.3 2 0
coin/internal/database/postgres/coin.go:247.2,247.12 1 0
coin/internal/database/postgres/init.go:13.54,16.65 3 0
coin/internal/database/postgres/init.go:16.65,18.3 1 0
coin/internal/database/postgres/init.go:19.2,19.12 1 0
coin/internal/database/postgres/init.go:19.12,21.3 1 0
coin/internal/database/postgres/init.go:21.8,24.17 3 0
coin/internal/database/postgres/init.go:24.17,26.4 1 0
coin/internal/database/postgres/init.go:26.9,28.4 1 0
coin/internal/database/postgres/init.go:32.33,40.16 3 0
coin/internal/database/postgres/init.go:40.16,42.3 1 0
coin/internal/database/postgres/init.go:44.2,49.16 2 0
coin/internal/database/postgres/init.go:49.16,51.3 1 0
coin/internal/database/postgres/init.go:53.2,60.16 2 0
coin/internal/database/postgres/init.go:60.16,62.3 1 0
coin/internal/database/postgres/init.go:64.2,70.16 2 0
coin/internal/database/postgres/init.go:70.16,72.3 1 0
coin/internal/database/postgres/init.go:74.2,79.16 2 0
coin/internal/database/postgres/init.go:79.16,81.3 1 0
coin/internal/database/postgres/init.go:83.2,89.16 2 0
coin/internal/database/postgres/init.go:89.16,91.3 1 0
coin/internal/database/postgres/init.go:93.2,97.16 2 0
coin/internal/database/postgres/init.go:97.16,99.3 1 0
coin/internal/database/postgres/init.go:100.2,101.41 2 0
coin/internal/database/postgres/init.go:104.30,107.16 3 0
coin/internal/database/postgres/init.go:107.16,109.3 1 0
coin/internal/database/postgres/init.go:110.2,112.21 3 0
coin/internal/database/postgres/init.go:112.21,117.3 2 0
coin/internal/database/postgres/init.go:118.2,118.40 1 0
coin/internal/database/postgres/mocks/coin.go:17.38,28.2 1 1
coin/internal/database/postgres/mocks/coin.go:30.70,32.9 2 1
coin/internal/database/postgres/mocks/coin.go:32.9,34.3 1 0
coin/internal/database/postgres/mocks/coin.go:36.2,36.18 1 1
coin/internal/database/postgres/mocks/coin.go:39.71,47.2 3 0
coin/internal/database/postgres/mocks/coin.go:49.72,50.38 1 0
coin/internal/database/postgres/mocks/coin.go:50.38,51.24 1 0
coin/internal/database/postgres/mocks/coin.go:51.24,56.4 4 0
coin/internal/database/postgres/mocks/coin.go:58.2,58.37 1 0
coin/internal/database/postgres/mocks/coin.go:61.48,63.2 1 0
coin/internal/database/postgres/mocks/coin.go:65.67,67.2 1 0
coin/internal/database/postgres/mocks/coin.go:69.84,71.2 1 1
coin/internal/database/postgres/mocks/coin.go:73.104,96.2 9 0
coin/service/coin.go:13.56,17.2 1 1
coin/service/coin.go:21.79,24.16 3 1
coin/service/coin.go:24.16,26.3 1 0
coin/service/coin.go:27.2,27.90 1 1
coin/service/coin.go:27.90,29.17 2 0
coin/service/coin.go:29.17,32.4 2 0
coin/service/coin.go:33.3,34.17 2 0
coin/service/coin.go:34.17,37.4 2 0
coin/service/coin.go:39.2,39.18 1 1
coin/service/coin.go:42.57,45.16 3 0
coin/service/coin.go:45.16,48.3 2 0
coin/service/coin.go:49.2,50.12 2 0
coin/service/coin.go:53.86,56.16 3 0
coin/service/coin.go:56.16,58.3 1 0
coin/service/coin.go:60.2,61.16 2 0
coin/service/coin.go:61.16,64.3 2 0
coin/service/coin.go:65.2,65.26 1 0
coin/service/coin.go:65.26,67.3 1 0
coin/service/coin.go:68.2,70.16 3 0
coin/service/coin.go:70.16,73.3 2 0
coin/service/coin.go:75.2,75.18 1 0
coin/service/coin.go:78.47,80.2 1 0
coin/service/coin.go:82.106,85.16 3 0
coin/service/coin.go:85.16,88.3 2 0
coin/service/coin.go:89.2,91.16 3 0
coin/service/coin.go:91.16,94.3 2 0
coin/service/coin.go:96.2,96.25 1 0
coin/service/coin.go:96.25,98.3 1 0
coin/service/coin.go:100.2,100.29 1 0
coin/service/coin.go:100.29,102.3 1 0
coin/service/coin.go:103.2,104.16 2 0
coin/service/coin.go:104.16,107.3 2 0
coin/service/coin.go:108.2,108.37 1 0
coin/service/coin.go:111.83,114.16 3 1
coin/service/coin.go:114.16,117.3 2 0
coin/service/coin.go:118.2,119.16 2 1
coin/service/coin.go:119.16,122.3 2 0
coin/service/coin.go:123.2,123.24 1 1
coin/cmd/app/main.go:17.13,20.16 3 0
coin/cmd/app/main.go:20.16,22.3 1 0
coin/cmd/app/main.go:24.2,27.16 4 0
coin/cmd/app/main.go:27.16,29.3 1 0
coin/cmd/app/main.go:31.2,40.39 7 0
coin/cmd/app/main.go:40.39,42.3 1 0
coin/internal/api/http/coin.go:19.63,23.2 1 1
coin/internal/api/http/coin.go:25.44,28.51 3 0
coin/internal/api/http/coin.go:28.51,32.3 3 0
coin/internal/api/http/coin.go:34.2,35.16 2 0
coin/internal/api/http/coin.go:35.16,39.3 3 0
coin/internal/api/http/coin.go:41.2,42.16 2 0
coin/internal/api/http/coin.go:42.16,46.3 3 0
coin/internal/api/http/coin.go:48.2,50.46 2 0
coin/internal/api/http/coin.go:54.47,57.9 3 0
coin/internal/api/http/coin.go:57.9,60.3 2 0
coin/internal/api/http/coin.go:61.2,62.9 2 0
coin/internal/api/http/coin.go:62.9,66.3 3 0
coin/internal/api/http/coin.go:67.2,68.20 2 0
coin/internal/api/http/coin.go:68.20,71.3 2 0
coin/internal/api/http/coin.go:72.2,73.16 2 0
coin/internal/api/http/coin.go:73.16,74.46 1 0
coin/internal/api/http/coin.go:74.46,77.4 2 0
coin/internal/api/http/coin.go:78.3,78.47 1 0
coin/internal/api/http/coin.go:78.47,81.4 2 0
coin/internal/api/http/coin.go:82.3,84.9 3 0
coin/internal/api/http/coin.go:86.2,86.84 1 0
coin/internal/api/http/coin.go:89.48,92.2 2 0
coin/internal/api/http/coin.go:94.44,97.9 3 0
coin/internal/api/http/coin.go:97.9,100.3 2 0
coin/internal/api/http/coin.go:101.2,102.9 2 0
coin/internal/api/http/coin.go:102.9,106.3 3 0
coin/internal/api/http/coin.go:107.2,108.16 2 0
coin/internal/api/http/coin.go:108.16,112.3 3 0
coin/internal/api/http/coin.go:113.2,117.4 1 0
coin/internal/api/http/coin.go:120.48,126.47 3 1
coin/internal/api/http/coin.go:126.47,129.3 2 0
coin/internal/api/http/coin.go:130.2,130.21 1 1
coin/internal/api/http/coin.go:130.21,133.3 2 0
coin/internal/api/http/coin.go:135.2,136.9 2 1
coin/internal/api/http/coin.go:136.9,139.3 2 0
coin/internal/api/http/coin.go:140.2,141.9 2 1
coin/internal/api/http/coin.go:141.9,144.3 2 0
coin/internal/api/http/coin.go:146.2,146.37 1 1
coin/internal/api/http/coin.go:146.37,149.3 2 0
coin/internal/api/http/coin.go:151.2,152.16 2 1
coin/internal/api/http/coin.go:152.16,153.47 1 0
coin/internal/api/http/coin.go:153.47,156.4 2 0
coin/internal/api/http/coin.go:157.3,159.9 3 0
coin/internal/api/http/coin.go:161.2,166.4 2 1
coin/internal/api/http/coin.go:169.50,172.9 3 0
coin/internal/api/http/coin.go:172.9,176.3 3 0
coin/internal/api/http/coin.go:177.2,178.9 2 0
coin/internal/api/http/coin.go:178.9,181.3 2 0
coin/internal/api/http/coin.go:182.2,183.16 2 0
coin/internal/api/http/coin.go:183.16,187.3 3 0
coin/internal/api/http/coin.go:188.2,189.54 2 0
coin/internal/api/http/coin.go:193.57,195.34 2 0
coin/internal/api/http/coin.go:195.34,197.3 1 0
coin/internal/api/http/coin.go:198.2,199.2 2 0
coin/internal/api/http/coin.go:199.2,206.3 6 0
coin/internal/api/http/middleware/auth.go:10.37,12.23 2 1
coin/internal/api/http/middleware/auth.go:12.23,16.3 3 0
coin/internal/api/http/middleware/auth.go:17.2,19.16 3 1
coin/internal/api/http/middleware/auth.go:19.16,23.3 3 0
coin/internal/api/http/middleware/auth.go:25.2,26.10 2 1
coin/internal/auth/jwt/jwt.go:17.53,28.2 3 1
coin/internal/auth/jwt/jwt.go:30.59,34.43 1 1
coin/internal/auth/jwt/jwt.go:34.43,36.4 1 1
coin/internal/auth/jwt/jwt.go:39.2,39.16 1 1
coin/internal/auth/jwt/jwt.go:39.16,41.3 1 0
coin/internal/auth/jwt/jwt.go:43.2,44.25 2 1
coin/internal/auth/jwt/jwt.go:44.25,46.3 1 0
coin/internal/auth/jwt/jwt.go:48.2,48.50 1 1
coin/internal/auth/jwt/jwt.go:48.50,50.3 1 0
coin/internal/auth/jwt/jwt.go:52.2,52.20 1 1
coin/internal/database/postgres/coin.go:23.52,30.2 3 0
coin/internal/database/postgres/coin.go:32.60,42.16 5 0
coin/internal/database/postgres/coin.go:42.16,44.3 1 0
coin/internal/database/postgres/coin.go:46.2,50.16 2 0
coin/internal/database/postgres/coin.go:50.16,52.3 1 0
coin/internal/database/postgres/coin.go:54.2,54.16 1 0
coin/internal/database/postgres/coin.go:54.16,56.3 1 0
coin/internal/database/postgres/coin.go:58.2,69.16 3 0
coin/internal/database/postgres/coin.go:69.16,71.3 1 0
coin/internal/database/postgres/coin.go:73.2,82.16 2 0
coin/internal/database/postgres/coin.go:82.16,84.3 1 0
coin/internal/database/postgres/coin.go:86.2,86.14 1 0
coin/internal/database/postgres/coin.go:90.72,96.16 6 0
coin/internal/database/postgres/coin.go:96.16,98.3 1 0
coin/internal/database/postgres/coin.go:99.2,101.18 2 0
coin/internal/database/postgres/coin.go:101.18,102.93 1 0
coin/internal/database/postgres/coin.go:102.93,104.4 1 0
coin/internal/database/postgres/coin.go:105.3,105.43 1 0
coin/internal/database/postgres/coin.go:105.43,107.4 1 0
coin/internal/database/postgres/coin.go:109.2,109.15 1 0
coin/internal/database/postgres/coin.go:112.73,115.2 2 0
coin/internal/database/postgres/coin.go:117.74,120.16 3 0
coin/internal/database/postgres/coin.go:120.16,123.3 2 0
coin/internal/database/postgres/coin.go:124.2,125.16 2 0
coin/internal/database/postgres/coin.go:125.16,128.3 2 0
coin/internal/database/postgres/coin.go:130.2,133.16 2 0
coin/internal/database/postgres/coin.go:133.16,137.3 3 0
coin/internal/database/postgres/coin.go:138.2,144.16 3 0
coin/internal/database/postgres/coin.go:144.16,148.3 3 0
coin/internal/database/postgres/coin.go:149.2,150.16 2 0
coin/internal/database/postgres/coin.go:150.16,153.3 2 0
coin/internal/database/postgres/coin.go:154.2,154.12 1 0
coin/internal/database/postgres/coin.go:158.50,160.16 2 0
coin/internal/database/postgres/coin.go:160.16,162.3 1 0
coin/internal/database/postgres/coin.go:163.2,164.18 2 0
coin/internal/database/postgres/coin.go:164.18,167.50 3 0
coin/internal/database/postgres/coin.go:167.50,169.12 2 0
coin/internal/database/postgres/coin.go:171.3,171.63 1 0
coin/internal/database/postgres/coin.go:173.2,173.14 1 0
coin/internal/database/postgres/coin.go:176.69,180.16 4 0
coin/internal/database/postgres/coin.go:180.16,183.3 2 0
coin/internal/database/postgres/coin.go:184.2,184.19 1 0
coin/internal/database/postgres/coin.go:187.86,191.16 4 0
coin/internal/database/postgres/coin.go:191.16,193.3 1 0
coin/internal/database/postgres/coin.go:194.2,196.18 2 0
coin/internal/database/postgres/coin.go:196.18,199.17 3 0
coin/internal/database/postgres/coin.go:199.17,201.12 2 0
coin/internal/database/postgres/coin.go:203.3,203.37 1 0
coin/internal/database/postgres/coin.go:205.2,205.24 1 0
coin/internal/database/postgres/coin.go:208.106,211.16 3 0
coin/internal/database/postgres/coin.go:211.16,214.3 2 0
coin/internal/database/postgres/coin.go:216.2,219.16 2 0
coin/internal/database/postgres/coin.go:219.16,223.3 3 0
coin/internal/database/postgres/coin.go:225.2,228.16 2 0
coin/internal/database/postgres/coin.go:228.16,232.3 3 0
coin/internal/database/postgres/coin.go:233.2,236.16 3 0
coin/internal/database/postgres/coin.go:236.16,240.3 3 0
coin/internal/database/postgres/coin.go:242.2,243.16 2 0
coin/internal/database/postgres/coin.go:243.16,246.3 2 0
coin/internal/database/postgres/coin.go:247.2,247.12 1 0
coin/internal/database/postgres/init.go:13.54,16.65 3 0
coin/internal/database/postgres/init.go:16.65,18.3 1 0
coin/internal/database/postgres/init.go:19.2,19.12 1 0
coin/internal/database/postgres/init.go:19.12,21.3 1 0
coin/internal/database/postgres/init.go:21.8,24.17 3 0
coin/internal/database/postgres/init.go:24.17,26.4 1 0
coin/internal/database/postgres/init.go:26.9,28.4 1 0
coin/internal/database/postgres/init.go:32.33,40.16 3 0
coin/internal/database/postgres/init.go:40.16,42.3 1 0
coin/internal/database/postgres/init.go:44.2,49.16 2 0
coin/internal/database/postgres/init.go:49.16,51.3 1 0
coin/internal/database/postgres/init.go:53.2,60.16 2 0
coin/internal/database/postgres/init.go:60.16,62.3 1 0
coin/internal/database/postgres/init.go:64.2,70.16 2 0
coin/internal/database/postgres/init.go:70.16,72.3 1 0
coin/internal/database/postgres/init.go:74.2,79.16 2 0
coin/internal/database/postgres/init.go:79.16,81.3 1 0
coin/internal/database/postgres/init.go:83.2,89.16 2 0
coin/internal/database/postgres/init.go:89.16,91.3 1 0
coin/internal/database/postgres/init.go:93.2,97.16 2 0
coin/internal/database/postgres/init.go:97.16,99.3 1 0
coin/internal/database/postgres/init.go:100.2,101.41 2 0
coin/internal/database/postgres/init.go:104.30,107.16 3 0
coin/internal/database/postgres/init.go:107.16,109.3 1 0
coin/internal/database/postgres/init.go:110.2,112.21 3 0
coin/internal/database/postgres/init.go:112.21,117.3 2 0
coin/internal/database/postgres/init.go:118.2,118.40 1 0
coin/internal/database/postgres/mocks/coin.go:17.38,28.2 1 1
coin/internal/database/postgres/mocks/coin.go:30.70,32.9 2 1
coin/internal/database/postgres/mocks/coin.go:32.9,34.3 1 0
coin/internal/database/postgres/mocks/coin.go:36.2,36.18 1 1
coin/internal/database/postgres/mocks/coin.go:39.71,47.2 3 0
coin/internal/database/postgres/mocks/coin.go:49.72,50.38 1 0
coin/internal/database/postgres/mocks/coin.go:50.38,51.24 1 0
coin/internal/database/postgres/mocks/coin.go:51.24,56.4 4 0
coin/internal/database/postgres/mocks/coin.go:58.2,58.37 1 0
coin/internal/database/postgres/mocks/coin.go:61.48,63.2 1 0
coin/internal/database/postgres/mocks/coin.go:65.67,67.2 1 0
coin/internal/database/postgres/mocks/coin.go:69.84,71.2 1 0
coin/internal/database/postgres/mocks/coin.go:73.104,96.2 9 1
coin/service/coin.go:13.56,17.2 1 1
coin/service/coin.go:21.79,24.16 3 1
coin/service/coin.go:24.16,26.3 1 0
coin/service/coin.go:27.2,27.90 1 1
coin/service/coin.go:27.90,29.17 2 0
coin/service/coin.go:29.17,32.4 2 0
coin/service/coin.go:33.3,34.17 2 0
coin/service/coin.go:34.17,37.4 2 0
coin/service/coin.go:39.2,39.18 1 1
coin/service/coin.go:42.57,45.16 3 0
coin/service/coin.go:45.16,48.3 2 0
coin/service/coin.go:49.2,50.12 2 0
coin/service/coin.go:53.86,56.16 3 0
coin/service/coin.go:56.16,58.3 1 0
coin/service/coin.go:60.2,61.16 2 0
coin/service/coin.go:61.16,64.3 2 0
coin/service/coin.go:65.2,65.26 1 0
coin/service/coin.go:65.26,67.3 1 0
coin/service/coin.go:68.2,70.16 3 0
coin/service/coin.go:70.16,73.3 2 0
coin/service/coin.go:75.2,75.18 1 0
coin/service/coin.go:78.47,80.2 1 0
coin/service/coin.go:82.106,85.16 3 1
coin/service/coin.go:85.16,88.3 2 0
coin/service/coin.go:89.2,91.16 3 1
coin/service/coin.go:91.16,94.3 2 0
coin/service/coin.go:96.2,96.25 1 1
coin/service/coin.go:96.25,98.3 1 0
coin/service/coin.go:100.2,100.29 1 1
coin/service/coin.go:100.29,102.3 1 0
coin/service/coin.go:103.2,104.16 2 1
coin/service/coin.go:104.16,107.3 2 0
coin/service/coin.go:108.2,108.37 1 1
coin/service/coin.go:111.83,114.16 3 0
coin/service/coin.go:114.16,117.3 2 0
coin/service/coin.go:118.2,119.16 2 0
coin/service/coin.go:119.16,122.3 2 0
coin/service/coin.go:123.2,123.24 1 0
