mode: set
coin/internal/api/http/middleware/auth.go:10.37,12.23 2 0
coin/internal/api/http/middleware/auth.go:12.23,16.3 3 0
coin/internal/api/http/middleware/auth.go:17.2,19.16 3 0
coin/internal/api/http/middleware/auth.go:19.16,23.3 3 0
coin/internal/api/http/middleware/auth.go:25.2,26.10 2 0
coin/internal/api/http/coin.go:19.63,23.2 1 0
coin/internal/api/http/coin.go:25.44,28.51 3 0
coin/internal/api/http/coin.go:28.51,32.3 3 0
coin/internal/api/http/coin.go:34.2,35.16 2 0
coin/internal/api/http/coin.go:35.16,39.3 3 0
coin/internal/api/http/coin.go:41.2,42.16 2 0
coin/internal/api/http/coin.go:42.16,46.3 3 0
coin/internal/api/http/coin.go:48.2,50.46 2 0
coin/internal/api/http/coin.go:54.47,57.9 3 0
coin/internal/api/http/coin.go:57.9,60.3 2 0
coin/internal/api/http/coin.go:61.2,62.9 2 0
coin/internal/api/http/coin.go:62.9,66.3 3 0
coin/internal/api/http/coin.go:67.2,68.20 2 0
coin/internal/api/http/coin.go:68.20,71.3 2 0
coin/internal/api/http/coin.go:72.2,73.16 2 0
coin/internal/api/http/coin.go:73.16,74.46 1 0
coin/internal/api/http/coin.go:74.46,77.4 2 0
coin/internal/api/http/coin.go:78.3,78.47 1 0
coin/internal/api/http/coin.go:78.47,81.4 2 0
coin/internal/api/http/coin.go:82.3,84.9 3 0
coin/internal/api/http/coin.go:86.2,86.84 1 0
coin/internal/api/http/coin.go:89.48,92.16 3 0
coin/internal/api/http/coin.go:92.16,95.3 2 0
coin/internal/api/http/coin.go:96.2,96.30 1 0
coin/internal/api/http/coin.go:99.44,102.9 3 0
coin/internal/api/http/coin.go:102.9,105.3 2 0
coin/internal/api/http/coin.go:106.2,107.9 2 0
coin/internal/api/http/coin.go:107.9,111.3 3 0
coin/internal/api/http/coin.go:112.2,113.16 2 0
coin/internal/api/http/coin.go:113.16,117.3 3 0
coin/internal/api/http/coin.go:118.2,122.4 1 0
coin/internal/api/http/coin.go:125.48,131.47 3 0
coin/internal/api/http/coin.go:131.47,134.3 2 0
coin/internal/api/http/coin.go:135.2,135.21 1 0
coin/internal/api/http/coin.go:135.21,138.3 2 0
coin/internal/api/http/coin.go:140.2,141.9 2 0
coin/internal/api/http/coin.go:141.9,144.3 2 0
coin/internal/api/http/coin.go:145.2,146.9 2 0
coin/internal/api/http/coin.go:146.9,149.3 2 0
coin/internal/api/http/coin.go:151.2,151.37 1 0
coin/internal/api/http/coin.go:151.37,154.3 2 0
coin/internal/api/http/coin.go:156.2,157.16 2 0
coin/internal/api/http/coin.go:157.16,158.47 1 0
coin/internal/api/http/coin.go:158.47,161.4 2 0
coin/internal/api/http/coin.go:162.3,164.9 3 0
coin/internal/api/http/coin.go:166.2,171.4 2 0
coin/internal/api/http/coin.go:174.50,177.9 3 0
coin/internal/api/http/coin.go:177.9,181.3 3 0
coin/internal/api/http/coin.go:182.2,183.9 2 0
coin/internal/api/http/coin.go:183.9,186.3 2 0
coin/internal/api/http/coin.go:187.2,188.16 2 0
coin/internal/api/http/coin.go:188.16,192.3 3 0
coin/internal/api/http/coin.go:193.2,194.54 2 0
coin/internal/api/http/coin.go:198.57,200.34 2 0
coin/internal/api/http/coin.go:200.34,202.3 1 0
coin/internal/api/http/coin.go:203.2,204.2 2 0
coin/internal/api/http/coin.go:204.2,211.3 6 0
coin/cmd/app/config/config.go:36.28,42.2 3 0
coin/cmd/app/config/config.go:44.40,45.19 1 0
coin/cmd/app/config/config.go:45.19,47.3 1 0
coin/cmd/app/config/config.go:49.2,49.52 1 0
coin/cmd/app/config/config.go:49.52,51.3 1 0
coin/cmd/app/config/config.go:53.2,53.58 1 0
coin/cmd/app/config/config.go:53.58,55.3 1 0
coin/cmd/app/main.go:21.13,28.16 6 0
coin/cmd/app/main.go:28.16,30.3 1 0
coin/cmd/app/main.go:32.2,36.16 4 0
coin/cmd/app/main.go:36.16,38.3 1 0
coin/cmd/app/main.go:40.2,53.48 11 0
coin/cmd/app/main.go:53.48,55.3 1 0
coin/internal/database/postgres/coin.go:21.50,28.2 3 0
coin/internal/database/postgres/coin.go:30.60,40.16 5 0
coin/internal/database/postgres/coin.go:40.16,42.3 1 0
coin/internal/database/postgres/coin.go:44.2,48.16 2 0
coin/internal/database/postgres/coin.go:48.16,50.3 1 0
coin/internal/database/postgres/coin.go:52.2,61.16 2 0
coin/internal/database/postgres/coin.go:61.16,63.3 1 0
coin/internal/database/postgres/coin.go:65.2,65.14 1 0
coin/internal/database/postgres/coin.go:69.71,75.16 6 0
coin/internal/database/postgres/coin.go:75.16,77.3 1 0
coin/internal/database/postgres/coin.go:78.2,80.18 2 0
coin/internal/database/postgres/coin.go:80.18,81.93 1 0
coin/internal/database/postgres/coin.go:81.93,83.4 1 0
coin/internal/database/postgres/coin.go:84.3,84.43 1 0
coin/internal/database/postgres/coin.go:84.43,86.4 1 0
coin/internal/database/postgres/coin.go:88.2,88.15 1 0
coin/internal/database/postgres/coin.go:91.72,94.2 2 0
coin/internal/database/postgres/coin.go:96.84,99.16 3 0
coin/internal/database/postgres/coin.go:99.16,102.3 2 0
coin/internal/database/postgres/coin.go:104.2,107.16 2 0
coin/internal/database/postgres/coin.go:107.16,109.18 2 0
coin/internal/database/postgres/coin.go:109.18,111.4 1 0
coin/internal/database/postgres/coin.go:112.3,113.13 2 0
coin/internal/database/postgres/coin.go:115.2,121.16 3 0
coin/internal/database/postgres/coin.go:121.16,123.18 2 0
coin/internal/database/postgres/coin.go:123.18,125.4 1 0
coin/internal/database/postgres/coin.go:126.3,127.13 2 0
coin/internal/database/postgres/coin.go:129.2,130.16 2 0
coin/internal/database/postgres/coin.go:130.16,133.3 2 0
coin/internal/database/postgres/coin.go:134.2,134.12 1 0
coin/internal/database/postgres/coin.go:137.85,141.16 4 0
coin/internal/database/postgres/coin.go:141.16,143.3 1 0
coin/internal/database/postgres/coin.go:144.2,146.18 2 0
coin/internal/database/postgres/coin.go:146.18,149.17 3 0
coin/internal/database/postgres/coin.go:149.17,151.12 2 0
coin/internal/database/postgres/coin.go:153.3,153.37 1 0
coin/internal/database/postgres/coin.go:155.2,155.24 1 0
coin/internal/database/postgres/coin.go:158.105,161.16 3 0
coin/internal/database/postgres/coin.go:161.16,164.3 2 0
coin/internal/database/postgres/coin.go:166.2,169.16 2 0
coin/internal/database/postgres/coin.go:169.16,171.18 2 0
coin/internal/database/postgres/coin.go:171.18,173.4 1 0
coin/internal/database/postgres/coin.go:174.3,175.13 2 0
coin/internal/database/postgres/coin.go:178.2,181.16 2 0
coin/internal/database/postgres/coin.go:181.16,183.18 2 0
coin/internal/database/postgres/coin.go:183.18,185.4 1 0
coin/internal/database/postgres/coin.go:186.3,187.13 2 0
coin/internal/database/postgres/coin.go:189.2,192.16 3 0
coin/internal/database/postgres/coin.go:192.16,194.18 2 0
coin/internal/database/postgres/coin.go:194.18,196.4 1 0
coin/internal/database/postgres/coin.go:197.3,198.13 2 0
coin/internal/database/postgres/coin.go:201.2,202.16 2 0
coin/internal/database/postgres/coin.go:202.16,205.3 2 0
coin/internal/database/postgres/coin.go:206.2,206.12 1 0
coin/internal/database/postgres/init.go:10.54,13.65 3 0
coin/internal/database/postgres/init.go:13.65,15.3 1 0
coin/internal/database/postgres/init.go:16.2,16.12 1 0
coin/internal/database/postgres/init.go:16.12,18.3 1 0
coin/internal/database/postgres/init.go:18.8,21.17 3 0
coin/internal/database/postgres/init.go:21.17,23.4 1 0
coin/internal/database/postgres/init.go:24.3,24.63 1 0
coin/internal/database/postgres/init.go:28.33,36.16 3 0
coin/internal/database/postgres/init.go:36.16,38.3 1 0
coin/internal/database/postgres/init.go:40.2,45.16 2 0
coin/internal/database/postgres/init.go:45.16,47.3 1 0
coin/internal/database/postgres/init.go:49.2,56.16 2 0
coin/internal/database/postgres/init.go:56.16,58.3 1 0
coin/internal/database/postgres/init.go:60.2,66.16 2 0
coin/internal/database/postgres/init.go:66.16,68.3 1 0
coin/internal/database/postgres/init.go:70.2,75.16 2 0
coin/internal/database/postgres/init.go:75.16,77.3 1 0
coin/internal/database/postgres/init.go:79.2,83.16 2 0
coin/internal/database/postgres/init.go:83.16,85.3 1 0
coin/internal/database/postgres/init.go:87.2,87.41 1 0
coin/service/coin.go:13.58,17.2 1 0
coin/service/coin.go:21.79,24.16 3 0
coin/service/coin.go:24.16,26.3 1 0
coin/service/coin.go:27.2,27.90 1 0
coin/service/coin.go:27.90,29.17 2 0
coin/service/coin.go:29.17,32.4 2 0
coin/service/coin.go:33.3,34.17 2 0
coin/service/coin.go:34.17,37.4 2 0
coin/service/coin.go:39.2,39.18 1 0
coin/service/coin.go:42.58,45.16 3 0
coin/service/coin.go:45.16,48.3 2 0
coin/service/coin.go:49.2,50.16 2 0
coin/service/coin.go:50.16,53.3 2 0
coin/service/coin.go:54.2,54.12 1 0
coin/service/coin.go:57.86,60.16 3 0
coin/service/coin.go:60.16,62.3 1 0
coin/service/coin.go:64.2,65.16 2 0
coin/service/coin.go:65.16,68.3 2 0
coin/service/coin.go:69.2,69.26 1 0
coin/service/coin.go:69.26,71.3 1 0
coin/service/coin.go:72.2,74.16 3 0
coin/service/coin.go:74.16,77.3 2 0
coin/service/coin.go:79.2,79.18 1 0
coin/service/coin.go:82.57,84.2 1 0
coin/service/coin.go:86.106,89.16 3 0
coin/service/coin.go:89.16,92.3 2 0
coin/service/coin.go:93.2,95.16 3 0
coin/service/coin.go:95.16,98.3 2 0
coin/service/coin.go:100.2,100.25 1 0
coin/service/coin.go:100.25,102.3 1 0
coin/service/coin.go:104.2,104.29 1 0
coin/service/coin.go:104.29,106.3 1 0
coin/service/coin.go:107.2,108.16 2 0
coin/service/coin.go:108.16,111.3 2 0
coin/service/coin.go:112.2,112.37 1 0
coin/service/coin.go:115.83,118.16 3 0
coin/service/coin.go:118.16,121.3 2 0
coin/service/coin.go:122.2,123.16 2 0
coin/service/coin.go:123.16,126.3 2 0
coin/service/coin.go:127.2,127.24 1 0
coin/internal/database/redis/item.go:21.47,26.16 3 0
coin/internal/database/redis/item.go:26.16,28.3 1 0
coin/internal/database/redis/item.go:29.2,30.43 2 0
coin/internal/database/redis/item.go:30.43,32.3 1 0
coin/internal/database/redis/item.go:33.2,33.14 1 0
coin/internal/database/redis/item.go:36.43,40.16 4 0
coin/internal/database/redis/item.go:40.16,42.3 1 0
coin/internal/database/redis/item.go:43.2,45.21 3 0
coin/internal/database/redis/item.go:45.21,52.17 4 0
coin/internal/database/redis/item.go:52.17,54.12 2 0
coin/internal/database/redis/item.go:56.3,56.55 1 0
coin/internal/database/redis/item.go:58.2,58.12 1 0
coin/internal/database/redis/item.go:61.66,63.16 2 0
coin/internal/database/redis/item.go:63.16,65.3 1 0
coin/internal/database/redis/item.go:66.2,67.16 2 0
coin/internal/database/redis/item.go:67.16,69.3 1 0
coin/internal/database/redis/item.go:70.2,70.19 1 0
coin/internal/database/redis/item.go:73.57,77.6 3 0
coin/internal/database/redis/item.go:77.6,79.17 2 0
coin/internal/database/redis/item.go:79.17,81.4 1 0
coin/internal/database/redis/item.go:82.3,84.28 2 0
coin/internal/database/redis/item.go:84.28,86.18 2 0
coin/internal/database/redis/item.go:86.18,88.13 2 0
coin/internal/database/redis/item.go:91.4,92.18 2 0
coin/internal/database/redis/item.go:92.18,94.13 2 0
coin/internal/database/redis/item.go:97.4,98.23 2 0
coin/internal/database/redis/item.go:98.23,100.13 2 0
coin/internal/database/redis/item.go:103.4,107.31 2 0
coin/internal/database/redis/item.go:110.3,110.18 1 0
coin/internal/database/redis/item.go:110.18,111.9 1 0
coin/internal/database/redis/item.go:115.2,115.19 1 0
coin/internal/repository/mocks/coin.go:17.38,28.2 1 0
coin/internal/repository/mocks/coin.go:30.70,32.9 2 0
coin/internal/repository/mocks/coin.go:32.9,34.3 1 0
coin/internal/repository/mocks/coin.go:36.2,36.18 1 0
coin/internal/repository/mocks/coin.go:39.71,47.2 3 0
coin/internal/repository/mocks/coin.go:49.72,50.38 1 0
coin/internal/repository/mocks/coin.go:50.38,51.24 1 0
coin/internal/repository/mocks/coin.go:51.24,56.4 4 0
coin/internal/repository/mocks/coin.go:58.2,58.37 1 0
coin/internal/repository/mocks/coin.go:61.58,63.2 1 0
coin/internal/repository/mocks/coin.go:65.67,67.2 1 0
coin/internal/repository/mocks/coin.go:69.84,71.2 1 0
coin/internal/repository/mocks/coin.go:73.104,96.2 9 0
coin/internal/repository/coin_repository.go:14.92,19.2 1 0
coin/internal/repository/coin_repository.go:21.73,23.2 1 0
coin/internal/repository/coin_repository.go:25.72,27.2 1 0
coin/internal/repository/coin_repository.go:29.106,31.2 1 0
coin/internal/repository/coin_repository.go:33.74,35.16 2 0
coin/internal/repository/coin_repository.go:35.16,37.3 1 0
coin/internal/repository/coin_repository.go:38.2,38.56 1 0
coin/internal/repository/coin_repository.go:41.86,43.2 1 0
coin/internal/repository/coin_repository.go:45.60,47.2 1 0
coin/internal/repository/coin_repository.go:49.69,51.2 1 0
coin/cmd/app/main.go:21.13,28.16 6 0
coin/cmd/app/main.go:28.16,30.3 1 0
coin/cmd/app/main.go:32.2,36.16 4 0
coin/cmd/app/main.go:36.16,38.3 1 0
coin/cmd/app/main.go:40.2,53.48 11 0
coin/cmd/app/main.go:53.48,55.3 1 0
coin/cmd/app/config/config.go:36.28,42.2 3 0
coin/cmd/app/config/config.go:44.40,45.19 1 0
coin/cmd/app/config/config.go:45.19,47.3 1 0
coin/cmd/app/config/config.go:49.2,49.52 1 0
coin/cmd/app/config/config.go:49.52,51.3 1 0
coin/cmd/app/config/config.go:53.2,53.58 1 0
coin/cmd/app/config/config.go:53.58,55.3 1 0
coin/internal/api/http/coin.go:19.63,23.2 1 0
coin/internal/api/http/coin.go:25.44,28.51 3 0
coin/internal/api/http/coin.go:28.51,32.3 3 0
coin/internal/api/http/coin.go:34.2,35.16 2 0
coin/internal/api/http/coin.go:35.16,39.3 3 0
coin/internal/api/http/coin.go:41.2,42.16 2 0
coin/internal/api/http/coin.go:42.16,46.3 3 0
coin/internal/api/http/coin.go:48.2,50.46 2 0
coin/internal/api/http/coin.go:54.47,57.9 3 0
coin/internal/api/http/coin.go:57.9,60.3 2 0
coin/internal/api/http/coin.go:61.2,62.9 2 0
coin/internal/api/http/coin.go:62.9,66.3 3 0
coin/internal/api/http/coin.go:67.2,68.20 2 0
coin/internal/api/http/coin.go:68.20,71.3 2 0
coin/internal/api/http/coin.go:72.2,73.16 2 0
coin/internal/api/http/coin.go:73.16,74.46 1 0
coin/internal/api/http/coin.go:74.46,77.4 2 0
coin/internal/api/http/coin.go:78.3,78.47 1 0
coin/internal/api/http/coin.go:78.47,81.4 2 0
coin/internal/api/http/coin.go:82.3,84.9 3 0
coin/internal/api/http/coin.go:86.2,86.84 1 0
coin/internal/api/http/coin.go:89.48,92.16 3 0
coin/internal/api/http/coin.go:92.16,95.3 2 0
coin/internal/api/http/coin.go:96.2,96.30 1 0
coin/internal/api/http/coin.go:99.44,102.9 3 0
coin/internal/api/http/coin.go:102.9,105.3 2 0
coin/internal/api/http/coin.go:106.2,107.9 2 0
coin/internal/api/http/coin.go:107.9,111.3 3 0
coin/internal/api/http/coin.go:112.2,113.16 2 0
coin/internal/api/http/coin.go:113.16,117.3 3 0
coin/internal/api/http/coin.go:118.2,122.4 1 0
coin/internal/api/http/coin.go:125.48,131.47 3 0
coin/internal/api/http/coin.go:131.47,134.3 2 0
coin/internal/api/http/coin.go:135.2,135.21 1 0
coin/internal/api/http/coin.go:135.21,138.3 2 0
coin/internal/api/http/coin.go:140.2,141.9 2 0
coin/internal/api/http/coin.go:141.9,144.3 2 0
coin/internal/api/http/coin.go:145.2,146.9 2 0
coin/internal/api/http/coin.go:146.9,149.3 2 0
coin/internal/api/http/coin.go:151.2,151.37 1 0
coin/internal/api/http/coin.go:151.37,154.3 2 0
coin/internal/api/http/coin.go:156.2,157.16 2 0
coin/internal/api/http/coin.go:157.16,158.47 1 0
coin/internal/api/http/coin.go:158.47,161.4 2 0
coin/internal/api/http/coin.go:162.3,164.9 3 0
coin/internal/api/http/coin.go:166.2,171.4 2 0
coin/internal/api/http/coin.go:174.50,177.9 3 0
coin/internal/api/http/coin.go:177.9,181.3 3 0
coin/internal/api/http/coin.go:182.2,183.9 2 0
coin/internal/api/http/coin.go:183.9,186.3 2 0
coin/internal/api/http/coin.go:187.2,188.16 2 0
coin/internal/api/http/coin.go:188.16,192.3 3 0
coin/internal/api/http/coin.go:193.2,194.54 2 0
coin/internal/api/http/coin.go:198.57,200.34 2 0
coin/internal/api/http/coin.go:200.34,202.3 1 0
coin/internal/api/http/coin.go:203.2,204.2 2 0
coin/internal/api/http/coin.go:204.2,211.3 6 0
coin/internal/api/http/middleware/auth.go:10.37,12.23 2 0
coin/internal/api/http/middleware/auth.go:12.23,16.3 3 0
coin/internal/api/http/middleware/auth.go:17.2,19.16 3 0
coin/internal/api/http/middleware/auth.go:19.16,23.3 3 0
coin/internal/api/http/middleware/auth.go:25.2,26.10 2 0
coin/internal/auth/jwt/jwt.go:17.53,28.2 3 1
coin/internal/auth/jwt/jwt.go:30.59,34.43 1 1
coin/internal/auth/jwt/jwt.go:34.43,36.4 1 1
coin/internal/auth/jwt/jwt.go:39.2,39.16 1 1
coin/internal/auth/jwt/jwt.go:39.16,41.3 1 1
coin/internal/auth/jwt/jwt.go:43.2,44.25 2 1
coin/internal/auth/jwt/jwt.go:44.25,46.3 1 0
coin/internal/auth/jwt/jwt.go:48.2,48.50 1 1
coin/internal/auth/jwt/jwt.go:48.50,50.3 1 0
coin/internal/auth/jwt/jwt.go:52.2,52.20 1 1
coin/internal/database/postgres/coin.go:21.50,28.2 3 0
coin/internal/database/postgres/coin.go:30.60,40.16 5 0
coin/internal/database/postgres/coin.go:40.16,42.3 1 0
coin/internal/database/postgres/coin.go:44.2,48.16 2 0
coin/internal/database/postgres/coin.go:48.16,50.3 1 0
coin/internal/database/postgres/coin.go:52.2,61.16 2 0
coin/internal/database/postgres/coin.go:61.16,63.3 1 0
coin/internal/database/postgres/coin.go:65.2,65.14 1 0
coin/internal/database/postgres/coin.go:69.71,75.16 6 0
coin/internal/database/postgres/coin.go:75.16,77.3 1 0
coin/internal/database/postgres/coin.go:78.2,80.18 2 0
coin/internal/database/postgres/coin.go:80.18,81.93 1 0
coin/internal/database/postgres/coin.go:81.93,83.4 1 0
coin/internal/database/postgres/coin.go:84.3,84.43 1 0
coin/internal/database/postgres/coin.go:84.43,86.4 1 0
coin/internal/database/postgres/coin.go:88.2,88.15 1 0
coin/internal/database/postgres/coin.go:91.72,94.2 2 0
coin/internal/database/postgres/coin.go:96.84,99.16 3 0
coin/internal/database/postgres/coin.go:99.16,102.3 2 0
coin/internal/database/postgres/coin.go:104.2,107.16 2 0
coin/internal/database/postgres/coin.go:107.16,109.18 2 0
coin/internal/database/postgres/coin.go:109.18,111.4 1 0
coin/internal/database/postgres/coin.go:112.3,113.13 2 0
coin/internal/database/postgres/coin.go:115.2,121.16 3 0
coin/internal/database/postgres/coin.go:121.16,123.18 2 0
coin/internal/database/postgres/coin.go:123.18,125.4 1 0
coin/internal/database/postgres/coin.go:126.3,127.13 2 0
coin/internal/database/postgres/coin.go:129.2,130.16 2 0
coin/internal/database/postgres/coin.go:130.16,133.3 2 0
coin/internal/database/postgres/coin.go:134.2,134.12 1 0
coin/internal/database/postgres/coin.go:137.85,141.16 4 0
coin/internal/database/postgres/coin.go:141.16,143.3 1 0
coin/internal/database/postgres/coin.go:144.2,146.18 2 0
coin/internal/database/postgres/coin.go:146.18,149.17 3 0
coin/internal/database/postgres/coin.go:149.17,151.12 2 0
coin/internal/database/postgres/coin.go:153.3,153.37 1 0
coin/internal/database/postgres/coin.go:155.2,155.24 1 0
coin/internal/database/postgres/coin.go:158.105,161.16 3 0
coin/internal/database/postgres/coin.go:161.16,164.3 2 0
coin/internal/database/postgres/coin.go:166.2,169.16 2 0
coin/internal/database/postgres/coin.go:169.16,171.18 2 0
coin/internal/database/postgres/coin.go:171.18,173.4 1 0
coin/internal/database/postgres/coin.go:174.3,175.13 2 0
coin/internal/database/postgres/coin.go:178.2,181.16 2 0
coin/internal/database/postgres/coin.go:181.16,183.18 2 0
coin/internal/database/postgres/coin.go:183.18,185.4 1 0
coin/internal/database/postgres/coin.go:186.3,187.13 2 0
coin/internal/database/postgres/coin.go:189.2,192.16 3 0
coin/internal/database/postgres/coin.go:192.16,194.18 2 0
coin/internal/database/postgres/coin.go:194.18,196.4 1 0
coin/internal/database/postgres/coin.go:197.3,198.13 2 0
coin/internal/database/postgres/coin.go:201.2,202.16 2 0
coin/internal/database/postgres/coin.go:202.16,205.3 2 0
coin/internal/database/postgres/coin.go:206.2,206.12 1 0
coin/internal/database/postgres/init.go:10.54,13.65 3 0
coin/internal/database/postgres/init.go:13.65,15.3 1 0
coin/internal/database/postgres/init.go:16.2,16.12 1 0
coin/internal/database/postgres/init.go:16.12,18.3 1 0
coin/internal/database/postgres/init.go:18.8,21.17 3 0
coin/internal/database/postgres/init.go:21.17,23.4 1 0
coin/internal/database/postgres/init.go:24.3,24.63 1 0
coin/internal/database/postgres/init.go:28.33,36.16 3 0
coin/internal/database/postgres/init.go:36.16,38.3 1 0
coin/internal/database/postgres/init.go:40.2,45.16 2 0
coin/internal/database/postgres/init.go:45.16,47.3 1 0
coin/internal/database/postgres/init.go:49.2,56.16 2 0
coin/internal/database/postgres/init.go:56.16,58.3 1 0
coin/internal/database/postgres/init.go:60.2,66.16 2 0
coin/internal/database/postgres/init.go:66.16,68.3 1 0
coin/internal/database/postgres/init.go:70.2,75.16 2 0
coin/internal/database/postgres/init.go:75.16,77.3 1 0
coin/internal/database/postgres/init.go:79.2,83.16 2 0
coin/internal/database/postgres/init.go:83.16,85.3 1 0
coin/internal/database/postgres/init.go:87.2,87.41 1 0
coin/internal/database/redis/item.go:21.47,26.16 3 0
coin/internal/database/redis/item.go:26.16,28.3 1 0
coin/internal/database/redis/item.go:29.2,30.43 2 0
coin/internal/database/redis/item.go:30.43,32.3 1 0
coin/internal/database/redis/item.go:33.2,33.14 1 0
coin/internal/database/redis/item.go:36.43,40.16 4 0
coin/internal/database/redis/item.go:40.16,42.3 1 0
coin/internal/database/redis/item.go:43.2,45.21 3 0
coin/internal/database/redis/item.go:45.21,52.17 4 0
coin/internal/database/redis/item.go:52.17,54.12 2 0
coin/internal/database/redis/item.go:56.3,56.55 1 0
coin/internal/database/redis/item.go:58.2,58.12 1 0
coin/internal/database/redis/item.go:61.66,63.16 2 0
coin/internal/database/redis/item.go:63.16,65.3 1 0
coin/internal/database/redis/item.go:66.2,67.16 2 0
coin/internal/database/redis/item.go:67.16,69.3 1 0
coin/internal/database/redis/item.go:70.2,70.19 1 0
coin/internal/database/redis/item.go:73.57,77.6 3 0
coin/internal/database/redis/item.go:77.6,79.17 2 0
coin/internal/database/redis/item.go:79.17,81.4 1 0
coin/internal/database/redis/item.go:82.3,84.28 2 0
coin/internal/database/redis/item.go:84.28,86.18 2 0
coin/internal/database/redis/item.go:86.18,88.13 2 0
coin/internal/database/redis/item.go:91.4,92.18 2 0
coin/internal/database/redis/item.go:92.18,94.13 2 0
coin/internal/database/redis/item.go:97.4,98.23 2 0
coin/internal/database/redis/item.go:98.23,100.13 2 0
coin/internal/database/redis/item.go:103.4,107.31 2 0
coin/internal/database/redis/item.go:110.3,110.18 1 0
coin/internal/database/redis/item.go:110.18,111.9 1 0
coin/internal/database/redis/item.go:115.2,115.19 1 0
coin/internal/repository/coin_repository.go:14.92,19.2 1 0
coin/internal/repository/coin_repository.go:21.73,23.2 1 0
coin/internal/repository/coin_repository.go:25.72,27.2 1 0
coin/internal/repository/coin_repository.go:29.106,31.2 1 0
coin/internal/repository/coin_repository.go:33.74,35.16 2 0
coin/internal/repository/coin_repository.go:35.16,37.3 1 0
coin/internal/repository/coin_repository.go:38.2,38.56 1 0
coin/internal/repository/coin_repository.go:41.86,43.2 1 0
coin/internal/repository/coin_repository.go:45.60,47.2 1 0
coin/internal/repository/coin_repository.go:49.69,51.2 1 0
coin/internal/repository/mocks/coin.go:17.38,28.2 1 0
coin/internal/repository/mocks/coin.go:30.70,32.9 2 0
coin/internal/repository/mocks/coin.go:32.9,34.3 1 0
coin/internal/repository/mocks/coin.go:36.2,36.18 1 0
coin/internal/repository/mocks/coin.go:39.71,47.2 3 0
coin/internal/repository/mocks/coin.go:49.72,50.38 1 0
coin/internal/repository/mocks/coin.go:50.38,51.24 1 0
coin/internal/repository/mocks/coin.go:51.24,56.4 4 0
coin/internal/repository/mocks/coin.go:58.2,58.37 1 0
coin/internal/repository/mocks/coin.go:61.58,63.2 1 0
coin/internal/repository/mocks/coin.go:65.67,67.2 1 0
coin/internal/repository/mocks/coin.go:69.84,71.2 1 0
coin/internal/repository/mocks/coin.go:73.104,96.2 9 0
coin/service/coin.go:13.58,17.2 1 0
coin/service/coin.go:21.79,24.16 3 0
coin/service/coin.go:24.16,26.3 1 0
coin/service/coin.go:27.2,27.90 1 0
coin/service/coin.go:27.90,29.17 2 0
coin/service/coin.go:29.17,32.4 2 0
coin/service/coin.go:33.3,34.17 2 0
coin/service/coin.go:34.17,37.4 2 0
coin/service/coin.go:39.2,39.18 1 0
coin/service/coin.go:42.58,45.16 3 0
coin/service/coin.go:45.16,48.3 2 0
coin/service/coin.go:49.2,50.16 2 0
coin/service/coin.go:50.16,53.3 2 0
coin/service/coin.go:54.2,54.12 1 0
coin/service/coin.go:57.86,60.16 3 0
coin/service/coin.go:60.16,62.3 1 0
coin/service/coin.go:64.2,65.16 2 0
coin/service/coin.go:65.16,68.3 2 0
coin/service/coin.go:69.2,69.26 1 0
coin/service/coin.go:69.26,71.3 1 0
coin/service/coin.go:72.2,74.16 3 0
coin/service/coin.go:74.16,77.3 2 0
coin/service/coin.go:79.2,79.18 1 0
coin/service/coin.go:82.57,84.2 1 0
coin/service/coin.go:86.106,89.16 3 0
coin/service/coin.go:89.16,92.3 2 0
coin/service/coin.go:93.2,95.16 3 0
coin/service/coin.go:95.16,98.3 2 0
coin/service/coin.go:100.2,100.25 1 0
coin/service/coin.go:100.25,102.3 1 0
coin/service/coin.go:104.2,104.29 1 0
coin/service/coin.go:104.29,106.3 1 0
coin/service/coin.go:107.2,108.16 2 0
coin/service/coin.go:108.16,111.3 2 0
coin/service/coin.go:112.2,112.37 1 0
coin/service/coin.go:115.83,118.16 3 0
coin/service/coin.go:118.16,121.3 2 0
coin/service/coin.go:122.2,123.16 2 0
coin/service/coin.go:123.16,126.3 2 0
coin/service/coin.go:127.2,127.24 1 0
coin/cmd/app/main.go:21.13,28.16 6 0
coin/cmd/app/main.go:28.16,30.3 1 0
coin/cmd/app/main.go:32.2,36.16 4 0
coin/cmd/app/main.go:36.16,38.3 1 0
coin/cmd/app/main.go:40.2,53.48 11 0
coin/cmd/app/main.go:53.48,55.3 1 0
coin/cmd/app/config/config.go:36.28,42.2 3 0
coin/cmd/app/config/config.go:44.40,45.19 1 0
coin/cmd/app/config/config.go:45.19,47.3 1 0
coin/cmd/app/config/config.go:49.2,49.52 1 0
coin/cmd/app/config/config.go:49.52,51.3 1 0
coin/cmd/app/config/config.go:53.2,53.58 1 0
coin/cmd/app/config/config.go:53.58,55.3 1 0
coin/internal/api/http/coin.go:19.63,23.2 1 0
coin/internal/api/http/coin.go:25.44,28.51 3 0
coin/internal/api/http/coin.go:28.51,32.3 3 0
coin/internal/api/http/coin.go:34.2,35.16 2 0
coin/internal/api/http/coin.go:35.16,39.3 3 0
coin/internal/api/http/coin.go:41.2,42.16 2 0
coin/internal/api/http/coin.go:42.16,46.3 3 0
coin/internal/api/http/coin.go:48.2,50.46 2 0
coin/internal/api/http/coin.go:54.47,57.9 3 0
coin/internal/api/http/coin.go:57.9,60.3 2 0
coin/internal/api/http/coin.go:61.2,62.9 2 0
coin/internal/api/http/coin.go:62.9,66.3 3 0
coin/internal/api/http/coin.go:67.2,68.20 2 0
coin/internal/api/http/coin.go:68.20,71.3 2 0
coin/internal/api/http/coin.go:72.2,73.16 2 0
coin/internal/api/http/coin.go:73.16,74.46 1 0
coin/internal/api/http/coin.go:74.46,77.4 2 0
coin/internal/api/http/coin.go:78.3,78.47 1 0
coin/internal/api/http/coin.go:78.47,81.4 2 0
coin/internal/api/http/coin.go:82.3,84.9 3 0
coin/internal/api/http/coin.go:86.2,86.84 1 0
coin/internal/api/http/coin.go:89.48,92.16 3 0
coin/internal/api/http/coin.go:92.16,95.3 2 0
coin/internal/api/http/coin.go:96.2,96.30 1 0
coin/internal/api/http/coin.go:99.44,102.9 3 0
coin/internal/api/http/coin.go:102.9,105.3 2 0
coin/internal/api/http/coin.go:106.2,107.9 2 0
coin/internal/api/http/coin.go:107.9,111.3 3 0
coin/internal/api/http/coin.go:112.2,113.16 2 0
coin/internal/api/http/coin.go:113.16,117.3 3 0
coin/internal/api/http/coin.go:118.2,122.4 1 0
coin/internal/api/http/coin.go:125.48,131.47 3 0
coin/internal/api/http/coin.go:131.47,134.3 2 0
coin/internal/api/http/coin.go:135.2,135.21 1 0
coin/internal/api/http/coin.go:135.21,138.3 2 0
coin/internal/api/http/coin.go:140.2,141.9 2 0
coin/internal/api/http/coin.go:141.9,144.3 2 0
coin/internal/api/http/coin.go:145.2,146.9 2 0
coin/internal/api/http/coin.go:146.9,149.3 2 0
coin/internal/api/http/coin.go:151.2,151.37 1 0
coin/internal/api/http/coin.go:151.37,154.3 2 0
coin/internal/api/http/coin.go:156.2,157.16 2 0
coin/internal/api/http/coin.go:157.16,158.47 1 0
coin/internal/api/http/coin.go:158.47,161.4 2 0
coin/internal/api/http/coin.go:162.3,164.9 3 0
coin/internal/api/http/coin.go:166.2,171.4 2 0
coin/internal/api/http/coin.go:174.50,177.9 3 0
coin/internal/api/http/coin.go:177.9,181.3 3 0
coin/internal/api/http/coin.go:182.2,183.9 2 0
coin/internal/api/http/coin.go:183.9,186.3 2 0
coin/internal/api/http/coin.go:187.2,188.16 2 0
coin/internal/api/http/coin.go:188.16,192.3 3 0
coin/internal/api/http/coin.go:193.2,194.54 2 0
coin/internal/api/http/coin.go:198.57,200.34 2 0
coin/internal/api/http/coin.go:200.34,202.3 1 0
coin/internal/api/http/coin.go:203.2,204.2 2 0
coin/internal/api/http/coin.go:204.2,211.3 6 0
coin/internal/api/http/middleware/auth.go:10.37,12.23 2 0
coin/internal/api/http/middleware/auth.go:12.23,16.3 3 0
coin/internal/api/http/middleware/auth.go:17.2,19.16 3 0
coin/internal/api/http/middleware/auth.go:19.16,23.3 3 0
coin/internal/api/http/middleware/auth.go:25.2,26.10 2 0
coin/internal/auth/jwt/jwt.go:17.53,28.2 3 0
coin/internal/auth/jwt/jwt.go:30.59,34.43 1 0
coin/internal/auth/jwt/jwt.go:34.43,36.4 1 0
coin/internal/auth/jwt/jwt.go:39.2,39.16 1 0
coin/internal/auth/jwt/jwt.go:39.16,41.3 1 0
coin/internal/auth/jwt/jwt.go:43.2,44.25 2 0
coin/internal/auth/jwt/jwt.go:44.25,46.3 1 0
coin/internal/auth/jwt/jwt.go:48.2,48.50 1 0
coin/internal/auth/jwt/jwt.go:48.50,50.3 1 0
coin/internal/auth/jwt/jwt.go:52.2,52.20 1 0
coin/internal/database/postgres/coin.go:21.50,28.2 3 0
coin/internal/database/postgres/coin.go:30.60,40.16 5 0
coin/internal/database/postgres/coin.go:40.16,42.3 1 0
coin/internal/database/postgres/coin.go:44.2,48.16 2 0
coin/internal/database/postgres/coin.go:48.16,50.3 1 0
coin/internal/database/postgres/coin.go:52.2,61.16 2 0
coin/internal/database/postgres/coin.go:61.16,63.3 1 0
coin/internal/database/postgres/coin.go:65.2,65.14 1 0
coin/internal/database/postgres/coin.go:69.71,75.16 6 0
coin/internal/database/postgres/coin.go:75.16,77.3 1 0
coin/internal/database/postgres/coin.go:78.2,80.18 2 0
coin/internal/database/postgres/coin.go:80.18,81.93 1 0
coin/internal/database/postgres/coin.go:81.93,83.4 1 0
coin/internal/database/postgres/coin.go:84.3,84.43 1 0
coin/internal/database/postgres/coin.go:84.43,86.4 1 0
coin/internal/database/postgres/coin.go:88.2,88.15 1 0
coin/internal/database/postgres/coin.go:91.72,94.2 2 0
coin/internal/database/postgres/coin.go:96.84,99.16 3 0
coin/internal/database/postgres/coin.go:99.16,102.3 2 0
coin/internal/database/postgres/coin.go:104.2,107.16 2 0
coin/internal/database/postgres/coin.go:107.16,109.18 2 0
coin/internal/database/postgres/coin.go:109.18,111.4 1 0
coin/internal/database/postgres/coin.go:112.3,113.13 2 0
coin/internal/database/postgres/coin.go:115.2,121.16 3 0
coin/internal/database/postgres/coin.go:121.16,123.18 2 0
coin/internal/database/postgres/coin.go:123.18,125.4 1 0
coin/internal/database/postgres/coin.go:126.3,127.13 2 0
coin/internal/database/postgres/coin.go:129.2,130.16 2 0
coin/internal/database/postgres/coin.go:130.16,133.3 2 0
coin/internal/database/postgres/coin.go:134.2,134.12 1 0
coin/internal/database/postgres/coin.go:137.85,141.16 4 0
coin/internal/database/postgres/coin.go:141.16,143.3 1 0
coin/internal/database/postgres/coin.go:144.2,146.18 2 0
coin/internal/database/postgres/coin.go:146.18,149.17 3 0
coin/internal/database/postgres/coin.go:149.17,151.12 2 0
coin/internal/database/postgres/coin.go:153.3,153.37 1 0
coin/internal/database/postgres/coin.go:155.2,155.24 1 0
coin/internal/database/postgres/coin.go:158.105,161.16 3 0
coin/internal/database/postgres/coin.go:161.16,164.3 2 0
coin/internal/database/postgres/coin.go:166.2,169.16 2 0
coin/internal/database/postgres/coin.go:169.16,171.18 2 0
coin/internal/database/postgres/coin.go:171.18,173.4 1 0
coin/internal/database/postgres/coin.go:174.3,175.13 2 0
coin/internal/database/postgres/coin.go:178.2,181.16 2 0
coin/internal/database/postgres/coin.go:181.16,183.18 2 0
coin/internal/database/postgres/coin.go:183.18,185.4 1 0
coin/internal/database/postgres/coin.go:186.3,187.13 2 0
coin/internal/database/postgres/coin.go:189.2,192.16 3 0
coin/internal/database/postgres/coin.go:192.16,194.18 2 0
coin/internal/database/postgres/coin.go:194.18,196.4 1 0
coin/internal/database/postgres/coin.go:197.3,198.13 2 0
coin/internal/database/postgres/coin.go:201.2,202.16 2 0
coin/internal/database/postgres/coin.go:202.16,205.3 2 0
coin/internal/database/postgres/coin.go:206.2,206.12 1 0
coin/internal/database/postgres/init.go:10.54,13.65 3 0
coin/internal/database/postgres/init.go:13.65,15.3 1 0
coin/internal/database/postgres/init.go:16.2,16.12 1 0
coin/internal/database/postgres/init.go:16.12,18.3 1 0
coin/internal/database/postgres/init.go:18.8,21.17 3 0
coin/internal/database/postgres/init.go:21.17,23.4 1 0
coin/internal/database/postgres/init.go:24.3,24.63 1 0
coin/internal/database/postgres/init.go:28.33,36.16 3 0
coin/internal/database/postgres/init.go:36.16,38.3 1 0
coin/internal/database/postgres/init.go:40.2,45.16 2 0
coin/internal/database/postgres/init.go:45.16,47.3 1 0
coin/internal/database/postgres/init.go:49.2,56.16 2 0
coin/internal/database/postgres/init.go:56.16,58.3 1 0
coin/internal/database/postgres/init.go:60.2,66.16 2 0
coin/internal/database/postgres/init.go:66.16,68.3 1 0
coin/internal/database/postgres/init.go:70.2,75.16 2 0
coin/internal/database/postgres/init.go:75.16,77.3 1 0
coin/internal/database/postgres/init.go:79.2,83.16 2 0
coin/internal/database/postgres/init.go:83.16,85.3 1 0
coin/internal/database/postgres/init.go:87.2,87.41 1 0
coin/internal/database/redis/item.go:21.47,26.16 3 0
coin/internal/database/redis/item.go:26.16,28.3 1 0
coin/internal/database/redis/item.go:29.2,30.43 2 0
coin/internal/database/redis/item.go:30.43,32.3 1 0
coin/internal/database/redis/item.go:33.2,33.14 1 0
coin/internal/database/redis/item.go:36.43,40.16 4 0
coin/internal/database/redis/item.go:40.16,42.3 1 0
coin/internal/database/redis/item.go:43.2,45.21 3 0
coin/internal/database/redis/item.go:45.21,52.17 4 0
coin/internal/database/redis/item.go:52.17,54.12 2 0
coin/internal/database/redis/item.go:56.3,56.55 1 0
coin/internal/database/redis/item.go:58.2,58.12 1 0
coin/internal/database/redis/item.go:61.66,63.16 2 0
coin/internal/database/redis/item.go:63.16,65.3 1 0
coin/internal/database/redis/item.go:66.2,67.16 2 0
coin/internal/database/redis/item.go:67.16,69.3 1 0
coin/internal/database/redis/item.go:70.2,70.19 1 0
coin/internal/database/redis/item.go:73.57,77.6 3 0
coin/internal/database/redis/item.go:77.6,79.17 2 0
coin/internal/database/redis/item.go:79.17,81.4 1 0
coin/internal/database/redis/item.go:82.3,84.28 2 0
coin/internal/database/redis/item.go:84.28,86.18 2 0
coin/internal/database/redis/item.go:86.18,88.13 2 0
coin/internal/database/redis/item.go:91.4,92.18 2 0
coin/internal/database/redis/item.go:92.18,94.13 2 0
coin/internal/database/redis/item.go:97.4,98.23 2 0
coin/internal/database/redis/item.go:98.23,100.13 2 0
coin/internal/database/redis/item.go:103.4,107.31 2 0
coin/internal/database/redis/item.go:110.3,110.18 1 0
coin/internal/database/redis/item.go:110.18,111.9 1 0
coin/internal/database/redis/item.go:115.2,115.19 1 0
coin/internal/repository/coin_repository.go:14.92,19.2 1 0
coin/internal/repository/coin_repository.go:21.73,23.2 1 0
coin/internal/repository/coin_repository.go:25.72,27.2 1 0
coin/internal/repository/coin_repository.go:29.106,31.2 1 0
coin/internal/repository/coin_repository.go:33.74,35.16 2 0
coin/internal/repository/coin_repository.go:35.16,37.3 1 0
coin/internal/repository/coin_repository.go:38.2,38.56 1 0
coin/internal/repository/coin_repository.go:41.86,43.2 1 0
coin/internal/repository/coin_repository.go:45.60,47.2 1 0
coin/internal/repository/coin_repository.go:49.69,51.2 1 0
coin/internal/repository/mocks/coin.go:17.38,28.2 1 1
coin/internal/repository/mocks/coin.go:30.70,32.9 2 1
coin/internal/repository/mocks/coin.go:32.9,34.3 1 1
coin/internal/repository/mocks/coin.go:36.2,36.18 1 1
coin/internal/repository/mocks/coin.go:39.71,47.2 3 1
coin/internal/repository/mocks/coin.go:49.72,50.38 1 1
coin/internal/repository/mocks/coin.go:50.38,51.24 1 1
coin/internal/repository/mocks/coin.go:51.24,56.4 4 1
coin/internal/repository/mocks/coin.go:58.2,58.37 1 0
coin/internal/repository/mocks/coin.go:61.58,63.2 1 1
coin/internal/repository/mocks/coin.go:65.67,67.2 1 1
coin/internal/repository/mocks/coin.go:69.84,71.2 1 1
coin/internal/repository/mocks/coin.go:73.104,96.2 9 1
coin/service/coin.go:13.58,17.2 1 1
coin/service/coin.go:21.79,24.16 3 1
coin/service/coin.go:24.16,26.3 1 0
coin/service/coin.go:27.2,27.90 1 1
coin/service/coin.go:27.90,29.17 2 1
coin/service/coin.go:29.17,32.4 2 0
coin/service/coin.go:33.3,34.17 2 1
coin/service/coin.go:34.17,37.4 2 0
coin/service/coin.go:39.2,39.18 1 1
coin/service/coin.go:42.58,45.16 3 1
coin/service/coin.go:45.16,48.3 2 0
coin/service/coin.go:49.2,50.16 2 1
coin/service/coin.go:50.16,53.3 2 0
coin/service/coin.go:54.2,54.12 1 1
coin/service/coin.go:57.86,60.16 3 1
coin/service/coin.go:60.16,62.3 1 0
coin/service/coin.go:64.2,65.16 2 1
coin/service/coin.go:65.16,68.3 2 0
coin/service/coin.go:69.2,69.26 1 1
coin/service/coin.go:69.26,71.3 1 1
coin/service/coin.go:72.2,74.16 3 1
coin/service/coin.go:74.16,77.3 2 0
coin/service/coin.go:79.2,79.18 1 1
coin/service/coin.go:82.57,84.2 1 1
coin/service/coin.go:86.106,89.16 3 1
coin/service/coin.go:89.16,92.3 2 0
coin/service/coin.go:93.2,95.16 3 1
coin/service/coin.go:95.16,98.3 2 0
coin/service/coin.go:100.2,100.25 1 1
coin/service/coin.go:100.25,102.3 1 0
coin/service/coin.go:104.2,104.29 1 1
coin/service/coin.go:104.29,106.3 1 0
coin/service/coin.go:107.2,108.16 2 1
coin/service/coin.go:108.16,111.3 2 0
coin/service/coin.go:112.2,112.37 1 1
coin/service/coin.go:115.83,118.16 3 1
coin/service/coin.go:118.16,121.3 2 0
coin/service/coin.go:122.2,123.16 2 1
coin/service/coin.go:123.16,126.3 2 0
coin/service/coin.go:127.2,127.24 1 1
coin/cmd/app/main.go:21.13,28.16 6 0
coin/cmd/app/main.go:28.16,30.3 1 0
coin/cmd/app/main.go:32.2,36.16 4 0
coin/cmd/app/main.go:36.16,38.3 1 0
coin/cmd/app/main.go:40.2,53.48 11 0
coin/cmd/app/main.go:53.48,55.3 1 0
coin/cmd/app/config/config.go:36.28,42.2 3 0
coin/cmd/app/config/config.go:44.40,45.19 1 0
coin/cmd/app/config/config.go:45.19,47.3 1 0
coin/cmd/app/config/config.go:49.2,49.52 1 0
coin/cmd/app/config/config.go:49.52,51.3 1 0
coin/cmd/app/config/config.go:53.2,53.58 1 0
coin/cmd/app/config/config.go:53.58,55.3 1 0
coin/internal/api/http/coin.go:19.63,23.2 1 1
coin/internal/api/http/coin.go:25.44,28.51 3 0
coin/internal/api/http/coin.go:28.51,32.3 3 0
coin/internal/api/http/coin.go:34.2,35.16 2 0
coin/internal/api/http/coin.go:35.16,39.3 3 0
coin/internal/api/http/coin.go:41.2,42.16 2 0
coin/internal/api/http/coin.go:42.16,46.3 3 0
coin/internal/api/http/coin.go:48.2,50.46 2 0
coin/internal/api/http/coin.go:54.47,57.9 3 1
coin/internal/api/http/coin.go:57.9,60.3 2 0
coin/internal/api/http/coin.go:61.2,62.9 2 1
coin/internal/api/http/coin.go:62.9,66.3 3 0
coin/internal/api/http/coin.go:67.2,68.20 2 1
coin/internal/api/http/coin.go:68.20,71.3 2 0
coin/internal/api/http/coin.go:72.2,73.16 2 1
coin/internal/api/http/coin.go:73.16,74.46 1 0
coin/internal/api/http/coin.go:74.46,77.4 2 0
coin/internal/api/http/coin.go:78.3,78.47 1 0
coin/internal/api/http/coin.go:78.47,81.4 2 0
coin/internal/api/http/coin.go:82.3,84.9 3 0
coin/internal/api/http/coin.go:86.2,86.84 1 1
coin/internal/api/http/coin.go:89.48,92.16 3 0
coin/internal/api/http/coin.go:92.16,95.3 2 0
coin/internal/api/http/coin.go:96.2,96.30 1 0
coin/internal/api/http/coin.go:99.44,102.9 3 0
coin/internal/api/http/coin.go:102.9,105.3 2 0
coin/internal/api/http/coin.go:106.2,107.9 2 0
coin/internal/api/http/coin.go:107.9,111.3 3 0
coin/internal/api/http/coin.go:112.2,113.16 2 0
coin/internal/api/http/coin.go:113.16,117.3 3 0
coin/internal/api/http/coin.go:118.2,122.4 1 0
coin/internal/api/http/coin.go:125.48,131.47 3 0
coin/internal/api/http/coin.go:131.47,134.3 2 0
coin/internal/api/http/coin.go:135.2,135.21 1 0
coin/internal/api/http/coin.go:135.21,138.3 2 0
coin/internal/api/http/coin.go:140.2,141.9 2 0
coin/internal/api/http/coin.go:141.9,144.3 2 0
coin/internal/api/http/coin.go:145.2,146.9 2 0
coin/internal/api/http/coin.go:146.9,149.3 2 0
coin/internal/api/http/coin.go:151.2,151.37 1 0
coin/internal/api/http/coin.go:151.37,154.3 2 0
coin/internal/api/http/coin.go:156.2,157.16 2 0
coin/internal/api/http/coin.go:157.16,158.47 1 0
coin/internal/api/http/coin.go:158.47,161.4 2 0
coin/internal/api/http/coin.go:162.3,164.9 3 0
coin/internal/api/http/coin.go:166.2,171.4 2 0
coin/internal/api/http/coin.go:174.50,177.9 3 0
coin/internal/api/http/coin.go:177.9,181.3 3 0
coin/internal/api/http/coin.go:182.2,183.9 2 0
coin/internal/api/http/coin.go:183.9,186.3 2 0
coin/internal/api/http/coin.go:187.2,188.16 2 0
coin/internal/api/http/coin.go:188.16,192.3 3 0
coin/internal/api/http/coin.go:193.2,194.54 2 0
coin/internal/api/http/coin.go:198.57,200.34 2 0
coin/internal/api/http/coin.go:200.34,202.3 1 0
coin/internal/api/http/coin.go:203.2,204.2 2 0
coin/internal/api/http/coin.go:204.2,211.3 6 0
coin/internal/api/http/middleware/auth.go:10.37,12.23 2 1
coin/internal/api/http/middleware/auth.go:12.23,16.3 3 0
coin/internal/api/http/middleware/auth.go:17.2,19.16 3 1
coin/internal/api/http/middleware/auth.go:19.16,23.3 3 0
coin/internal/api/http/middleware/auth.go:25.2,26.10 2 1
coin/internal/auth/jwt/jwt.go:17.53,28.2 3 1
coin/internal/auth/jwt/jwt.go:30.59,34.43 1 1
coin/internal/auth/jwt/jwt.go:34.43,36.4 1 1
coin/internal/auth/jwt/jwt.go:39.2,39.16 1 1
coin/internal/auth/jwt/jwt.go:39.16,41.3 1 0
coin/internal/auth/jwt/jwt.go:43.2,44.25 2 1
coin/internal/auth/jwt/jwt.go:44.25,46.3 1 0
coin/internal/auth/jwt/jwt.go:48.2,48.50 1 1
coin/internal/auth/jwt/jwt.go:48.50,50.3 1 0
coin/internal/auth/jwt/jwt.go:52.2,52.20 1 1
coin/internal/database/postgres/coin.go:21.50,28.2 3 0
coin/internal/database/postgres/coin.go:30.60,40.16 5 0
coin/internal/database/postgres/coin.go:40.16,42.3 1 0
coin/internal/database/postgres/coin.go:44.2,48.16 2 0
coin/internal/database/postgres/coin.go:48.16,50.3 1 0
coin/internal/database/postgres/coin.go:52.2,61.16 2 0
coin/internal/database/postgres/coin.go:61.16,63.3 1 0
coin/internal/database/postgres/coin.go:65.2,65.14 1 0
coin/internal/database/postgres/coin.go:69.71,75.16 6 0
coin/internal/database/postgres/coin.go:75.16,77.3 1 0
coin/internal/database/postgres/coin.go:78.2,80.18 2 0
coin/internal/database/postgres/coin.go:80.18,81.93 1 0
coin/internal/database/postgres/coin.go:81.93,83.4 1 0
coin/internal/database/postgres/coin.go:84.3,84.43 1 0
coin/internal/database/postgres/coin.go:84.43,86.4 1 0
coin/internal/database/postgres/coin.go:88.2,88.15 1 0
coin/internal/database/postgres/coin.go:91.72,94.2 2 0
coin/internal/database/postgres/coin.go:96.84,99.16 3 0
coin/internal/database/postgres/coin.go:99.16,102.3 2 0
coin/internal/database/postgres/coin.go:104.2,107.16 2 0
coin/internal/database/postgres/coin.go:107.16,109.18 2 0
coin/internal/database/postgres/coin.go:109.18,111.4 1 0
coin/internal/database/postgres/coin.go:112.3,113.13 2 0
coin/internal/database/postgres/coin.go:115.2,121.16 3 0
coin/internal/database/postgres/coin.go:121.16,123.18 2 0
coin/internal/database/postgres/coin.go:123.18,125.4 1 0
coin/internal/database/postgres/coin.go:126.3,127.13 2 0
coin/internal/database/postgres/coin.go:129.2,130.16 2 0
coin/internal/database/postgres/coin.go:130.16,133.3 2 0
coin/internal/database/postgres/coin.go:134.2,134.12 1 0
coin/internal/database/postgres/coin.go:137.85,141.16 4 0
coin/internal/database/postgres/coin.go:141.16,143.3 1 0
coin/internal/database/postgres/coin.go:144.2,146.18 2 0
coin/internal/database/postgres/coin.go:146.18,149.17 3 0
coin/internal/database/postgres/coin.go:149.17,151.12 2 0
coin/internal/database/postgres/coin.go:153.3,153.37 1 0
coin/internal/database/postgres/coin.go:155.2,155.24 1 0
coin/internal/database/postgres/coin.go:158.105,161.16 3 0
coin/internal/database/postgres/coin.go:161.16,164.3 2 0
coin/internal/database/postgres/coin.go:166.2,169.16 2 0
coin/internal/database/postgres/coin.go:169.16,171.18 2 0
coin/internal/database/postgres/coin.go:171.18,173.4 1 0
coin/internal/database/postgres/coin.go:174.3,175.13 2 0
coin/internal/database/postgres/coin.go:178.2,181.16 2 0
coin/internal/database/postgres/coin.go:181.16,183.18 2 0
coin/internal/database/postgres/coin.go:183.18,185.4 1 0
coin/internal/database/postgres/coin.go:186.3,187.13 2 0
coin/internal/database/postgres/coin.go:189.2,192.16 3 0
coin/internal/database/postgres/coin.go:192.16,194.18 2 0
coin/internal/database/postgres/coin.go:194.18,196.4 1 0
coin/internal/database/postgres/coin.go:197.3,198.13 2 0
coin/internal/database/postgres/coin.go:201.2,202.16 2 0
coin/internal/database/postgres/coin.go:202.16,205.3 2 0
coin/internal/database/postgres/coin.go:206.2,206.12 1 0
coin/internal/database/postgres/init.go:10.54,13.65 3 0
coin/internal/database/postgres/init.go:13.65,15.3 1 0
coin/internal/database/postgres/init.go:16.2,16.12 1 0
coin/internal/database/postgres/init.go:16.12,18.3 1 0
coin/internal/database/postgres/init.go:18.8,21.17 3 0
coin/internal/database/postgres/init.go:21.17,23.4 1 0
coin/internal/database/postgres/init.go:24.3,24.63 1 0
coin/internal/database/postgres/init.go:28.33,36.16 3 0
coin/internal/database/postgres/init.go:36.16,38.3 1 0
coin/internal/database/postgres/init.go:40.2,45.16 2 0
coin/internal/database/postgres/init.go:45.16,47.3 1 0
coin/internal/database/postgres/init.go:49.2,56.16 2 0
coin/internal/database/postgres/init.go:56.16,58.3 1 0
coin/internal/database/postgres/init.go:60.2,66.16 2 0
coin/internal/database/postgres/init.go:66.16,68.3 1 0
coin/internal/database/postgres/init.go:70.2,75.16 2 0
coin/internal/database/postgres/init.go:75.16,77.3 1 0
coin/internal/database/postgres/init.go:79.2,83.16 2 0
coin/internal/database/postgres/init.go:83.16,85.3 1 0
coin/internal/database/postgres/init.go:87.2,87.41 1 0
coin/internal/database/redis/item.go:21.47,26.16 3 0
coin/internal/database/redis/item.go:26.16,28.3 1 0
coin/internal/database/redis/item.go:29.2,30.43 2 0
coin/internal/database/redis/item.go:30.43,32.3 1 0
coin/internal/database/redis/item.go:33.2,33.14 1 0
coin/internal/database/redis/item.go:36.43,40.16 4 0
coin/internal/database/redis/item.go:40.16,42.3 1 0
coin/internal/database/redis/item.go:43.2,45.21 3 0
coin/internal/database/redis/item.go:45.21,52.17 4 0
coin/internal/database/redis/item.go:52.17,54.12 2 0
coin/internal/database/redis/item.go:56.3,56.55 1 0
coin/internal/database/redis/item.go:58.2,58.12 1 0
coin/internal/database/redis/item.go:61.66,63.16 2 0
coin/internal/database/redis/item.go:63.16,65.3 1 0
coin/internal/database/redis/item.go:66.2,67.16 2 0
coin/internal/database/redis/item.go:67.16,69.3 1 0
coin/internal/database/redis/item.go:70.2,70.19 1 0
coin/internal/database/redis/item.go:73.57,77.6 3 0
coin/internal/database/redis/item.go:77.6,79.17 2 0
coin/internal/database/redis/item.go:79.17,81.4 1 0
coin/internal/database/redis/item.go:82.3,84.28 2 0
coin/internal/database/redis/item.go:84.28,86.18 2 0
coin/internal/database/redis/item.go:86.18,88.13 2 0
coin/internal/database/redis/item.go:91.4,92.18 2 0
coin/internal/database/redis/item.go:92.18,94.13 2 0
coin/internal/database/redis/item.go:97.4,98.23 2 0
coin/internal/database/redis/item.go:98.23,100.13 2 0
coin/internal/database/redis/item.go:103.4,107.31 2 0
coin/internal/database/redis/item.go:110.3,110.18 1 0
coin/internal/database/redis/item.go:110.18,111.9 1 0
coin/internal/database/redis/item.go:115.2,115.19 1 0
coin/internal/repository/coin_repository.go:14.92,19.2 1 0
coin/internal/repository/coin_repository.go:21.73,23.2 1 0
coin/internal/repository/coin_repository.go:25.72,27.2 1 0
coin/internal/repository/coin_repository.go:29.106,31.2 1 0
coin/internal/repository/coin_repository.go:33.74,35.16 2 0
coin/internal/repository/coin_repository.go:35.16,37.3 1 0
coin/internal/repository/coin_repository.go:38.2,38.56 1 0
coin/internal/repository/coin_repository.go:41.86,43.2 1 0
coin/internal/repository/coin_repository.go:45.60,47.2 1 0
coin/internal/repository/coin_repository.go:49.69,51.2 1 0
coin/internal/repository/mocks/coin.go:17.38,28.2 1 1
coin/internal/repository/mocks/coin.go:30.70,32.9 2 1
coin/internal/repository/mocks/coin.go:32.9,34.3 1 0
coin/internal/repository/mocks/coin.go:36.2,36.18 1 1
coin/internal/repository/mocks/coin.go:39.71,47.2 3 0
coin/internal/repository/mocks/coin.go:49.72,50.38 1 1
coin/internal/repository/mocks/coin.go:50.38,51.24 1 1
coin/internal/repository/mocks/coin.go:51.24,56.4 4 1
coin/internal/repository/mocks/coin.go:58.2,58.37 1 0
coin/internal/repository/mocks/coin.go:61.58,63.2 1 0
coin/internal/repository/mocks/coin.go:65.67,67.2 1 1
coin/internal/repository/mocks/coin.go:69.84,71.2 1 0
coin/internal/repository/mocks/coin.go:73.104,96.2 9 0
coin/service/coin.go:13.58,17.2 1 1
coin/service/coin.go:21.79,24.16 3 1
coin/service/coin.go:24.16,26.3 1 0
coin/service/coin.go:27.2,27.90 1 1
coin/service/coin.go:27.90,29.17 2 0
coin/service/coin.go:29.17,32.4 2 0
coin/service/coin.go:33.3,34.17 2 0
coin/service/coin.go:34.17,37.4 2 0
coin/service/coin.go:39.2,39.18 1 1
coin/service/coin.go:42.58,45.16 3 0
coin/service/coin.go:45.16,48.3 2 0
coin/service/coin.go:49.2,50.16 2 0
coin/service/coin.go:50.16,53.3 2 0
coin/service/coin.go:54.2,54.12 1 0
coin/service/coin.go:57.86,60.16 3 1
coin/service/coin.go:60.16,62.3 1 0
coin/service/coin.go:64.2,65.16 2 1
coin/service/coin.go:65.16,68.3 2 0
coin/service/coin.go:69.2,69.26 1 1
coin/service/coin.go:69.26,71.3 1 0
coin/service/coin.go:72.2,74.16 3 1
coin/service/coin.go:74.16,77.3 2 0
coin/service/coin.go:79.2,79.18 1 1
coin/service/coin.go:82.57,84.2 1 0
coin/service/coin.go:86.106,89.16 3 0
coin/service/coin.go:89.16,92.3 2 0
coin/service/coin.go:93.2,95.16 3 0
coin/service/coin.go:95.16,98.3 2 0
coin/service/coin.go:100.2,100.25 1 0
coin/service/coin.go:100.25,102.3 1 0
coin/service/coin.go:104.2,104.29 1 0
coin/service/coin.go:104.29,106.3 1 0
coin/service/coin.go:107.2,108.16 2 0
coin/service/coin.go:108.16,111.3 2 0
coin/service/coin.go:112.2,112.37 1 0
coin/service/coin.go:115.83,118.16 3 0
coin/service/coin.go:118.16,121.3 2 0
coin/service/coin.go:122.2,123.16 2 0
coin/service/coin.go:123.16,126.3 2 0
coin/service/coin.go:127.2,127.24 1 0
coin/cmd/app/main.go:21.13,28.16 6 0
coin/cmd/app/main.go:28.16,30.3 1 0
coin/cmd/app/main.go:32.2,36.16 4 0
coin/cmd/app/main.go:36.16,38.3 1 0
coin/cmd/app/main.go:40.2,53.48 11 0
coin/cmd/app/main.go:53.48,55.3 1 0
coin/cmd/app/config/config.go:36.28,42.2 3 0
coin/cmd/app/config/config.go:44.40,45.19 1 0
coin/cmd/app/config/config.go:45.19,47.3 1 0
coin/cmd/app/config/config.go:49.2,49.52 1 0
coin/cmd/app/config/config.go:49.52,51.3 1 0
coin/cmd/app/config/config.go:53.2,53.58 1 0
coin/cmd/app/config/config.go:53.58,55.3 1 0
coin/internal/api/http/coin.go:19.63,23.2 1 1
coin/internal/api/http/coin.go:25.44,28.51 3 0
coin/internal/api/http/coin.go:28.51,32.3 3 0
coin/internal/api/http/coin.go:34.2,35.16 2 0
coin/internal/api/http/coin.go:35.16,39.3 3 0
coin/internal/api/http/coin.go:41.2,42.16 2 0
coin/internal/api/http/coin.go:42.16,46.3 3 0
coin/internal/api/http/coin.go:48.2,50.46 2 0
coin/internal/api/http/coin.go:54.47,57.9 3 0
coin/internal/api/http/coin.go:57.9,60.3 2 0
coin/internal/api/http/coin.go:61.2,62.9 2 0
coin/internal/api/http/coin.go:62.9,66.3 3 0
coin/internal/api/http/coin.go:67.2,68.20 2 0
coin/internal/api/http/coin.go:68.20,71.3 2 0
coin/internal/api/http/coin.go:72.2,73.16 2 0
coin/internal/api/http/coin.go:73.16,74.46 1 0
coin/internal/api/http/coin.go:74.46,77.4 2 0
coin/internal/api/http/coin.go:78.3,78.47 1 0
coin/internal/api/http/coin.go:78.47,81.4 2 0
coin/internal/api/http/coin.go:82.3,84.9 3 0
coin/internal/api/http/coin.go:86.2,86.84 1 0
coin/internal/api/http/coin.go:89.48,92.16 3 0
coin/internal/api/http/coin.go:92.16,95.3 2 0
coin/internal/api/http/coin.go:96.2,96.30 1 0
coin/internal/api/http/coin.go:99.44,102.9 3 0
coin/internal/api/http/coin.go:102.9,105.3 2 0
coin/internal/api/http/coin.go:106.2,107.9 2 0
coin/internal/api/http/coin.go:107.9,111.3 3 0
coin/internal/api/http/coin.go:112.2,113.16 2 0
coin/internal/api/http/coin.go:113.16,117.3 3 0
coin/internal/api/http/coin.go:118.2,122.4 1 0
coin/internal/api/http/coin.go:125.48,131.47 3 0
coin/internal/api/http/coin.go:131.47,134.3 2 0
coin/internal/api/http/coin.go:135.2,135.21 1 0
coin/internal/api/http/coin.go:135.21,138.3 2 0
coin/internal/api/http/coin.go:140.2,141.9 2 0
coin/internal/api/http/coin.go:141.9,144.3 2 0
coin/internal/api/http/coin.go:145.2,146.9 2 0
coin/internal/api/http/coin.go:146.9,149.3 2 0
coin/internal/api/http/coin.go:151.2,151.37 1 0
coin/internal/api/http/coin.go:151.37,154.3 2 0
coin/internal/api/http/coin.go:156.2,157.16 2 0
coin/internal/api/http/coin.go:157.16,158.47 1 0
coin/internal/api/http/coin.go:158.47,161.4 2 0
coin/internal/api/http/coin.go:162.3,164.9 3 0
coin/internal/api/http/coin.go:166.2,171.4 2 0
coin/internal/api/http/coin.go:174.50,177.9 3 1
coin/internal/api/http/coin.go:177.9,181.3 3 0
coin/internal/api/http/coin.go:182.2,183.9 2 1
coin/internal/api/http/coin.go:183.9,186.3 2 0
coin/internal/api/http/coin.go:187.2,188.16 2 1
coin/internal/api/http/coin.go:188.16,192.3 3 0
coin/internal/api/http/coin.go:193.2,194.54 2 1
coin/internal/api/http/coin.go:198.57,200.34 2 0
coin/internal/api/http/coin.go:200.34,202.3 1 0
coin/internal/api/http/coin.go:203.2,204.2 2 0
coin/internal/api/http/coin.go:204.2,211.3 6 0
coin/internal/api/http/middleware/auth.go:10.37,12.23 2 1
coin/internal/api/http/middleware/auth.go:12.23,16.3 3 0
coin/internal/api/http/middleware/auth.go:17.2,19.16 3 1
coin/internal/api/http/middleware/auth.go:19.16,23.3 3 0
coin/internal/api/http/middleware/auth.go:25.2,26.10 2 1
coin/internal/auth/jwt/jwt.go:17.53,28.2 3 1
coin/internal/auth/jwt/jwt.go:30.59,34.43 1 1
coin/internal/auth/jwt/jwt.go:34.43,36.4 1 1
coin/internal/auth/jwt/jwt.go:39.2,39.16 1 1
coin/internal/auth/jwt/jwt.go:39.16,41.3 1 0
coin/internal/auth/jwt/jwt.go:43.2,44.25 2 1
coin/internal/auth/jwt/jwt.go:44.25,46.3 1 0
coin/internal/auth/jwt/jwt.go:48.2,48.50 1 1
coin/internal/auth/jwt/jwt.go:48.50,50.3 1 0
coin/internal/auth/jwt/jwt.go:52.2,52.20 1 1
coin/internal/database/postgres/coin.go:21.50,28.2 3 0
coin/internal/database/postgres/coin.go:30.60,40.16 5 0
coin/internal/database/postgres/coin.go:40.16,42.3 1 0
coin/internal/database/postgres/coin.go:44.2,48.16 2 0
coin/internal/database/postgres/coin.go:48.16,50.3 1 0
coin/internal/database/postgres/coin.go:52.2,61.16 2 0
coin/internal/database/postgres/coin.go:61.16,63.3 1 0
coin/internal/database/postgres/coin.go:65.2,65.14 1 0
coin/internal/database/postgres/coin.go:69.71,75.16 6 0
coin/internal/database/postgres/coin.go:75.16,77.3 1 0
coin/internal/database/postgres/coin.go:78.2,80.18 2 0
coin/internal/database/postgres/coin.go:80.18,81.93 1 0
coin/internal/database/postgres/coin.go:81.93,83.4 1 0
coin/internal/database/postgres/coin.go:84.3,84.43 1 0
coin/internal/database/postgres/coin.go:84.43,86.4 1 0
coin/internal/database/postgres/coin.go:88.2,88.15 1 0
coin/internal/database/postgres/coin.go:91.72,94.2 2 0
coin/internal/database/postgres/coin.go:96.84,99.16 3 0
coin/internal/database/postgres/coin.go:99.16,102.3 2 0
coin/internal/database/postgres/coin.go:104.2,107.16 2 0
coin/internal/database/postgres/coin.go:107.16,109.18 2 0
coin/internal/database/postgres/coin.go:109.18,111.4 1 0
coin/internal/database/postgres/coin.go:112.3,113.13 2 0
coin/internal/database/postgres/coin.go:115.2,121.16 3 0
coin/internal/database/postgres/coin.go:121.16,123.18 2 0
coin/internal/database/postgres/coin.go:123.18,125.4 1 0
coin/internal/database/postgres/coin.go:126.3,127.13 2 0
coin/internal/database/postgres/coin.go:129.2,130.16 2 0
coin/internal/database/postgres/coin.go:130.16,133.3 2 0
coin/internal/database/postgres/coin.go:134.2,134.12 1 0
coin/internal/database/postgres/coin.go:137.85,141.16 4 0
coin/internal/database/postgres/coin.go:141.16,143.3 1 0
coin/internal/database/postgres/coin.go:144.2,146.18 2 0
coin/internal/database/postgres/coin.go:146.18,149.17 3 0
coin/internal/database/postgres/coin.go:149.17,151.12 2 0
coin/internal/database/postgres/coin.go:153.3,153.37 1 0
coin/internal/database/postgres/coin.go:155.2,155.24 1 0
coin/internal/database/postgres/coin.go:158.105,161.16 3 0
coin/internal/database/postgres/coin.go:161.16,164.3 2 0
coin/internal/database/postgres/coin.go:166.2,169.16 2 0
coin/internal/database/postgres/coin.go:169.16,171.18 2 0
coin/internal/database/postgres/coin.go:171.18,173.4 1 0
coin/internal/database/postgres/coin.go:174.3,175.13 2 0
coin/internal/database/postgres/coin.go:178.2,181.16 2 0
coin/internal/database/postgres/coin.go:181.16,183.18 2 0
coin/internal/database/postgres/coin.go:183.18,185.4 1 0
coin/internal/database/postgres/coin.go:186.3,187.13 2 0
coin/internal/database/postgres/coin.go:189.2,192.16 3 0
coin/internal/database/postgres/coin.go:192.16,194.18 2 0
coin/internal/database/postgres/coin.go:194.18,196.4 1 0
coin/internal/database/postgres/coin.go:197.3,198.13 2 0
coin/internal/database/postgres/coin.go:201.2,202.16 2 0
coin/internal/database/postgres/coin.go:202.16,205.3 2 0
coin/internal/database/postgres/coin.go:206.2,206.12 1 0
coin/internal/database/postgres/init.go:10.54,13.65 3 0
coin/internal/database/postgres/init.go:13.65,15.3 1 0
coin/internal/database/postgres/init.go:16.2,16.12 1 0
coin/internal/database/postgres/init.go:16.12,18.3 1 0
coin/internal/database/postgres/init.go:18.8,21.17 3 0
coin/internal/database/postgres/init.go:21.17,23.4 1 0
coin/internal/database/postgres/init.go:24.3,24.63 1 0
coin/internal/database/postgres/init.go:28.33,36.16 3 0
coin/internal/database/postgres/init.go:36.16,38.3 1 0
coin/internal/database/postgres/init.go:40.2,45.16 2 0
coin/internal/database/postgres/init.go:45.16,47.3 1 0
coin/internal/database/postgres/init.go:49.2,56.16 2 0
coin/internal/database/postgres/init.go:56.16,58.3 1 0
coin/internal/database/postgres/init.go:60.2,66.16 2 0
coin/internal/database/postgres/init.go:66.16,68.3 1 0
coin/internal/database/postgres/init.go:70.2,75.16 2 0
coin/internal/database/postgres/init.go:75.16,77.3 1 0
coin/internal/database/postgres/init.go:79.2,83.16 2 0
coin/internal/database/postgres/init.go:83.16,85.3 1 0
coin/internal/database/postgres/init.go:87.2,87.41 1 0
coin/internal/database/redis/item.go:21.47,26.16 3 0
coin/internal/database/redis/item.go:26.16,28.3 1 0
coin/internal/database/redis/item.go:29.2,30.43 2 0
coin/internal/database/redis/item.go:30.43,32.3 1 0
coin/internal/database/redis/item.go:33.2,33.14 1 0
coin/internal/database/redis/item.go:36.43,40.16 4 0
coin/internal/database/redis/item.go:40.16,42.3 1 0
coin/internal/database/redis/item.go:43.2,45.21 3 0
coin/internal/database/redis/item.go:45.21,52.17 4 0
coin/internal/database/redis/item.go:52.17,54.12 2 0
coin/internal/database/redis/item.go:56.3,56.55 1 0
coin/internal/database/redis/item.go:58.2,58.12 1 0
coin/internal/database/redis/item.go:61.66,63.16 2 0
coin/internal/database/redis/item.go:63.16,65.3 1 0
coin/internal/database/redis/item.go:66.2,67.16 2 0
coin/internal/database/redis/item.go:67.16,69.3 1 0
coin/internal/database/redis/item.go:70.2,70.19 1 0
coin/internal/database/redis/item.go:73.57,77.6 3 0
coin/internal/database/redis/item.go:77.6,79.17 2 0
coin/internal/database/redis/item.go:79.17,81.4 1 0
coin/internal/database/redis/item.go:82.3,84.28 2 0
coin/internal/database/redis/item.go:84.28,86.18 2 0
coin/internal/database/redis/item.go:86.18,88.13 2 0
coin/internal/database/redis/item.go:91.4,92.18 2 0
coin/internal/database/redis/item.go:92.18,94.13 2 0
coin/internal/database/redis/item.go:97.4,98.23 2 0
coin/internal/database/redis/item.go:98.23,100.13 2 0
coin/internal/database/redis/item.go:103.4,107.31 2 0
coin/internal/database/redis/item.go:110.3,110.18 1 0
coin/internal/database/redis/item.go:110.18,111.9 1 0
coin/internal/database/redis/item.go:115.2,115.19 1 0
coin/internal/repository/coin_repository.go:14.92,19.2 1 0
coin/internal/repository/coin_repository.go:21.73,23.2 1 0
coin/internal/repository/coin_repository.go:25.72,27.2 1 0
coin/internal/repository/coin_repository.go:29.106,31.2 1 0
coin/internal/repository/coin_repository.go:33.74,35.16 2 0
coin/internal/repository/coin_repository.go:35.16,37.3 1 0
coin/internal/repository/coin_repository.go:38.2,38.56 1 0
coin/internal/repository/coin_repository.go:41.86,43.2 1 0
coin/internal/repository/coin_repository.go:45.60,47.2 1 0
coin/internal/repository/coin_repository.go:49.69,51.2 1 0
coin/internal/repository/mocks/coin.go:17.38,28.2 1 1
coin/internal/repository/mocks/coin.go:30.70,32.9 2 1
coin/internal/repository/mocks/coin.go:32.9,34.3 1 0
coin/internal/repository/mocks/coin.go:36.2,36.18 1 1
coin/internal/repository/mocks/coin.go:39.71,47.2 3 0
coin/internal/repository/mocks/coin.go:49.72,50.38 1 0
coin/internal/repository/mocks/coin.go:50.38,51.24 1 0
coin/internal/repository/mocks/coin.go:51.24,56.4 4 0
coin/internal/repository/mocks/coin.go:58.2,58.37 1 0
coin/internal/repository/mocks/coin.go:61.58,63.2 1 0
coin/internal/repository/mocks/coin.go:65.67,67.2 1 0
coin/internal/repository/mocks/coin.go:69.84,71.2 1 1
coin/internal/repository/mocks/coin.go:73.104,96.2 9 0
coin/service/coin.go:13.58,17.2 1 1
coin/service/coin.go:21.79,24.16 3 1
coin/service/coin.go:24.16,26.3 1 0
coin/service/coin.go:27.2,27.90 1 1
coin/service/coin.go:27.90,29.17 2 0
coin/service/coin.go:29.17,32.4 2 0
coin/service/coin.go:33.3,34.17 2 0
coin/service/coin.go:34.17,37.4 2 0
coin/service/coin.go:39.2,39.18 1 1
coin/service/coin.go:42.58,45.16 3 0
coin/service/coin.go:45.16,48.3 2 0
coin/service/coin.go:49.2,50.16 2 0
coin/service/coin.go:50.16,53.3 2 0
coin/service/coin.go:54.2,54.12 1 0
coin/service/coin.go:57.86,60.16 3 0
coin/service/coin.go:60.16,62.3 1 0
coin/service/coin.go:64.2,65.16 2 0
coin/service/coin.go:65.16,68.3 2 0
coin/service/coin.go:69.2,69.26 1 0
coin/service/coin.go:69.26,71.3 1 0
coin/service/coin.go:72.2,74.16 3 0
coin/service/coin.go:74.16,77.3 2 0
coin/service/coin.go:79.2,79.18 1 0
coin/service/coin.go:82.57,84.2 1 0
coin/service/coin.go:86.106,89.16 3 0
coin/service/coin.go:89.16,92.3 2 0
coin/service/coin.go:93.2,95.16 3 0
coin/service/coin.go:95.16,98.3 2 0
coin/service/coin.go:100.2,100.25 1 0
coin/service/coin.go:100.25,102.3 1 0
coin/service/coin.go:104.2,104.29 1 0
coin/service/coin.go:104.29,106.3 1 0
coin/service/coin.go:107.2,108.16 2 0
coin/service/coin.go:108.16,111.3 2 0
coin/service/coin.go:112.2,112.37 1 0
coin/service/coin.go:115.83,118.16 3 1
coin/service/coin.go:118.16,121.3 2 0
coin/service/coin.go:122.2,123.16 2 1
coin/service/coin.go:123.16,126.3 2 0
coin/service/coin.go:127.2,127.24 1 1
coin/cmd/app/main.go:21.13,28.16 6 0
coin/cmd/app/main.go:28.16,30.3 1 0
coin/cmd/app/main.go:32.2,36.16 4 0
coin/cmd/app/main.go:36.16,38.3 1 0
coin/cmd/app/main.go:40.2,53.48 11 0
coin/cmd/app/main.go:53.48,55.3 1 0
coin/cmd/app/config/config.go:36.28,42.2 3 0
coin/cmd/app/config/config.go:44.40,45.19 1 0
coin/cmd/app/config/config.go:45.19,47.3 1 0
coin/cmd/app/config/config.go:49.2,49.52 1 0
coin/cmd/app/config/config.go:49.52,51.3 1 0
coin/cmd/app/config/config.go:53.2,53.58 1 0
coin/cmd/app/config/config.go:53.58,55.3 1 0
coin/internal/api/http/coin.go:19.63,23.2 1 1
coin/internal/api/http/coin.go:25.44,28.51 3 0
coin/internal/api/http/coin.go:28.51,32.3 3 0
coin/internal/api/http/coin.go:34.2,35.16 2 0
coin/internal/api/http/coin.go:35.16,39.3 3 0
coin/internal/api/http/coin.go:41.2,42.16 2 0
coin/internal/api/http/coin.go:42.16,46.3 3 0
coin/internal/api/http/coin.go:48.2,50.46 2 0
coin/internal/api/http/coin.go:54.47,57.9 3 0
coin/internal/api/http/coin.go:57.9,60.3 2 0
coin/internal/api/http/coin.go:61.2,62.9 2 0
coin/internal/api/http/coin.go:62.9,66.3 3 0
coin/internal/api/http/coin.go:67.2,68.20 2 0
coin/internal/api/http/coin.go:68.20,71.3 2 0
coin/internal/api/http/coin.go:72.2,73.16 2 0
coin/internal/api/http/coin.go:73.16,74.46 1 0
coin/internal/api/http/coin.go:74.46,77.4 2 0
coin/internal/api/http/coin.go:78.3,78.47 1 0
coin/internal/api/http/coin.go:78.47,81.4 2 0
coin/internal/api/http/coin.go:82.3,84.9 3 0
coin/internal/api/http/coin.go:86.2,86.84 1 0
coin/internal/api/http/coin.go:89.48,92.16 3 0
coin/internal/api/http/coin.go:92.16,95.3 2 0
coin/internal/api/http/coin.go:96.2,96.30 1 0
coin/internal/api/http/coin.go:99.44,102.9 3 0
coin/internal/api/http/coin.go:102.9,105.3 2 0
coin/internal/api/http/coin.go:106.2,107.9 2 0
coin/internal/api/http/coin.go:107.9,111.3 3 0
coin/internal/api/http/coin.go:112.2,113.16 2 0
coin/internal/api/http/coin.go:113.16,117.3 3 0
coin/internal/api/http/coin.go:118.2,122.4 1 0
coin/internal/api/http/coin.go:125.48,131.47 3 1
coin/internal/api/http/coin.go:131.47,134.3 2 0
coin/internal/api/http/coin.go:135.2,135.21 1 1
coin/internal/api/http/coin.go:135.21,138.3 2 0
coin/internal/api/http/coin.go:140.2,141.9 2 1
coin/internal/api/http/coin.go:141.9,144.3 2 0
coin/internal/api/http/coin.go:145.2,146.9 2 1
coin/internal/api/http/coin.go:146.9,149.3 2 0
coin/internal/api/http/coin.go:151.2,151.37 1 1
coin/internal/api/http/coin.go:151.37,154.3 2 0
coin/internal/api/http/coin.go:156.2,157.16 2 1
coin/internal/api/http/coin.go:157.16,158.47 1 0
coin/internal/api/http/coin.go:158.47,161.4 2 0
coin/internal/api/http/coin.go:162.3,164.9 3 0
coin/internal/api/http/coin.go:166.2,171.4 2 1
coin/internal/api/http/coin.go:174.50,177.9 3 0
coin/internal/api/http/coin.go:177.9,181.3 3 0
coin/internal/api/http/coin.go:182.2,183.9 2 0
coin/internal/api/http/coin.go:183.9,186.3 2 0
coin/internal/api/http/coin.go:187.2,188.16 2 0
coin/internal/api/http/coin.go:188.16,192.3 3 0
coin/internal/api/http/coin.go:193.2,194.54 2 0
coin/internal/api/http/coin.go:198.57,200.34 2 0
coin/internal/api/http/coin.go:200.34,202.3 1 0
coin/internal/api/http/coin.go:203.2,204.2 2 0
coin/internal/api/http/coin.go:204.2,211.3 6 0
coin/internal/api/http/middleware/auth.go:10.37,12.23 2 1
coin/internal/api/http/middleware/auth.go:12.23,16.3 3 0
coin/internal/api/http/middleware/auth.go:17.2,19.16 3 1
coin/internal/api/http/middleware/auth.go:19.16,23.3 3 0
coin/internal/api/http/middleware/auth.go:25.2,26.10 2 1
coin/internal/auth/jwt/jwt.go:17.53,28.2 3 1
coin/internal/auth/jwt/jwt.go:30.59,34.43 1 1
coin/internal/auth/jwt/jwt.go:34.43,36.4 1 1
coin/internal/auth/jwt/jwt.go:39.2,39.16 1 1
coin/internal/auth/jwt/jwt.go:39.16,41.3 1 0
coin/internal/auth/jwt/jwt.go:43.2,44.25 2 1
coin/internal/auth/jwt/jwt.go:44.25,46.3 1 0
coin/internal/auth/jwt/jwt.go:48.2,48.50 1 1
coin/internal/auth/jwt/jwt.go:48.50,50.3 1 0
coin/internal/auth/jwt/jwt.go:52.2,52.20 1 1
coin/internal/database/postgres/coin.go:21.50,28.2 3 0
coin/internal/database/postgres/coin.go:30.60,40.16 5 0
coin/internal/database/postgres/coin.go:40.16,42.3 1 0
coin/internal/database/postgres/coin.go:44.2,48.16 2 0
coin/internal/database/postgres/coin.go:48.16,50.3 1 0
coin/internal/database/postgres/coin.go:52.2,61.16 2 0
coin/internal/database/postgres/coin.go:61.16,63.3 1 0
coin/internal/database/postgres/coin.go:65.2,65.14 1 0
coin/internal/database/postgres/coin.go:69.71,75.16 6 0
coin/internal/database/postgres/coin.go:75.16,77.3 1 0
coin/internal/database/postgres/coin.go:78.2,80.18 2 0
coin/internal/database/postgres/coin.go:80.18,81.93 1 0
coin/internal/database/postgres/coin.go:81.93,83.4 1 0
coin/internal/database/postgres/coin.go:84.3,84.43 1 0
coin/internal/database/postgres/coin.go:84.43,86.4 1 0
coin/internal/database/postgres/coin.go:88.2,88.15 1 0
coin/internal/database/postgres/coin.go:91.72,94.2 2 0
coin/internal/database/postgres/coin.go:96.84,99.16 3 0
coin/internal/database/postgres/coin.go:99.16,102.3 2 0
coin/internal/database/postgres/coin.go:104.2,107.16 2 0
coin/internal/database/postgres/coin.go:107.16,109.18 2 0
coin/internal/database/postgres/coin.go:109.18,111.4 1 0
coin/internal/database/postgres/coin.go:112.3,113.13 2 0
coin/internal/database/postgres/coin.go:115.2,121.16 3 0
coin/internal/database/postgres/coin.go:121.16,123.18 2 0
coin/internal/database/postgres/coin.go:123.18,125.4 1 0
coin/internal/database/postgres/coin.go:126.3,127.13 2 0
coin/internal/database/postgres/coin.go:129.2,130.16 2 0
coin/internal/database/postgres/coin.go:130.16,133.3 2 0
coin/internal/database/postgres/coin.go:134.2,134.12 1 0
coin/internal/database/postgres/coin.go:137.85,141.16 4 0
coin/internal/database/postgres/coin.go:141.16,143.3 1 0
coin/internal/database/postgres/coin.go:144.2,146.18 2 0
coin/internal/database/postgres/coin.go:146.18,149.17 3 0
coin/internal/database/postgres/coin.go:149.17,151.12 2 0
coin/internal/database/postgres/coin.go:153.3,153.37 1 0
coin/internal/database/postgres/coin.go:155.2,155.24 1 0
coin/internal/database/postgres/coin.go:158.105,161.16 3 0
coin/internal/database/postgres/coin.go:161.16,164.3 2 0
coin/internal/database/postgres/coin.go:166.2,169.16 2 0
coin/internal/database/postgres/coin.go:169.16,171.18 2 0
coin/internal/database/postgres/coin.go:171.18,173.4 1 0
coin/internal/database/postgres/coin.go:174.3,175.13 2 0
coin/internal/database/postgres/coin.go:178.2,181.16 2 0
coin/internal/database/postgres/coin.go:181.16,183.18 2 0
coin/internal/database/postgres/coin.go:183.18,185.4 1 0
coin/internal/database/postgres/coin.go:186.3,187.13 2 0
coin/internal/database/postgres/coin.go:189.2,192.16 3 0
coin/internal/database/postgres/coin.go:192.16,194.18 2 0
coin/internal/database/postgres/coin.go:194.18,196.4 1 0
coin/internal/database/postgres/coin.go:197.3,198.13 2 0
coin/internal/database/postgres/coin.go:201.2,202.16 2 0
coin/internal/database/postgres/coin.go:202.16,205.3 2 0
coin/internal/database/postgres/coin.go:206.2,206.12 1 0
coin/internal/database/postgres/init.go:10.54,13.65 3 0
coin/internal/database/postgres/init.go:13.65,15.3 1 0
coin/internal/database/postgres/init.go:16.2,16.12 1 0
coin/internal/database/postgres/init.go:16.12,18.3 1 0
coin/internal/database/postgres/init.go:18.8,21.17 3 0
coin/internal/database/postgres/init.go:21.17,23.4 1 0
coin/internal/database/postgres/init.go:24.3,24.63 1 0
coin/internal/database/postgres/init.go:28.33,36.16 3 0
coin/internal/database/postgres/init.go:36.16,38.3 1 0
coin/internal/database/postgres/init.go:40.2,45.16 2 0
coin/internal/database/postgres/init.go:45.16,47.3 1 0
coin/internal/database/postgres/init.go:49.2,56.16 2 0
coin/internal/database/postgres/init.go:56.16,58.3 1 0
coin/internal/database/postgres/init.go:60.2,66.16 2 0
coin/internal/database/postgres/init.go:66.16,68.3 1 0
coin/internal/database/postgres/init.go:70.2,75.16 2 0
coin/internal/database/postgres/init.go:75.16,77.3 1 0
coin/internal/database/postgres/init.go:79.2,83.16 2 0
coin/internal/database/postgres/init.go:83.16,85.3 1 0
coin/internal/database/postgres/init.go:87.2,87.41 1 0
coin/internal/database/redis/item.go:21.47,26.16 3 0
coin/internal/database/redis/item.go:26.16,28.3 1 0
coin/internal/database/redis/item.go:29.2,30.43 2 0
coin/internal/database/redis/item.go:30.43,32.3 1 0
coin/internal/database/redis/item.go:33.2,33.14 1 0
coin/internal/database/redis/item.go:36.43,40.16 4 0
coin/internal/database/redis/item.go:40.16,42.3 1 0
coin/internal/database/redis/item.go:43.2,45.21 3 0
coin/internal/database/redis/item.go:45.21,52.17 4 0
coin/internal/database/redis/item.go:52.17,54.12 2 0
coin/internal/database/redis/item.go:56.3,56.55 1 0
coin/internal/database/redis/item.go:58.2,58.12 1 0
coin/internal/database/redis/item.go:61.66,63.16 2 0
coin/internal/database/redis/item.go:63.16,65.3 1 0
coin/internal/database/redis/item.go:66.2,67.16 2 0
coin/internal/database/redis/item.go:67.16,69.3 1 0
coin/internal/database/redis/item.go:70.2,70.19 1 0
coin/internal/database/redis/item.go:73.57,77.6 3 0
coin/internal/database/redis/item.go:77.6,79.17 2 0
coin/internal/database/redis/item.go:79.17,81.4 1 0
coin/internal/database/redis/item.go:82.3,84.28 2 0
coin/internal/database/redis/item.go:84.28,86.18 2 0
coin/internal/database/redis/item.go:86.18,88.13 2 0
coin/internal/database/redis/item.go:91.4,92.18 2 0
coin/internal/database/redis/item.go:92.18,94.13 2 0
coin/internal/database/redis/item.go:97.4,98.23 2 0
coin/internal/database/redis/item.go:98.23,100.13 2 0
coin/internal/database/redis/item.go:103.4,107.31 2 0
coin/internal/database/redis/item.go:110.3,110.18 1 0
coin/internal/database/redis/item.go:110.18,111.9 1 0
coin/internal/database/redis/item.go:115.2,115.19 1 0
coin/internal/repository/coin_repository.go:14.92,19.2 1 0
coin/internal/repository/coin_repository.go:21.73,23.2 1 0
coin/internal/repository/coin_repository.go:25.72,27.2 1 0
coin/internal/repository/coin_repository.go:29.106,31.2 1 0
coin/internal/repository/coin_repository.go:33.74,35.16 2 0
coin/internal/repository/coin_repository.go:35.16,37.3 1 0
coin/internal/repository/coin_repository.go:38.2,38.56 1 0
coin/internal/repository/coin_repository.go:41.86,43.2 1 0
coin/internal/repository/coin_repository.go:45.60,47.2 1 0
coin/internal/repository/coin_repository.go:49.69,51.2 1 0
coin/internal/repository/mocks/coin.go:17.38,28.2 1 1
coin/internal/repository/mocks/coin.go:30.70,32.9 2 1
coin/internal/repository/mocks/coin.go:32.9,34.3 1 0
coin/internal/repository/mocks/coin.go:36.2,36.18 1 1
coin/internal/repository/mocks/coin.go:39.71,47.2 3 0
coin/internal/repository/mocks/coin.go:49.72,50.38 1 0
coin/internal/repository/mocks/coin.go:50.38,51.24 1 0
coin/internal/repository/mocks/coin.go:51.24,56.4 4 0
coin/internal/repository/mocks/coin.go:58.2,58.37 1 0
coin/internal/repository/mocks/coin.go:61.58,63.2 1 0
coin/internal/repository/mocks/coin.go:65.67,67.2 1 0
coin/internal/repository/mocks/coin.go:69.84,71.2 1 0
coin/internal/repository/mocks/coin.go:73.104,96.2 9 1
coin/service/coin.go:13.58,17.2 1 1
coin/service/coin.go:21.79,24.16 3 1
coin/service/coin.go:24.16,26.3 1 0
coin/service/coin.go:27.2,27.90 1 1
coin/service/coin.go:27.90,29.17 2 0
coin/service/coin.go:29.17,32.4 2 0
coin/service/coin.go:33.3,34.17 2 0
coin/service/coin.go:34.17,37.4 2 0
coin/service/coin.go:39.2,39.18 1 1
coin/service/coin.go:42.58,45.16 3 0
coin/service/coin.go:45.16,48.3 2 0
coin/service/coin.go:49.2,50.16 2 0
coin/service/coin.go:50.16,53.3 2 0
coin/service/coin.go:54.2,54.12 1 0
coin/service/coin.go:57.86,60.16 3 0
coin/service/coin.go:60.16,62.3 1 0
coin/service/coin.go:64.2,65.16 2 0
coin/service/coin.go:65.16,68.3 2 0
coin/service/coin.go:69.2,69.26 1 0
coin/service/coin.go:69.26,71.3 1 0
coin/service/coin.go:72.2,74.16 3 0
coin/service/coin.go:74.16,77.3 2 0
coin/service/coin.go:79.2,79.18 1 0
coin/service/coin.go:82.57,84.2 1 0
coin/service/coin.go:86.106,89.16 3 1
coin/service/coin.go:89.16,92.3 2 0
coin/service/coin.go:93.2,95.16 3 1
coin/service/coin.go:95.16,98.3 2 0
coin/service/coin.go:100.2,100.25 1 1
coin/service/coin.go:100.25,102.3 1 0
coin/service/coin.go:104.2,104.29 1 1
coin/service/coin.go:104.29,106.3 1 0
coin/service/coin.go:107.2,108.16 2 1
coin/service/coin.go:108.16,111.3 2 0
coin/service/coin.go:112.2,112.37 1 1
coin/service/coin.go:115.83,118.16 3 0
coin/service/coin.go:118.16,121.3 2 0
coin/service/coin.go:122.2,123.16 2 0
coin/service/coin.go:123.16,126.3 2 0
coin/service/coin.go:127.2,127.24 1 0
coin/cmd/app/main.go:21.13,28.16 6 0
coin/cmd/app/main.go:28.16,30.3 1 0
coin/cmd/app/main.go:32.2,36.16 4 0
coin/cmd/app/main.go:36.16,38.3 1 0
coin/cmd/app/main.go:40.2,53.48 11 0
coin/cmd/app/main.go:53.48,55.3 1 0
coin/cmd/app/config/config.go:36.28,42.2 3 0
coin/cmd/app/config/config.go:44.40,45.19 1 0
coin/cmd/app/config/config.go:45.19,47.3 1 0
coin/cmd/app/config/config.go:49.2,49.52 1 0
coin/cmd/app/config/config.go:49.52,51.3 1 0
coin/cmd/app/config/config.go:53.2,53.58 1 0
coin/cmd/app/config/config.go:53.58,55.3 1 0
coin/internal/api/http/coin.go:19.63,23.2 1 1
coin/internal/api/http/coin.go:25.44,28.51 3 0
coin/internal/api/http/coin.go:28.51,32.3 3 0
coin/internal/api/http/coin.go:34.2,35.16 2 0
coin/internal/api/http/coin.go:35.16,39.3 3 0
coin/internal/api/http/coin.go:41.2,42.16 2 0
coin/internal/api/http/coin.go:42.16,46.3 3 0
coin/internal/api/http/coin.go:48.2,50.46 2 0
coin/internal/api/http/coin.go:54.47,57.9 3 0
coin/internal/api/http/coin.go:57.9,60.3 2 0
coin/internal/api/http/coin.go:61.2,62.9 2 0
coin/internal/api/http/coin.go:62.9,66.3 3 0
coin/internal/api/http/coin.go:67.2,68.20 2 0
coin/internal/api/http/coin.go:68.20,71.3 2 0
coin/internal/api/http/coin.go:72.2,73.16 2 0
coin/internal/api/http/coin.go:73.16,74.46 1 0
coin/internal/api/http/coin.go:74.46,77.4 2 0
coin/internal/api/http/coin.go:78.3,78.47 1 0
coin/internal/api/http/coin.go:78.47,81.4 2 0
coin/internal/api/http/coin.go:82.3,84.9 3 0
coin/internal/api/http/coin.go:86.2,86.84 1 0
coin/internal/api/http/coin.go:89.48,92.16 3 0
coin/internal/api/http/coin.go:92.16,95.3 2 0
coin/internal/api/http/coin.go:96.2,96.30 1 0
coin/internal/api/http/coin.go:99.44,102.9 3 1
coin/internal/api/http/coin.go:102.9,105.3 2 0
coin/internal/api/http/coin.go:106.2,107.9 2 1
coin/internal/api/http/coin.go:107.9,111.3 3 0
coin/internal/api/http/coin.go:112.2,113.16 2 1
coin/internal/api/http/coin.go:113.16,117.3 3 0
coin/internal/api/http/coin.go:118.2,122.4 1 1
coin/internal/api/http/coin.go:125.48,131.47 3 0
coin/internal/api/http/coin.go:131.47,134.3 2 0
coin/internal/api/http/coin.go:135.2,135.21 1 0
coin/internal/api/http/coin.go:135.21,138.3 2 0
coin/internal/api/http/coin.go:140.2,141.9 2 0
coin/internal/api/http/coin.go:141.9,144.3 2 0
coin/internal/api/http/coin.go:145.2,146.9 2 0
coin/internal/api/http/coin.go:146.9,149.3 2 0
coin/internal/api/http/coin.go:151.2,151.37 1 0
coin/internal/api/http/coin.go:151.37,154.3 2 0
coin/internal/api/http/coin.go:156.2,157.16 2 0
coin/internal/api/http/coin.go:157.16,158.47 1 0
coin/internal/api/http/coin.go:158.47,161.4 2 0
coin/internal/api/http/coin.go:162.3,164.9 3 0
coin/internal/api/http/coin.go:166.2,171.4 2 0
coin/internal/api/http/coin.go:174.50,177.9 3 0
coin/internal/api/http/coin.go:177.9,181.3 3 0
coin/internal/api/http/coin.go:182.2,183.9 2 0
coin/internal/api/http/coin.go:183.9,186.3 2 0
coin/internal/api/http/coin.go:187.2,188.16 2 0
coin/internal/api/http/coin.go:188.16,192.3 3 0
coin/internal/api/http/coin.go:193.2,194.54 2 0
coin/internal/api/http/coin.go:198.57,200.34 2 0
coin/internal/api/http/coin.go:200.34,202.3 1 0
coin/internal/api/http/coin.go:203.2,204.2 2 0
coin/internal/api/http/coin.go:204.2,211.3 6 0
coin/internal/api/http/middleware/auth.go:10.37,12.23 2 1
coin/internal/api/http/middleware/auth.go:12.23,16.3 3 0
coin/internal/api/http/middleware/auth.go:17.2,19.16 3 1
coin/internal/api/http/middleware/auth.go:19.16,23.3 3 0
coin/internal/api/http/middleware/auth.go:25.2,26.10 2 1
coin/internal/auth/jwt/jwt.go:17.53,28.2 3 1
coin/internal/auth/jwt/jwt.go:30.59,34.43 1 1
coin/internal/auth/jwt/jwt.go:34.43,36.4 1 1
coin/internal/auth/jwt/jwt.go:39.2,39.16 1 1
coin/internal/auth/jwt/jwt.go:39.16,41.3 1 0
coin/internal/auth/jwt/jwt.go:43.2,44.25 2 1
coin/internal/auth/jwt/jwt.go:44.25,46.3 1 0
coin/internal/auth/jwt/jwt.go:48.2,48.50 1 1
coin/internal/auth/jwt/jwt.go:48.50,50.3 1 0
coin/internal/auth/jwt/jwt.go:52.2,52.20 1 1
coin/internal/database/postgres/coin.go:21.50,28.2 3 0
coin/internal/database/postgres/coin.go:30.60,40.16 5 0
coin/internal/database/postgres/coin.go:40.16,42.3 1 0
coin/internal/database/postgres/coin.go:44.2,48.16 2 0
coin/internal/database/postgres/coin.go:48.16,50.3 1 0
coin/internal/database/postgres/coin.go:52.2,61.16 2 0
coin/internal/database/postgres/coin.go:61.16,63.3 1 0
coin/internal/database/postgres/coin.go:65.2,65.14 1 0
coin/internal/database/postgres/coin.go:69.71,75.16 6 0
coin/internal/database/postgres/coin.go:75.16,77.3 1 0
coin/internal/database/postgres/coin.go:78.2,80.18 2 0
coin/internal/database/postgres/coin.go:80.18,81.93 1 0
coin/internal/database/postgres/coin.go:81.93,83.4 1 0
coin/internal/database/postgres/coin.go:84.3,84.43 1 0
coin/internal/database/postgres/coin.go:84.43,86.4 1 0
coin/internal/database/postgres/coin.go:88.2,88.15 1 0
coin/internal/database/postgres/coin.go:91.72,94.2 2 0
coin/internal/database/postgres/coin.go:96.84,99.16 3 0
coin/internal/database/postgres/coin.go:99.16,102.3 2 0
coin/internal/database/postgres/coin.go:104.2,107.16 2 0
coin/internal/database/postgres/coin.go:107.16,109.18 2 0
coin/internal/database/postgres/coin.go:109.18,111.4 1 0
coin/internal/database/postgres/coin.go:112.3,113.13 2 0
coin/internal/database/postgres/coin.go:115.2,121.16 3 0
coin/internal/database/postgres/coin.go:121.16,123.18 2 0
coin/internal/database/postgres/coin.go:123.18,125.4 1 0
coin/internal/database/postgres/coin.go:126.3,127.13 2 0
coin/internal/database/postgres/coin.go:129.2,130.16 2 0
coin/internal/database/postgres/coin.go:130.16,133.3 2 0
coin/internal/database/postgres/coin.go:134.2,134.12 1 0
coin/internal/database/postgres/coin.go:137.85,141.16 4 0
coin/internal/database/postgres/coin.go:141.16,143.3 1 0
coin/internal/database/postgres/coin.go:144.2,146.18 2 0
coin/internal/database/postgres/coin.go:146.18,149.17 3 0
coin/internal/database/postgres/coin.go:149.17,151.12 2 0
coin/internal/database/postgres/coin.go:153.3,153.37 1 0
coin/internal/database/postgres/coin.go:155.2,155.24 1 0
coin/internal/database/postgres/coin.go:158.105,161.16 3 0
coin/internal/database/postgres/coin.go:161.16,164.3 2 0
coin/internal/database/postgres/coin.go:166.2,169.16 2 0
coin/internal/database/postgres/coin.go:169.16,171.18 2 0
coin/internal/database/postgres/coin.go:171.18,173.4 1 0
coin/internal/database/postgres/coin.go:174.3,175.13 2 0
coin/internal/database/postgres/coin.go:178.2,181.16 2 0
coin/internal/database/postgres/coin.go:181.16,183.18 2 0
coin/internal/database/postgres/coin.go:183.18,185.4 1 0
coin/internal/database/postgres/coin.go:186.3,187.13 2 0
coin/internal/database/postgres/coin.go:189.2,192.16 3 0
coin/internal/database/postgres/coin.go:192.16,194.18 2 0
coin/internal/database/postgres/coin.go:194.18,196.4 1 0
coin/internal/database/postgres/coin.go:197.3,198.13 2 0
coin/internal/database/postgres/coin.go:201.2,202.16 2 0
coin/internal/database/postgres/coin.go:202.16,205.3 2 0
coin/internal/database/postgres/coin.go:206.2,206.12 1 0
coin/internal/database/postgres/init.go:10.54,13.65 3 0
coin/internal/database/postgres/init.go:13.65,15.3 1 0
coin/internal/database/postgres/init.go:16.2,16.12 1 0
coin/internal/database/postgres/init.go:16.12,18.3 1 0
coin/internal/database/postgres/init.go:18.8,21.17 3 0
coin/internal/database/postgres/init.go:21.17,23.4 1 0
coin/internal/database/postgres/init.go:24.3,24.63 1 0
coin/internal/database/postgres/init.go:28.33,36.16 3 0
coin/internal/database/postgres/init.go:36.16,38.3 1 0
coin/internal/database/postgres/init.go:40.2,45.16 2 0
coin/internal/database/postgres/init.go:45.16,47.3 1 0
coin/internal/database/postgres/init.go:49.2,56.16 2 0
coin/internal/database/postgres/init.go:56.16,58.3 1 0
coin/internal/database/postgres/init.go:60.2,66.16 2 0
coin/internal/database/postgres/init.go:66.16,68.3 1 0
coin/internal/database/postgres/init.go:70.2,75.16 2 0
coin/internal/database/postgres/init.go:75.16,77.3 1 0
coin/internal/database/postgres/init.go:79.2,83.16 2 0
coin/internal/database/postgres/init.go:83.16,85.3 1 0
coin/internal/database/postgres/init.go:87.2,87.41 1 0
coin/internal/database/redis/item.go:21.47,26.16 3 0
coin/internal/database/redis/item.go:26.16,28.3 1 0
coin/internal/database/redis/item.go:29.2,30.43 2 0
coin/internal/database/redis/item.go:30.43,32.3 1 0
coin/internal/database/redis/item.go:33.2,33.14 1 0
coin/internal/database/redis/item.go:36.43,40.16 4 0
coin/internal/database/redis/item.go:40.16,42.3 1 0
coin/internal/database/redis/item.go:43.2,45.21 3 0
coin/internal/database/redis/item.go:45.21,52.17 4 0
coin/internal/database/redis/item.go:52.17,54.12 2 0
coin/internal/database/redis/item.go:56.3,56.55 1 0
coin/internal/database/redis/item.go:58.2,58.12 1 0
coin/internal/database/redis/item.go:61.66,63.16 2 0
coin/internal/database/redis/item.go:63.16,65.3 1 0
coin/internal/database/redis/item.go:66.2,67.16 2 0
coin/internal/database/redis/item.go:67.16,69.3 1 0
coin/internal/database/redis/item.go:70.2,70.19 1 0
coin/internal/database/redis/item.go:73.57,77.6 3 0
coin/internal/database/redis/item.go:77.6,79.17 2 0
coin/internal/database/redis/item.go:79.17,81.4 1 0
coin/internal/database/redis/item.go:82.3,84.28 2 0
coin/internal/database/redis/item.go:84.28,86.18 2 0
coin/internal/database/redis/item.go:86.18,88.13 2 0
coin/internal/database/redis/item.go:91.4,92.18 2 0
coin/internal/database/redis/item.go:92.18,94.13 2 0
coin/internal/database/redis/item.go:97.4,98.23 2 0
coin/internal/database/redis/item.go:98.23,100.13 2 0
coin/internal/database/redis/item.go:103.4,107.31 2 0
coin/internal/database/redis/item.go:110.3,110.18 1 0
coin/internal/database/redis/item.go:110.18,111.9 1 0
coin/internal/database/redis/item.go:115.2,115.19 1 0
coin/internal/repository/coin_repository.go:14.92,19.2 1 0
coin/internal/repository/coin_repository.go:21.73,23.2 1 0
coin/internal/repository/coin_repository.go:25.72,27.2 1 0
coin/internal/repository/coin_repository.go:29.106,31.2 1 0
coin/internal/repository/coin_repository.go:33.74,35.16 2 0
coin/internal/repository/coin_repository.go:35.16,37.3 1 0
coin/internal/repository/coin_repository.go:38.2,38.56 1 0
coin/internal/repository/coin_repository.go:41.86,43.2 1 0
coin/internal/repository/coin_repository.go:45.60,47.2 1 0
coin/internal/repository/coin_repository.go:49.69,51.2 1 0
coin/internal/repository/mocks/coin.go:17.38,28.2 1 1
coin/internal/repository/mocks/coin.go:30.70,32.9 2 1
coin/internal/repository/mocks/coin.go:32.9,34.3 1 0
coin/internal/repository/mocks/coin.go:36.2,36.18 1 1
coin/internal/repository/mocks/coin.go:39.71,47.2 3 0
coin/internal/repository/mocks/coin.go:49.72,50.38 1 0
coin/internal/repository/mocks/coin.go:50.38,51.24 1 0
coin/internal/repository/mocks/coin.go:51.24,56.4 4 0
coin/internal/repository/mocks/coin.go:58.2,58.37 1 0
coin/internal/repository/mocks/coin.go:61.58,63.2 1 0
coin/internal/repository/mocks/coin.go:65.67,67.2 1 0
coin/internal/repository/mocks/coin.go:69.84,71.2 1 0
coin/internal/repository/mocks/coin.go:73.104,96.2 9 0
coin/service/coin.go:13.58,17.2 1 1
coin/service/coin.go:21.79,24.16 3 1
coin/service/coin.go:24.16,26.3 1 0
coin/service/coin.go:27.2,27.90 1 1
coin/service/coin.go:27.90,29.17 2 0
coin/service/coin.go:29.17,32.4 2 0
coin/service/coin.go:33.3,34.17 2 0
coin/service/coin.go:34.17,37.4 2 0
coin/service/coin.go:39.2,39.18 1 1
coin/service/coin.go:42.58,45.16 3 0
coin/service/coin.go:45.16,48.3 2 0
coin/service/coin.go:49.2,50.16 2 0
coin/service/coin.go:50.16,53.3 2 0
coin/service/coin.go:54.2,54.12 1 0
coin/service/coin.go:57.86,60.16 3 0
coin/service/coin.go:60.16,62.3 1 0
coin/service/coin.go:64.2,65.16 2 0
coin/service/coin.go:65.16,68.3 2 0
coin/service/coin.go:69.2,69.26 1 0
coin/service/coin.go:69.26,71.3 1 0
coin/service/coin.go:72.2,74.16 3 0
coin/service/coin.go:74.16,77.3 2 0
coin/service/coin.go:79.2,79.18 1 0
coin/service/coin.go:82.57,84.2 1 0
coin/service/coin.go:86.106,89.16 3 0
coin/service/coin.go:89.16,92.3 2 0
coin/service/coin.go:93.2,95.16 3 0
coin/service/coin.go:95.16,98.3 2 0
coin/service/coin.go:100.2,100.25 1 0
coin/service/coin.go:100.25,102.3 1 0
coin/service/coin.go:104.2,104.29 1 0
coin/service/coin.go:104.29,106.3 1 0
coin/service/coin.go:107.2,108.16 2 0
coin/service/coin.go:108.16,111.3 2 0
coin/service/coin.go:112.2,112.37 1 0
coin/service/coin.go:115.83,118.16 3 0
coin/service/coin.go:118.16,121.3 2 0
coin/service/coin.go:122.2,123.16 2 0
coin/service/coin.go:123.16,126.3 2 0
coin/service/coin.go:127.2,127.24 1 0
